TIPO DE LOG: INFO
METODO-HTTP: GET.
RUTA: /users.
MODULO: ROUTES.PY
APLICACION: USERS_API_REST
FECHA: 2023-11-21 02:26:23.367536
IP: 172.18.0.1
USUARIO AUTENTICADO: GUEST
TOKEN: NO TOKEN
ACCION: SE HA CONSULTADO LA LISTA DE USUARIOS.

TIPO DE LOG: INFO
METODO-HTTP: GET.
RUTA: /users.
MODULO: ROUTES.PY
APLICACION: USERS_API_REST
FECHA: 2023-11-21 02:26:23.392206
IP: 172.18.0.1
USUARIO AUTENTICADO: GUEST
TOKEN: NO TOKEN
ACCION: SE HA CONSULTADO LA LISTA DE USUARIOS.

TIPO DE LOG: INFO
METODO-HTTP: GET.
RUTA: /users.
MODULO: ROUTES.PY
APLICACION: USERS_API_REST
FECHA: 2023-11-21 02:26:23.411775
IP: 172.18.0.1
USUARIO AUTENTICADO: GUEST
TOKEN: NO TOKEN
ACCION: SE HA CONSULTADO LA LISTA DE USUARIOS.

TIPO DE LOG: AUTH
METODO-HTTP: POST.
RUTA: /users/register.
MODULO: ROUTES.PY
APLICACION: USERS_API_REST
FECHA: 2023-11-21 02:26:23.434595
IP: 172.18.0.1
USUARIO AUTENTICADO: USUARIO REGISTRADO: Juan Zambrano
TOKEN: NO TOKEN
ACCION: UN USUARIO SE HA REGISTRADO.

TIPO DE LOG: AUTH
METODO-HTTP: POST.
RUTA: /auth.
MODULO: ROUTES.PY
APLICACION: USERS_API_REST
FECHA: 2023-11-21 02:26:23.548101
IP: 172.18.0.1
USUARIO AUTENTICADO: [ID: 6] Juan Zambrano
TOKEN: eyJhbGciOiJIUzI1NiIsInR5cCI6IkpXVCJ9.eyJ1c2VyX2lkIjo2LCJleHAiOjE3MDA1MzUzODN9.uVf523IigJIwcqi9cL17VtpRjyFehDcIuupADu_wPjI
ACCION: UN USUARIO SE HA AUTENTICADO.

TIPO DE LOG: AUTH
METODO-HTTP: POST.
RUTA: /auth.
MODULO: ROUTES.PY
APLICACION: USERS_API_REST
FECHA: 2023-11-21 02:26:23.596361
IP: 172.18.0.1
USUARIO AUTENTICADO: [ID: 6] Alejandro Armanda
TOKEN: eyJhbGciOiJIUzI1NiIsInR5cCI6IkpXVCJ9.eyJ1c2VyX2lkIjo2LCJleHAiOjE3MDA1MzUzODN9.uVf523IigJIwcqi9cL17VtpRjyFehDcIuupADu_wPjI
ACCION: UN USUARIO SE HA AUTENTICADO.

TIPO DE LOG: AUTH
METODO-HTTP: POST.
RUTA: /auth.
MODULO: ROUTES.PY
APLICACION: USERS_API_REST
FECHA: 2023-11-21 02:26:23.638598
IP: 172.18.0.1
USUARIO AUTENTICADO: [ID: 6] Alejandro Armanda
TOKEN: eyJhbGciOiJIUzI1NiIsInR5cCI6IkpXVCJ9.eyJ1c2VyX2lkIjo2LCJleHAiOjE3MDA1MzUzODN9.uVf523IigJIwcqi9cL17VtpRjyFehDcIuupADu_wPjI
ACCION: UN USUARIO SE HA AUTENTICADO.

TIPO DE LOG: AUTH
METODO-HTTP: POST.
RUTA: /auth.
MODULO: ROUTES.PY
APLICACION: USERS_API_REST
FECHA: 2023-11-21 02:26:23.707875
IP: 172.18.0.1
USUARIO AUTENTICADO: [ID: 6] Alejandro Armanda
TOKEN: eyJhbGciOiJIUzI1NiIsInR5cCI6IkpXVCJ9.eyJ1c2VyX2lkIjo2LCJleHAiOjE3MDA1MzUzODN9.uVf523IigJIwcqi9cL17VtpRjyFehDcIuupADu_wPjI
ACCION: UN USUARIO SE HA AUTENTICADO.

TIPO DE LOG: cupidatat in eu laboris dolor
METODO-HTTP: ea eu eiusmod minim
RUTA: enim nostrud ullamco labore minim
MODULO: qui ex
APLICACION: officia do in proident
FECHA: 2023-10-03T00:00:00.0Z
IP: 172.18.0.1
USUARIO AUTENTICADO: anim exercitation et
TOKEN: incididunt nulla consectetur aute Duis
ACCION: dolor amet Lorem

TIPO DE LOG: AUTH
METODO-HTTP: POST.
RUTA: /auth.
MODULO: ROUTES.PY
APLICACION: USERS_API_REST
FECHA: 2023-11-21 02:26:27.128634
IP: 172.18.0.1
USUARIO AUTENTICADO: [ID: 1] Juan Pérez
TOKEN: eyJhbGciOiJIUzI1NiIsInR5cCI6IkpXVCJ9.eyJ1c2VyX2lkIjoxLCJleHAiOjE3MDA1MzUzODd9.Rpz-xbqzdr523YVyeXbQL9H8mx3Ve-4k5ic4YaFdERI
ACCION: UN USUARIO SE HA AUTENTICADO.

TIPO DE LOG: PROFILE
METODO-HTTP: PUT
RUTA: /profiles/:id
MODULO: PROFILECONTROLLER.JS
APLICACION: PROFILES_API_REST
FECHA: 2023-11-21 02:26:28.76
IP: 172.18.0.1
USUARIO AUTENTICADO: USUARIO CON ID: 1
TOKEN: eyJhbGciOiJIUzI1NiIsInR5cCI6IkpXVCJ9.eyJ1c2VyX2lkIjoxLCJleHAiOjE3MDA1MzUzODd9.Rpz-xbqzdr523YVyeXbQL9H8mx3Ve-4k5ic4YaFdERI
ACCION: PERFIL ACTUALIZADO.

TIPO DE LOG: AUTH
METODO-HTTP: POST.
RUTA: /auth.
MODULO: ROUTES.PY
APLICACION: USERS_API_REST
FECHA: 2023-11-21 03:35:11.261522
IP: 172.19.0.7
USUARIO AUTENTICADO: [ID: 1] Juan Pérez
TOKEN: eyJhbGciOiJIUzI1NiIsInR5cCI6IkpXVCJ9.eyJ1c2VyX2lkIjoxLCJleHAiOjE3MDA1Mzk1MTF9.-c5WyRBMk3GK8Y4G5xGZIiqUUS0D3J9pWghnp3b7it8
ACCION: UN USUARIO SE HA AUTENTICADO.

TIPO DE LOG: AUTH
METODO-HTTP: POST.
RUTA: /auth.
MODULO: ROUTES.PY
APLICACION: USERS_API_REST
FECHA: 2023-11-21 03:37:06.389489
IP: 172.19.0.7
USUARIO AUTENTICADO: [ID: 1] Juan Pérez
TOKEN: eyJhbGciOiJIUzI1NiIsInR5cCI6IkpXVCJ9.eyJ1c2VyX2lkIjoxLCJleHAiOjE3MDA1Mzk2MjZ9.BwIouKh2Wap9zqo6MS-UXY9qdhEN_rRP-Y24rdAVpUc
ACCION: UN USUARIO SE HA AUTENTICADO.

TIPO DE LOG: GATEWAY
METODO-HTTP: POST
RUTA: /auth
MODULO: API.PY
APLICACION: GATEWAY_API_REST
FECHA: 2023-11-21 03:37:06
IP: 172.19.0.1
USUARIO AUTENTICADO: USUARIO AUTENTICADO: juan@example.com
TOKEN: eyJhbGciOiJIUzI1NiIsInR5cCI6IkpXVCJ9.eyJ1c2VyX2lkIjoxLCJleHAiOjE3MDA1Mzk2MjZ9.BwIouKh2Wap9zqo6MS-UXY9qdhEN_rRP-Y24rdAVpUc
ACCION: UN USUARIO SE HA AUTENTICADO POR MEDIO DE LA API GATEWAY.

TIPO DE LOG: AUTH
METODO-HTTP: POST.
RUTA: /auth.
MODULO: ROUTES.PY
APLICACION: USERS_API_REST
FECHA: 2023-11-21 03:37:29.516786
IP: 172.19.0.1
USUARIO AUTENTICADO: [ID: 1] Juan Pérez
TOKEN: eyJhbGciOiJIUzI1NiIsInR5cCI6IkpXVCJ9.eyJ1c2VyX2lkIjoxLCJleHAiOjE3MDA1Mzk2NDl9.qt_-j3LWKbUkOVmfdpFurtRSgWF2WEgOhc4ux3jByzQ
ACCION: UN USUARIO SE HA AUTENTICADO.

TIPO DE LOG: AUTH
METODO-HTTP: POST.
RUTA: /auth.
MODULO: ROUTES.PY
APLICACION: USERS_API_REST
FECHA: 2023-11-21 03:39:01.460203
IP: 172.19.0.7
USUARIO AUTENTICADO: [ID: 1] Juan Pérez
TOKEN: eyJhbGciOiJIUzI1NiIsInR5cCI6IkpXVCJ9.eyJ1c2VyX2lkIjoxLCJleHAiOjE3MDA1Mzk3NDF9.pKG8le8IkLsJgKrIwpfdbDXrCjWiqL2zE7bZvD5Sl3w
ACCION: UN USUARIO SE HA AUTENTICADO.

TIPO DE LOG: GATEWAY
METODO-HTTP: POST
RUTA: /auth
MODULO: API.PY
APLICACION: GATEWAY_API_REST
FECHA: 2023-11-21 03:39:01
IP: 172.19.0.1
USUARIO AUTENTICADO: USUARIO AUTENTICADO: juan@example.com
TOKEN: eyJhbGciOiJIUzI1NiIsInR5cCI6IkpXVCJ9.eyJ1c2VyX2lkIjoxLCJleHAiOjE3MDA1Mzk3NDF9.pKG8le8IkLsJgKrIwpfdbDXrCjWiqL2zE7bZvD5Sl3w
ACCION: UN USUARIO SE HA AUTENTICADO POR MEDIO DE LA API GATEWAY.

TIPO DE LOG: AUTH
METODO-HTTP: POST.
RUTA: /auth.
MODULO: ROUTES.PY
APLICACION: USERS_API_REST
FECHA: 2023-11-21 03:41:55.780212
IP: 172.19.0.7
USUARIO AUTENTICADO: [ID: 1] Juan Pérez
TOKEN: eyJhbGciOiJIUzI1NiIsInR5cCI6IkpXVCJ9.eyJ1c2VyX2lkIjoxLCJleHAiOjE3MDA1Mzk5MTV9.OHVKT95GDCr7vKtfyY96q_2CB2kuUmau-iD91cKNzO8
ACCION: UN USUARIO SE HA AUTENTICADO.

TIPO DE LOG: AUTH
METODO-HTTP: POST.
RUTA: /auth.
MODULO: ROUTES.PY
APLICACION: USERS_API_REST
FECHA: 2023-11-21 03:44:47.897170
IP: 172.19.0.7
USUARIO AUTENTICADO: [ID: 1] Juan Pérez
TOKEN: eyJhbGciOiJIUzI1NiIsInR5cCI6IkpXVCJ9.eyJ1c2VyX2lkIjoxLCJleHAiOjE3MDA1NDAwODd9.0zcgqMlVIn2rKUdmN42ZNY9TodgNy-bQWxnbj9Tkde0
ACCION: UN USUARIO SE HA AUTENTICADO.

