TIPO DE LOG: PROFILE
METODO-HTTP: PUT
RUTA: /profiles/:id
MODULO: PROFILECONTROLLER.JS
APLICACION: PROFILES_API_REST
FECHA: 2023-11-09 16:56:34.906
IP: 172.19.0.1
USUARIO AUTENTICADO: PERFIL CREADO PARA EL USUARIO CON ID: 2
TOKEN: eyJhbGciOiJIUzI1NiIsInR5cCI6IkpXVCJ9.eyJ1c2VyX2lkIjoyLCJleHAiOjE2OTk1NDkyNDh9.0ODiPluhG7CiLujjXSIEqyg9I40r1IfXhKBISUmKaFA
ACCION: NUEVO PERFIL CREADO.

TIPO DE LOG: PROFILE
METODO-HTTP: PUT
RUTA: /profiles/:id
MODULO: PROFILECONTROLLER.JS
APLICACION: PROFILES_API_REST
FECHA: 2023-11-09 17:00:02.116
IP: 172.19.0.1
USUARIO AUTENTICADO: PERFIL CREADO PARA EL USUARIO CON ID: 2
TOKEN: eyJhbGciOiJIUzI1NiIsInR5cCI6IkpXVCJ9.eyJ1c2VyX2lkIjoyLCJleHAiOjE2OTk1NDkyNDh9.0ODiPluhG7CiLujjXSIEqyg9I40r1IfXhKBISUmKaFA
ACCION: NUEVO PERFIL CREADO.

