TIPO DE LOG: AUTH
METODO-HTTP: POST.
RUTA: /users/register.
MODULO: ROUTES.PY
APLICACION: USERS_API_REST
FECHA: 2023-11-16 02:23:03.009149
IP: 172.18.0.1
USUARIO AUTENTICADO: USUARIO REGISTRADO: Pedronel Suarez
TOKEN: NO TOKEN
ACCION: UN USUARIO SE HA REGISTRADO.

TIPO DE LOG: AUTH
METODO-HTTP: POST.
RUTA: /tokens.
MODULO: ROUTES.PY
APLICACION: USERS_API_REST
FECHA: 2023-11-16 03:03:21.692447
IP: 172.18.0.1
USUARIO AUTENTICADO: [ID: 16] Pedronel Suarez
TOKEN: eyJhbGciOiJIUzI1NiIsInR5cCI6IkpXVCJ9.eyJ1c2VyX2lkIjoxNiwiZXhwIjoxNzAwMTA1NjAxfQ.wbt0VCxl2DsdohdhiYgdfRhnXTqfGNSDVKI-se06-Oc
ACCION: UN USUARIO SE HA AUTENTICADO.

TIPO DE LOG: AUTH
METODO-HTTP: POST.
RUTA: /users/register.
MODULO: ROUTES.PY
APLICACION: USERS_API_REST
FECHA: 2023-11-16 03:03:37.201216
IP: 172.18.0.1
USUARIO AUTENTICADO: USUARIO REGISTRADO: Pedronel Suarez
TOKEN: NO TOKEN
ACCION: UN USUARIO SE HA REGISTRADO.

TIPO DE LOG: AUTH
METODO-HTTP: POST.
RUTA: /users/register.
MODULO: ROUTES.PY
APLICACION: USERS_API_REST
FECHA: 2023-11-16 14:34:16.049854
IP: 172.18.0.1
USUARIO AUTENTICADO: USUARIO REGISTRADO: Pedronel Suarez
TOKEN: NO TOKEN
ACCION: UN USUARIO SE HA REGISTRADO.

TIPO DE LOG: PROFILE
METODO-HTTP: PUT
RUTA: /profiles/:id
MODULO: PROFILECONTROLLER.JS
APLICACION: PROFILES_API_REST
FECHA: 2023-11-16 14:34:49.305
IP: 172.18.0.1
USUARIO AUTENTICADO: USUARIO CON ID: 16
TOKEN: eyJhbGciOiJIUzI1NiIsInR5cCI6IkpXVCJ9.eyJ1c2VyX2lkIjoxNiwiZXhwIjoxNzAwMTA1NjAxfQ.wbt0VCxl2DsdohdhiYgdfRhnXTqfGNSDVKI-se06-Oc
ACCION: PERFIL ACTUALIZADO.

