TIPO DE LOG: INFO
METODO-HTTP: GET.
RUTA: /users.
MODULO: ROUTES.PY
APLICACION: USERS_API_REST
FECHA: 2023-11-17 16:31:16.012078
IP: 172.20.0.1
USUARIO AUTENTICADO: GUEST
TOKEN: NO TOKEN
ACCION: SE HA CONSULTADO LA LISTA DE USUARIOS.

TIPO DE LOG: INFO
METODO-HTTP: GET.
RUTA: /users.
MODULO: ROUTES.PY
APLICACION: USERS_API_REST
FECHA: 2023-11-17 16:31:16.096344
IP: 172.20.0.1
USUARIO AUTENTICADO: GUEST
TOKEN: NO TOKEN
ACCION: SE HA CONSULTADO LA LISTA DE USUARIOS.

TIPO DE LOG: INFO
METODO-HTTP: GET.
RUTA: /users.
MODULO: ROUTES.PY
APLICACION: USERS_API_REST
FECHA: 2023-11-17 16:31:16.181183
IP: 172.20.0.1
USUARIO AUTENTICADO: GUEST
TOKEN: NO TOKEN
ACCION: SE HA CONSULTADO LA LISTA DE USUARIOS.

TIPO DE LOG: AUTH
METODO-HTTP: POST.
RUTA: /users/register.
MODULO: ROUTES.PY
APLICACION: USERS_API_REST
FECHA: 2023-11-17 16:31:16.271010
IP: 172.20.0.1
USUARIO AUTENTICADO: USUARIO REGISTRADO: Pedronel Suarez
TOKEN: NO TOKEN
ACCION: UN USUARIO SE HA REGISTRADO.

TIPO DE LOG: AUTH
METODO-HTTP: POST.
RUTA: /auth.
MODULO: ROUTES.PY
APLICACION: USERS_API_REST
FECHA: 2023-11-17 16:31:16.524804
IP: 172.20.0.1
USUARIO AUTENTICADO: [ID: 26] Pedronel Suarez
TOKEN: eyJhbGciOiJIUzI1NiIsInR5cCI6IkpXVCJ9.eyJ1c2VyX2lkIjoyNiwiZXhwIjoxNzAwMjQwNDc2fQ.X0sAyNycl0ipteFkxNePEH9hXbnGOyBjLOb9W7yPRw8
ACCION: UN USUARIO SE HA AUTENTICADO.

TIPO DE LOG: INFO
METODO-HTTP: POST.
RUTA: /logs.
MODULO: ROUTES.PY
APLICACION: LOGS_API_REST
FECHA: 2023-10-03 15:39:14.861564
IP: 172.18.0.1
USUARIO AUTENTICADO: GUEST
TOKEN: NO TOKEN
ACCION: SE HA CREADO UN NUEVO LOG DESDE LA API DE LOGS

TIPO DE LOG: INFO
METODO-HTTP: GET.
RUTA: /users.
MODULO: ROUTES.PY
APLICACION: USERS_API_REST
FECHA: 2023-11-17 16:32:09.086897
IP: 172.20.0.1
USUARIO AUTENTICADO: GUEST
TOKEN: NO TOKEN
ACCION: SE HA CONSULTADO LA LISTA DE USUARIOS.

TIPO DE LOG: INFO
METODO-HTTP: GET.
RUTA: /users.
MODULO: ROUTES.PY
APLICACION: USERS_API_REST
FECHA: 2023-11-17 16:32:09.153281
IP: 172.20.0.1
USUARIO AUTENTICADO: GUEST
TOKEN: NO TOKEN
ACCION: SE HA CONSULTADO LA LISTA DE USUARIOS.

TIPO DE LOG: INFO
METODO-HTTP: GET.
RUTA: /users.
MODULO: ROUTES.PY
APLICACION: USERS_API_REST
FECHA: 2023-11-17 16:32:09.244504
IP: 172.20.0.1
USUARIO AUTENTICADO: GUEST
TOKEN: NO TOKEN
ACCION: SE HA CONSULTADO LA LISTA DE USUARIOS.

TIPO DE LOG: AUTH
METODO-HTTP: POST.
RUTA: /users/register.
MODULO: ROUTES.PY
APLICACION: USERS_API_REST
FECHA: 2023-11-17 16:32:09.309873
IP: 172.20.0.1
USUARIO AUTENTICADO: USUARIO REGISTRADO: Pedronel Suarez
TOKEN: NO TOKEN
ACCION: UN USUARIO SE HA REGISTRADO.

TIPO DE LOG: AUTH
METODO-HTTP: POST.
RUTA: /auth.
MODULO: ROUTES.PY
APLICACION: USERS_API_REST
FECHA: 2023-11-17 16:32:09.558581
IP: 172.20.0.1
USUARIO AUTENTICADO: [ID: 27] Pedronel Suarez
TOKEN: eyJhbGciOiJIUzI1NiIsInR5cCI6IkpXVCJ9.eyJ1c2VyX2lkIjoyNywiZXhwIjoxNzAwMjQwNTI5fQ.3dTNHII2tB5iugfB-hDVfl6VUuZ45BGizJCMpGOqBYc
ACCION: UN USUARIO SE HA AUTENTICADO.

TIPO DE LOG: INFO
METODO-HTTP: POST.
RUTA: /logs.
MODULO: ROUTES.PY
APLICACION: LOGS_API_REST
FECHA: 2023-10-03 15:39:14.861564
IP: 172.18.0.1
USUARIO AUTENTICADO: GUEST
TOKEN: NO TOKEN
ACCION: SE HA CREADO UN NUEVO LOG DESDE LA API DE LOGS

TIPO DE LOG: AUTH
METODO-HTTP: POST.
RUTA: /auth.
MODULO: ROUTES.PY
APLICACION: USERS_API_REST
FECHA: 2023-11-17 16:32:31.327827
IP: 172.20.0.1
USUARIO AUTENTICADO: [ID: 2] María López
TOKEN: eyJhbGciOiJIUzI1NiIsInR5cCI6IkpXVCJ9.eyJ1c2VyX2lkIjoyLCJleHAiOjE3MDAyNDA1NTF9.jMwhhHtwD6MGvhuGXNHY5aopK4XpN7rJyLrpZ9xgBU8
ACCION: UN USUARIO SE HA AUTENTICADO.

TIPO DE LOG: INFO
METODO-HTTP: GET.
RUTA: /users.
MODULO: ROUTES.PY
APLICACION: USERS_API_REST
FECHA: 2023-11-17 16:32:35.857320
IP: 172.20.0.1
USUARIO AUTENTICADO: GUEST
TOKEN: NO TOKEN
ACCION: SE HA CONSULTADO LA LISTA DE USUARIOS.

TIPO DE LOG: INFO
METODO-HTTP: GET.
RUTA: /users.
MODULO: ROUTES.PY
APLICACION: USERS_API_REST
FECHA: 2023-11-17 16:32:35.951188
IP: 172.20.0.1
USUARIO AUTENTICADO: GUEST
TOKEN: NO TOKEN
ACCION: SE HA CONSULTADO LA LISTA DE USUARIOS.

TIPO DE LOG: INFO
METODO-HTTP: GET.
RUTA: /users.
MODULO: ROUTES.PY
APLICACION: USERS_API_REST
FECHA: 2023-11-17 16:32:36.042547
IP: 172.20.0.1
USUARIO AUTENTICADO: GUEST
TOKEN: NO TOKEN
ACCION: SE HA CONSULTADO LA LISTA DE USUARIOS.

TIPO DE LOG: AUTH
METODO-HTTP: POST.
RUTA: /users/register.
MODULO: ROUTES.PY
APLICACION: USERS_API_REST
FECHA: 2023-11-17 16:32:36.194992
IP: 172.20.0.1
USUARIO AUTENTICADO: USUARIO REGISTRADO: Pedronel Suarez
TOKEN: NO TOKEN
ACCION: UN USUARIO SE HA REGISTRADO.

TIPO DE LOG: AUTH
METODO-HTTP: POST.
RUTA: /auth.
MODULO: ROUTES.PY
APLICACION: USERS_API_REST
FECHA: 2023-11-17 16:32:36.481095
IP: 172.20.0.1
USUARIO AUTENTICADO: [ID: 28] Pedronel Suarez
TOKEN: eyJhbGciOiJIUzI1NiIsInR5cCI6IkpXVCJ9.eyJ1c2VyX2lkIjoyOCwiZXhwIjoxNzAwMjQwNTU2fQ.QSpZM_JkUDuYoV9HlBNGU_JbxG2favzh8MvAeBN4XJ8
ACCION: UN USUARIO SE HA AUTENTICADO.

TIPO DE LOG: INFO
METODO-HTTP: POST.
RUTA: /logs.
MODULO: ROUTES.PY
APLICACION: LOGS_API_REST
FECHA: 2023-10-03 15:39:14.861564
IP: 172.18.0.1
USUARIO AUTENTICADO: GUEST
TOKEN: NO TOKEN
ACCION: SE HA CREADO UN NUEVO LOG DESDE LA API DE LOGS

TIPO DE LOG: AUTH
METODO-HTTP: POST.
RUTA: /auth.
MODULO: ROUTES.PY
APLICACION: USERS_API_REST
FECHA: 2023-11-17 16:32:38.169760
IP: 172.20.0.1
USUARIO AUTENTICADO: [ID: 2] María López
TOKEN: eyJhbGciOiJIUzI1NiIsInR5cCI6IkpXVCJ9.eyJ1c2VyX2lkIjoyLCJleHAiOjE3MDAyNDA1NTh9.1JX1K4QXEQbH6zRKW9sEQ2K8H-DvO2-tlnFLe10M_Dg
ACCION: UN USUARIO SE HA AUTENTICADO.

TIPO DE LOG: PROFILE
METODO-HTTP: POST
RUTA: /profiles
MODULO: PROFILECONTROLLER.JS
APLICACION: PROFILES_API_REST
FECHA: 2023-11-17 16:32:39.161
IP: 172.20.0.1
USUARIO AUTENTICADO: USUARIO CON ID: 100
TOKEN: NO TOKEN
ACCION: NUEVO PERFIL CREADO.

TIPO DE LOG: PROFILE
METODO-HTTP: PUT
RUTA: /profiles/:id
MODULO: PROFILECONTROLLER.JS
APLICACION: PROFILES_API_REST
FECHA: 2023-11-17 16:33:28.730
IP: 172.20.0.1
USUARIO AUTENTICADO: USUARIO CON ID: 2
TOKEN: eyJhbGciOiJIUzI1NiIsInR5cCI6IkpXVCJ9.eyJ1c2VyX2lkIjoyLCJleHAiOjE3MDAyNDA1NTh9.1JX1K4QXEQbH6zRKW9sEQ2K8H-DvO2-tlnFLe10M_Dg
ACCION: PERFIL ACTUALIZADO.

TIPO DE LOG: INFO
METODO-HTTP: GET.
RUTA: /users.
MODULO: ROUTES.PY
APLICACION: USERS_API_REST
FECHA: 2023-11-17 16:33:35.316211
IP: 172.20.0.1
USUARIO AUTENTICADO: GUEST
TOKEN: NO TOKEN
ACCION: SE HA CONSULTADO LA LISTA DE USUARIOS.

TIPO DE LOG: INFO
METODO-HTTP: GET.
RUTA: /users.
MODULO: ROUTES.PY
APLICACION: USERS_API_REST
FECHA: 2023-11-17 16:33:35.413133
IP: 172.20.0.1
USUARIO AUTENTICADO: GUEST
TOKEN: NO TOKEN
ACCION: SE HA CONSULTADO LA LISTA DE USUARIOS.

TIPO DE LOG: INFO
METODO-HTTP: GET.
RUTA: /users.
MODULO: ROUTES.PY
APLICACION: USERS_API_REST
FECHA: 2023-11-17 16:33:35.476154
IP: 172.20.0.1
USUARIO AUTENTICADO: GUEST
TOKEN: NO TOKEN
ACCION: SE HA CONSULTADO LA LISTA DE USUARIOS.

TIPO DE LOG: AUTH
METODO-HTTP: POST.
RUTA: /users/register.
MODULO: ROUTES.PY
APLICACION: USERS_API_REST
FECHA: 2023-11-17 16:33:35.557073
IP: 172.20.0.1
USUARIO AUTENTICADO: USUARIO REGISTRADO: Pedronel Suarez
TOKEN: NO TOKEN
ACCION: UN USUARIO SE HA REGISTRADO.

TIPO DE LOG: AUTH
METODO-HTTP: POST.
RUTA: /auth.
MODULO: ROUTES.PY
APLICACION: USERS_API_REST
FECHA: 2023-11-17 16:33:35.907280
IP: 172.20.0.1
USUARIO AUTENTICADO: [ID: 29] Pedronel Suarez
TOKEN: eyJhbGciOiJIUzI1NiIsInR5cCI6IkpXVCJ9.eyJ1c2VyX2lkIjoyOSwiZXhwIjoxNzAwMjQwNjE1fQ.wX3QNfpQg75-TIwj-4Aav4BLrjBwF_Vukgcd2HqZ6fw
ACCION: UN USUARIO SE HA AUTENTICADO.

TIPO DE LOG: INFO
METODO-HTTP: POST.
RUTA: /logs.
MODULO: ROUTES.PY
APLICACION: LOGS_API_REST
FECHA: 2023-10-03 15:39:14.861564
IP: 172.18.0.1
USUARIO AUTENTICADO: GUEST
TOKEN: NO TOKEN
ACCION: SE HA CREADO UN NUEVO LOG DESDE LA API DE LOGS

TIPO DE LOG: AUTH
METODO-HTTP: POST.
RUTA: /auth.
MODULO: ROUTES.PY
APLICACION: USERS_API_REST
FECHA: 2023-11-17 16:33:37.609167
IP: 172.20.0.1
USUARIO AUTENTICADO: [ID: 2] María López
TOKEN: eyJhbGciOiJIUzI1NiIsInR5cCI6IkpXVCJ9.eyJ1c2VyX2lkIjoyLCJleHAiOjE3MDAyNDA2MTd9.e23-UcUdYFYYokgykNt6fHrNoYZ8fizyjeJJr6p-NUg
ACCION: UN USUARIO SE HA AUTENTICADO.

TIPO DE LOG: PROFILE
METODO-HTTP: PUT
RUTA: /profiles/:id
MODULO: PROFILECONTROLLER.JS
APLICACION: PROFILES_API_REST
FECHA: 2023-11-17 16:33:37.894
IP: 172.20.0.1
USUARIO AUTENTICADO: USUARIO CON ID: 2
TOKEN: eyJhbGciOiJIUzI1NiIsInR5cCI6IkpXVCJ9.eyJ1c2VyX2lkIjoyLCJleHAiOjE3MDAyNDA2MTd9.e23-UcUdYFYYokgykNt6fHrNoYZ8fizyjeJJr6p-NUg
ACCION: PERFIL ACTUALIZADO.

TIPO DE LOG: INFO
METODO-HTTP: GET.
RUTA: /users.
MODULO: ROUTES.PY
APLICACION: USERS_API_REST
FECHA: 2023-11-17 16:34:04.082954
IP: 172.20.0.1
USUARIO AUTENTICADO: GUEST
TOKEN: NO TOKEN
ACCION: SE HA CONSULTADO LA LISTA DE USUARIOS.

TIPO DE LOG: INFO
METODO-HTTP: GET.
RUTA: /users.
MODULO: ROUTES.PY
APLICACION: USERS_API_REST
FECHA: 2023-11-17 16:34:04.160322
IP: 172.20.0.1
USUARIO AUTENTICADO: GUEST
TOKEN: NO TOKEN
ACCION: SE HA CONSULTADO LA LISTA DE USUARIOS.

TIPO DE LOG: INFO
METODO-HTTP: GET.
RUTA: /users.
MODULO: ROUTES.PY
APLICACION: USERS_API_REST
FECHA: 2023-11-17 16:34:04.239322
IP: 172.20.0.1
USUARIO AUTENTICADO: GUEST
TOKEN: NO TOKEN
ACCION: SE HA CONSULTADO LA LISTA DE USUARIOS.

TIPO DE LOG: AUTH
METODO-HTTP: POST.
RUTA: /users/register.
MODULO: ROUTES.PY
APLICACION: USERS_API_REST
FECHA: 2023-11-17 16:34:04.369986
IP: 172.20.0.1
USUARIO AUTENTICADO: USUARIO REGISTRADO: Pedronel Suarez
TOKEN: NO TOKEN
ACCION: UN USUARIO SE HA REGISTRADO.

TIPO DE LOG: AUTH
METODO-HTTP: POST.
RUTA: /auth.
MODULO: ROUTES.PY
APLICACION: USERS_API_REST
FECHA: 2023-11-17 16:34:04.612911
IP: 172.20.0.1
USUARIO AUTENTICADO: [ID: 30] Pedronel Suarez
TOKEN: eyJhbGciOiJIUzI1NiIsInR5cCI6IkpXVCJ9.eyJ1c2VyX2lkIjozMCwiZXhwIjoxNzAwMjQwNjQ0fQ.z_vGayL1k9MblMMF9l499GwmAb2i0v2ZdxK5X28P3Jk
ACCION: UN USUARIO SE HA AUTENTICADO.

TIPO DE LOG: INFO
METODO-HTTP: POST.
RUTA: /logs.
MODULO: ROUTES.PY
APLICACION: LOGS_API_REST
FECHA: 2023-10-03 15:39:14.861564
IP: 172.18.0.1
USUARIO AUTENTICADO: GUEST
TOKEN: NO TOKEN
ACCION: SE HA CREADO UN NUEVO LOG DESDE LA API DE LOGS

TIPO DE LOG: AUTH
METODO-HTTP: POST.
RUTA: /auth.
MODULO: ROUTES.PY
APLICACION: USERS_API_REST
FECHA: 2023-11-17 16:34:06.306989
IP: 172.20.0.1
USUARIO AUTENTICADO: [ID: 2] María López
TOKEN: eyJhbGciOiJIUzI1NiIsInR5cCI6IkpXVCJ9.eyJ1c2VyX2lkIjoyLCJleHAiOjE3MDAyNDA2NDZ9.JGQUYrsu4DATl1-reSQ9-kY8ZeHwg5q7osJE1gmLGPs
ACCION: UN USUARIO SE HA AUTENTICADO.

TIPO DE LOG: PROFILE
METODO-HTTP: PUT
RUTA: /profiles/:id
MODULO: PROFILECONTROLLER.JS
APLICACION: PROFILES_API_REST
FECHA: 2023-11-17 16:34:06.672
IP: 172.20.0.1
USUARIO AUTENTICADO: USUARIO CON ID: 2
TOKEN: eyJhbGciOiJIUzI1NiIsInR5cCI6IkpXVCJ9.eyJ1c2VyX2lkIjoyLCJleHAiOjE3MDAyNDA2NDZ9.JGQUYrsu4DATl1-reSQ9-kY8ZeHwg5q7osJE1gmLGPs
ACCION: PERFIL ACTUALIZADO.

TIPO DE LOG: PROFILE
METODO-HTTP: POST
RUTA: /profiles
MODULO: PROFILECONTROLLER.JS
APLICACION: PROFILES_API_REST
FECHA: 2023-11-17 16:34:06.748
IP: 172.20.0.1
USUARIO AUTENTICADO: USUARIO CON ID: 24
TOKEN: NO TOKEN
ACCION: NUEVO PERFIL CREADO.

TIPO DE LOG: AUTH
METODO-HTTP: POST.
RUTA: /users/register.
MODULO: ROUTES.PY
APLICACION: USERS_API_REST
FECHA: 2023-11-17 16:46:11.730428
IP: 172.18.0.7
USUARIO AUTENTICADO: USUARIO REGISTRADO: Pedronel Suarez
TOKEN: NO TOKEN
ACCION: UN USUARIO SE HA REGISTRADO.

TIPO DE LOG: INFO
METODO-HTTP: GET.
RUTA: /users.
MODULO: ROUTES.PY
APLICACION: USERS_API_REST
FECHA: 2023-11-17 16:46:48.392994
IP: 172.18.0.1
USUARIO AUTENTICADO: GUEST
TOKEN: NO TOKEN
ACCION: SE HA CONSULTADO LA LISTA DE USUARIOS.

TIPO DE LOG: AUTH
METODO-HTTP: POST.
RUTA: /users/register.
MODULO: ROUTES.PY
APLICACION: USERS_API_REST
FECHA: 2023-11-17 16:54:49.856868
IP: 172.19.0.7
USUARIO AUTENTICADO: USUARIO REGISTRADO: Pedronel Suarez
TOKEN: NO TOKEN
ACCION: UN USUARIO SE HA REGISTRADO.

TIPO DE LOG: AUTH
METODO-HTTP: POST.
RUTA: /auth.
MODULO: ROUTES.PY
APLICACION: USERS_API_REST
FECHA: 2023-11-17 17:19:25.035651
IP: 172.19.0.1
USUARIO AUTENTICADO: [ID: 16] Pedronel Suarez
TOKEN: eyJhbGciOiJIUzI1NiIsInR5cCI6IkpXVCJ9.eyJ1c2VyX2lkIjoxNiwiZXhwIjoxNzAwMjQzMzY1fQ.FSbHGpt33D6GVsWqu4ONCoXmzvxscJB-UAKpKP66jFI
ACCION: UN USUARIO SE HA AUTENTICADO.

TIPO DE LOG: AUTH
METODO-HTTP: POST.
RUTA: /auth.
MODULO: ROUTES.PY
APLICACION: USERS_API_REST
FECHA: 2023-11-17 17:19:44.727617
IP: 172.19.0.6
USUARIO AUTENTICADO: [ID: 16] Pedronel Suarez
TOKEN: eyJhbGciOiJIUzI1NiIsInR5cCI6IkpXVCJ9.eyJ1c2VyX2lkIjoxNiwiZXhwIjoxNzAwMjQzMzg0fQ.u_c0lP_-LYkHOYJjS7JKLhzM6gLY8qKGjkJdYKwR994
ACCION: UN USUARIO SE HA AUTENTICADO.

TIPO DE LOG: AUTH
METODO-HTTP: POST.
RUTA: /auth.
MODULO: ROUTES.PY
APLICACION: USERS_API_REST
FECHA: 2023-11-17 17:21:07.915404
IP: 172.19.0.6
USUARIO AUTENTICADO: [ID: 16] Pedronel Suarez
TOKEN: eyJhbGciOiJIUzI1NiIsInR5cCI6IkpXVCJ9.eyJ1c2VyX2lkIjoxNiwiZXhwIjoxNzAwMjQzNDY3fQ.GNuUofRYnOsfTB6Iv-dlgstt-uWgRnLzo69LAFcVpoc
ACCION: UN USUARIO SE HA AUTENTICADO.

TIPO DE LOG: AUTH
METODO-HTTP: POST.
RUTA: /users/register.
MODULO: ROUTES.PY
APLICACION: USERS_API_REST
FECHA: 2023-11-17 17:21:58.037291
IP: 172.19.0.6
USUARIO AUTENTICADO: USUARIO REGISTRADO: Pedronel Suarez
TOKEN: NO TOKEN
ACCION: UN USUARIO SE HA REGISTRADO.

TIPO DE LOG: INFO
METODO-HTTP: GET.
RUTA: /users.
MODULO: ROUTES.PY
APLICACION: USERS_API_REST
FECHA: 2023-11-17 17:23:27.722388
IP: 172.19.0.1
USUARIO AUTENTICADO: GUEST
TOKEN: NO TOKEN
ACCION: SE HA CONSULTADO LA LISTA DE USUARIOS.

TIPO DE LOG: INFO
METODO-HTTP: GET.
RUTA: /users.
MODULO: ROUTES.PY
APLICACION: USERS_API_REST
FECHA: 2023-11-17 17:23:27.803227
IP: 172.19.0.1
USUARIO AUTENTICADO: GUEST
TOKEN: NO TOKEN
ACCION: SE HA CONSULTADO LA LISTA DE USUARIOS.

TIPO DE LOG: INFO
METODO-HTTP: GET.
RUTA: /users.
MODULO: ROUTES.PY
APLICACION: USERS_API_REST
FECHA: 2023-11-17 17:23:27.879603
IP: 172.19.0.1
USUARIO AUTENTICADO: GUEST
TOKEN: NO TOKEN
ACCION: SE HA CONSULTADO LA LISTA DE USUARIOS.

TIPO DE LOG: AUTH
METODO-HTTP: POST.
RUTA: /auth.
MODULO: ROUTES.PY
APLICACION: USERS_API_REST
FECHA: 2023-11-17 17:23:28.243489
IP: 172.19.0.1
USUARIO AUTENTICADO: [ID: 28] Pedronel Suarez
TOKEN: eyJhbGciOiJIUzI1NiIsInR5cCI6IkpXVCJ9.eyJ1c2VyX2lkIjoyOCwiZXhwIjoxNzAwMjQzNjA4fQ.h8SRWjCQFTtm-7WlfuTF2lueMw9gwgBBziSENGy8Nho
ACCION: UN USUARIO SE HA AUTENTICADO.

TIPO DE LOG: INFO
METODO-HTTP: POST.
RUTA: /logs.
MODULO: ROUTES.PY
APLICACION: LOGS_API_REST
FECHA: 2023-10-03 15:39:14.861564
IP: 172.18.0.1
USUARIO AUTENTICADO: GUEST
TOKEN: NO TOKEN
ACCION: SE HA CREADO UN NUEVO LOG DESDE LA API DE LOGS

TIPO DE LOG: AUTH
METODO-HTTP: POST.
RUTA: /auth.
MODULO: ROUTES.PY
APLICACION: USERS_API_REST
FECHA: 2023-11-17 17:23:30.203242
IP: 172.19.0.1
USUARIO AUTENTICADO: [ID: 2] María López
TOKEN: eyJhbGciOiJIUzI1NiIsInR5cCI6IkpXVCJ9.eyJ1c2VyX2lkIjoyLCJleHAiOjE3MDAyNDM2MTB9.Xm3JNkRMqAIkQVySpJfxnW_03Q4RxrW5PP5x9QEV-EM
ACCION: UN USUARIO SE HA AUTENTICADO.

TIPO DE LOG: PROFILE
METODO-HTTP: PUT
RUTA: /profiles/:id
MODULO: PROFILECONTROLLER.JS
APLICACION: PROFILES_API_REST
FECHA: 2023-11-17 17:23:31.226
IP: 172.19.0.1
USUARIO AUTENTICADO: USUARIO CON ID: 2
TOKEN: eyJhbGciOiJIUzI1NiIsInR5cCI6IkpXVCJ9.eyJ1c2VyX2lkIjoyLCJleHAiOjE3MDAyNDM2MTB9.Xm3JNkRMqAIkQVySpJfxnW_03Q4RxrW5PP5x9QEV-EM
ACCION: PERFIL ACTUALIZADO.

TIPO DE LOG: PROFILE
METODO-HTTP: POST
RUTA: /profiles
MODULO: PROFILECONTROLLER.JS
APLICACION: PROFILES_API_REST
FECHA: 2023-11-17 17:23:31.276
IP: 172.19.0.1
USUARIO AUTENTICADO: USUARIO CON ID: 24
TOKEN: NO TOKEN
ACCION: NUEVO PERFIL CREADO.

TIPO DE LOG: AUTH
METODO-HTTP: POST.
RUTA: /users/register.
MODULO: ROUTES.PY
APLICACION: USERS_API_REST
FECHA: 2023-11-17 17:23:31.720544
IP: 172.19.0.6
USUARIO AUTENTICADO: USUARIO REGISTRADO: Pedronel Suarez
TOKEN: NO TOKEN
ACCION: UN USUARIO SE HA REGISTRADO.

TIPO DE LOG: INFO
METODO-HTTP: GET.
RUTA: /users.
MODULO: ROUTES.PY
APLICACION: USERS_API_REST
FECHA: 2023-11-17 17:25:52.805924
IP: 172.19.0.1
USUARIO AUTENTICADO: GUEST
TOKEN: NO TOKEN
ACCION: SE HA CONSULTADO LA LISTA DE USUARIOS.

TIPO DE LOG: AUTH
METODO-HTTP: POST.
RUTA: /users/register.
MODULO: ROUTES.PY
APLICACION: USERS_API_REST
FECHA: 2023-11-17 17:26:19.351126
IP: 172.19.0.1
USUARIO AUTENTICADO: USUARIO REGISTRADO: Pedronel Suarez
TOKEN: NO TOKEN
ACCION: UN USUARIO SE HA REGISTRADO.

TIPO DE LOG: AUTH
METODO-HTTP: POST.
RUTA: /auth.
MODULO: ROUTES.PY
APLICACION: USERS_API_REST
FECHA: 2023-11-17 17:26:33.260963
IP: 172.19.0.1
USUARIO AUTENTICADO: [ID: 34] Pedronel Suarez
TOKEN: eyJhbGciOiJIUzI1NiIsInR5cCI6IkpXVCJ9.eyJ1c2VyX2lkIjozNCwiZXhwIjoxNzAwMjQzNzkzfQ.9_MQEmrB0uPs12fsJJVtDjYNlZFoQndpVEG7GEmQ_wI
ACCION: UN USUARIO SE HA AUTENTICADO.

TIPO DE LOG: INFO
METODO-HTTP: GET.
RUTA: /users.
MODULO: ROUTES.PY
APLICACION: USERS_API_REST
FECHA: 2023-11-17 17:29:04.476974
IP: 172.19.0.1
USUARIO AUTENTICADO: GUEST
TOKEN: NO TOKEN
ACCION: SE HA CONSULTADO LA LISTA DE USUARIOS.

TIPO DE LOG: INFO
METODO-HTTP: GET.
RUTA: /users.
MODULO: ROUTES.PY
APLICACION: USERS_API_REST
FECHA: 2023-11-17 17:29:04.554553
IP: 172.19.0.1
USUARIO AUTENTICADO: GUEST
TOKEN: NO TOKEN
ACCION: SE HA CONSULTADO LA LISTA DE USUARIOS.

TIPO DE LOG: INFO
METODO-HTTP: GET.
RUTA: /users.
MODULO: ROUTES.PY
APLICACION: USERS_API_REST
FECHA: 2023-11-17 17:29:04.616582
IP: 172.19.0.1
USUARIO AUTENTICADO: GUEST
TOKEN: NO TOKEN
ACCION: SE HA CONSULTADO LA LISTA DE USUARIOS.

TIPO DE LOG: AUTH
METODO-HTTP: POST.
RUTA: /users/register.
MODULO: ROUTES.PY
APLICACION: USERS_API_REST
FECHA: 2023-11-17 17:29:04.682382
IP: 172.19.0.1
USUARIO AUTENTICADO: USUARIO REGISTRADO: Pedronel Suarez
TOKEN: NO TOKEN
ACCION: UN USUARIO SE HA REGISTRADO.

TIPO DE LOG: AUTH
METODO-HTTP: POST.
RUTA: /auth.
MODULO: ROUTES.PY
APLICACION: USERS_API_REST
FECHA: 2023-11-17 17:29:04.885465
IP: 172.19.0.1
USUARIO AUTENTICADO: [ID: 37] Pedronel Suarez
TOKEN: eyJhbGciOiJIUzI1NiIsInR5cCI6IkpXVCJ9.eyJ1c2VyX2lkIjozNywiZXhwIjoxNzAwMjQzOTQ0fQ.Qf-WoBH0xhiGcqOOCv0wWqvkd_7Gs6RFAFsrb5Xu5P4
ACCION: UN USUARIO SE HA AUTENTICADO.

TIPO DE LOG: INFO
METODO-HTTP: POST.
RUTA: /logs.
MODULO: ROUTES.PY
APLICACION: LOGS_API_REST
FECHA: 2023-10-03 15:39:14.861564
IP: 172.18.0.1
USUARIO AUTENTICADO: GUEST
TOKEN: NO TOKEN
ACCION: SE HA CREADO UN NUEVO LOG DESDE LA API DE LOGS

TIPO DE LOG: AUTH
METODO-HTTP: POST.
RUTA: /users/register.
MODULO: ROUTES.PY
APLICACION: USERS_API_REST
FECHA: 2023-11-17 17:29:07.827920
IP: 172.19.0.6
USUARIO AUTENTICADO: USUARIO REGISTRADO: Pedronel Suarez
TOKEN: NO TOKEN
ACCION: UN USUARIO SE HA REGISTRADO.

TIPO DE LOG: INFO
METODO-HTTP: GET.
RUTA: /users.
MODULO: ROUTES.PY
APLICACION: USERS_API_REST
FECHA: 2023-11-17 17:29:38.497713
IP: 172.19.0.1
USUARIO AUTENTICADO: GUEST
TOKEN: NO TOKEN
ACCION: SE HA CONSULTADO LA LISTA DE USUARIOS.

TIPO DE LOG: INFO
METODO-HTTP: GET.
RUTA: /users.
MODULO: ROUTES.PY
APLICACION: USERS_API_REST
FECHA: 2023-11-17 17:33:21.372272
IP: 172.19.0.1
USUARIO AUTENTICADO: GUEST
TOKEN: NO TOKEN
ACCION: SE HA CONSULTADO LA LISTA DE USUARIOS.

TIPO DE LOG: INFO
METODO-HTTP: GET.
RUTA: /users.
MODULO: ROUTES.PY
APLICACION: USERS_API_REST
FECHA: 2023-11-17 17:33:21.466694
IP: 172.19.0.1
USUARIO AUTENTICADO: GUEST
TOKEN: NO TOKEN
ACCION: SE HA CONSULTADO LA LISTA DE USUARIOS.

TIPO DE LOG: INFO
METODO-HTTP: GET.
RUTA: /users.
MODULO: ROUTES.PY
APLICACION: USERS_API_REST
FECHA: 2023-11-17 17:33:21.543863
IP: 172.19.0.1
USUARIO AUTENTICADO: GUEST
TOKEN: NO TOKEN
ACCION: SE HA CONSULTADO LA LISTA DE USUARIOS.

TIPO DE LOG: AUTH
METODO-HTTP: POST.
RUTA: /auth.
MODULO: ROUTES.PY
APLICACION: USERS_API_REST
FECHA: 2023-11-17 17:33:21.604456
IP: 172.19.0.1
USUARIO AUTENTICADO: [ID: 38] Pedronel Suarez
TOKEN: eyJhbGciOiJIUzI1NiIsInR5cCI6IkpXVCJ9.eyJ1c2VyX2lkIjozOCwiZXhwIjoxNzAwMjQ0MjAxfQ.GgPJfGHaYL1APJDRT6g0Da9ttc7VZBBGR4AQJhqwSfg
ACCION: UN USUARIO SE HA AUTENTICADO.

TIPO DE LOG: INFO
METODO-HTTP: POST.
RUTA: /logs.
MODULO: ROUTES.PY
APLICACION: LOGS_API_REST
FECHA: 2023-10-03 15:39:14.861564
IP: 172.18.0.1
USUARIO AUTENTICADO: GUEST
TOKEN: NO TOKEN
ACCION: SE HA CREADO UN NUEVO LOG DESDE LA API DE LOGS

TIPO DE LOG: AUTH
METODO-HTTP: POST.
RUTA: /users/register.
MODULO: ROUTES.PY
APLICACION: USERS_API_REST
FECHA: 2023-11-17 17:33:31.985049
IP: 172.19.0.1
USUARIO AUTENTICADO: USUARIO REGISTRADO: Pedronel Suarez
TOKEN: NO TOKEN
ACCION: UN USUARIO SE HA REGISTRADO.

TIPO DE LOG: INFO
METODO-HTTP: GET.
RUTA: /users.
MODULO: ROUTES.PY
APLICACION: USERS_API_REST
FECHA: 2023-11-17 17:33:53.160314
IP: 172.19.0.1
USUARIO AUTENTICADO: GUEST
TOKEN: NO TOKEN
ACCION: SE HA CONSULTADO LA LISTA DE USUARIOS.

TIPO DE LOG: INFO
METODO-HTTP: GET.
RUTA: /users.
MODULO: ROUTES.PY
APLICACION: USERS_API_REST
FECHA: 2023-11-17 17:33:53.253003
IP: 172.19.0.1
USUARIO AUTENTICADO: GUEST
TOKEN: NO TOKEN
ACCION: SE HA CONSULTADO LA LISTA DE USUARIOS.

TIPO DE LOG: INFO
METODO-HTTP: GET.
RUTA: /users.
MODULO: ROUTES.PY
APLICACION: USERS_API_REST
FECHA: 2023-11-17 17:33:53.333108
IP: 172.19.0.1
USUARIO AUTENTICADO: GUEST
TOKEN: NO TOKEN
ACCION: SE HA CONSULTADO LA LISTA DE USUARIOS.

TIPO DE LOG: AUTH
METODO-HTTP: POST.
RUTA: /auth.
MODULO: ROUTES.PY
APLICACION: USERS_API_REST
FECHA: 2023-11-17 17:33:53.396943
IP: 172.19.0.1
USUARIO AUTENTICADO: [ID: 40] Pedronel Suarez
TOKEN: eyJhbGciOiJIUzI1NiIsInR5cCI6IkpXVCJ9.eyJ1c2VyX2lkIjo0MCwiZXhwIjoxNzAwMjQ0MjMzfQ.R5iv4XDBlYXaoP84jU01vsbEQyOcnkXmLWK0rsZCm5A
ACCION: UN USUARIO SE HA AUTENTICADO.

TIPO DE LOG: INFO
METODO-HTTP: POST.
RUTA: /logs.
MODULO: ROUTES.PY
APLICACION: LOGS_API_REST
FECHA: 2023-10-03 15:39:14.861564
IP: 172.18.0.1
USUARIO AUTENTICADO: GUEST
TOKEN: NO TOKEN
ACCION: SE HA CREADO UN NUEVO LOG DESDE LA API DE LOGS

TIPO DE LOG: AUTH
METODO-HTTP: POST.
RUTA: /users/register.
MODULO: ROUTES.PY
APLICACION: USERS_API_REST
FECHA: 2023-11-17 17:34:30.741385
IP: 172.19.0.1
USUARIO AUTENTICADO: USUARIO REGISTRADO: Pedronel Suarez
TOKEN: NO TOKEN
ACCION: UN USUARIO SE HA REGISTRADO.

TIPO DE LOG: INFO
METODO-HTTP: GET.
RUTA: /users.
MODULO: ROUTES.PY
APLICACION: USERS_API_REST
FECHA: 2023-11-17 17:34:30.955919
IP: 172.19.0.1
USUARIO AUTENTICADO: GUEST
TOKEN: NO TOKEN
ACCION: SE HA CONSULTADO LA LISTA DE USUARIOS.

TIPO DE LOG: INFO
METODO-HTTP: GET.
RUTA: /users.
MODULO: ROUTES.PY
APLICACION: USERS_API_REST
FECHA: 2023-11-17 17:34:31.049871
IP: 172.19.0.1
USUARIO AUTENTICADO: GUEST
TOKEN: NO TOKEN
ACCION: SE HA CONSULTADO LA LISTA DE USUARIOS.

TIPO DE LOG: INFO
METODO-HTTP: GET.
RUTA: /users.
MODULO: ROUTES.PY
APLICACION: USERS_API_REST
FECHA: 2023-11-17 17:34:31.111698
IP: 172.19.0.1
USUARIO AUTENTICADO: GUEST
TOKEN: NO TOKEN
ACCION: SE HA CONSULTADO LA LISTA DE USUARIOS.

TIPO DE LOG: AUTH
METODO-HTTP: POST.
RUTA: /auth.
MODULO: ROUTES.PY
APLICACION: USERS_API_REST
FECHA: 2023-11-17 17:34:31.188305
IP: 172.19.0.1
USUARIO AUTENTICADO: [ID: 42] Pedronel Suarez
TOKEN: eyJhbGciOiJIUzI1NiIsInR5cCI6IkpXVCJ9.eyJ1c2VyX2lkIjo0MiwiZXhwIjoxNzAwMjQ0MjcxfQ.0axj65dfBJNQB3i_qWQ9xckxNSQC2r8ukbehEXf3qHg
ACCION: UN USUARIO SE HA AUTENTICADO.

TIPO DE LOG: INFO
METODO-HTTP: POST.
RUTA: /logs.
MODULO: ROUTES.PY
APLICACION: LOGS_API_REST
FECHA: 2023-10-03 15:39:14.861564
IP: 172.18.0.1
USUARIO AUTENTICADO: GUEST
TOKEN: NO TOKEN
ACCION: SE HA CREADO UN NUEVO LOG DESDE LA API DE LOGS

TIPO DE LOG: AUTH
METODO-HTTP: POST.
RUTA: /users/register.
MODULO: ROUTES.PY
APLICACION: USERS_API_REST
FECHA: 2023-11-17 17:35:56.359266
IP: 172.19.0.1
USUARIO AUTENTICADO: USUARIO REGISTRADO: Pedronel Suarez
TOKEN: NO TOKEN
ACCION: UN USUARIO SE HA REGISTRADO.

TIPO DE LOG: INFO
METODO-HTTP: GET.
RUTA: /users.
MODULO: ROUTES.PY
APLICACION: USERS_API_REST
FECHA: 2023-11-17 17:35:56.657102
IP: 172.19.0.1
USUARIO AUTENTICADO: GUEST
TOKEN: NO TOKEN
ACCION: SE HA CONSULTADO LA LISTA DE USUARIOS.

TIPO DE LOG: INFO
METODO-HTTP: GET.
RUTA: /users.
MODULO: ROUTES.PY
APLICACION: USERS_API_REST
FECHA: 2023-11-17 17:35:56.779826
IP: 172.19.0.1
USUARIO AUTENTICADO: GUEST
TOKEN: NO TOKEN
ACCION: SE HA CONSULTADO LA LISTA DE USUARIOS.

TIPO DE LOG: INFO
METODO-HTTP: GET.
RUTA: /users.
MODULO: ROUTES.PY
APLICACION: USERS_API_REST
FECHA: 2023-11-17 17:35:56.873126
IP: 172.19.0.1
USUARIO AUTENTICADO: GUEST
TOKEN: NO TOKEN
ACCION: SE HA CONSULTADO LA LISTA DE USUARIOS.

TIPO DE LOG: AUTH
METODO-HTTP: POST.
RUTA: /auth.
MODULO: ROUTES.PY
APLICACION: USERS_API_REST
FECHA: 2023-11-17 17:35:56.953666
IP: 172.19.0.1
USUARIO AUTENTICADO: [ID: 43] Pedronel Suarez
TOKEN: eyJhbGciOiJIUzI1NiIsInR5cCI6IkpXVCJ9.eyJ1c2VyX2lkIjo0MywiZXhwIjoxNzAwMjQ0MzU2fQ.e9hSv7wityyfCYQ69MjpBpPw8UW00BiGQuxPawG4-bs
ACCION: UN USUARIO SE HA AUTENTICADO.

TIPO DE LOG: INFO
METODO-HTTP: POST.
RUTA: /logs.
MODULO: ROUTES.PY
APLICACION: LOGS_API_REST
FECHA: 2023-10-03 15:39:14.861564
IP: 172.18.0.1
USUARIO AUTENTICADO: GUEST
TOKEN: NO TOKEN
ACCION: SE HA CREADO UN NUEVO LOG DESDE LA API DE LOGS

TIPO DE LOG: AUTH
METODO-HTTP: POST.
RUTA: /users/register.
MODULO: ROUTES.PY
APLICACION: USERS_API_REST
FECHA: 2023-11-17 17:35:59.217958
IP: 172.19.0.1
USUARIO AUTENTICADO: USUARIO REGISTRADO: Pedronel Suarez
TOKEN: NO TOKEN
ACCION: UN USUARIO SE HA REGISTRADO.

TIPO DE LOG: AUTH
METODO-HTTP: POST.
RUTA: /auth.
MODULO: ROUTES.PY
APLICACION: USERS_API_REST
FECHA: 2023-11-17 17:35:59.285693
IP: 172.19.0.6
USUARIO AUTENTICADO: [ID: 44] Pedronel Suarez
TOKEN: eyJhbGciOiJIUzI1NiIsInR5cCI6IkpXVCJ9.eyJ1c2VyX2lkIjo0NCwiZXhwIjoxNzAwMjQ0MzU5fQ.Y_KU6il7SlE5vsoA23mSv9rvmXEK0deeCzyFHHLdcnY
ACCION: UN USUARIO SE HA AUTENTICADO.

TIPO DE LOG: AUTH
METODO-HTTP: POST.
RUTA: /auth.
MODULO: ROUTES.PY
APLICACION: USERS_API_REST
FECHA: 2023-11-17 17:36:06.874024
IP: 172.19.0.1
USUARIO AUTENTICADO: [ID: 44] Pedronel Suarez
TOKEN: eyJhbGciOiJIUzI1NiIsInR5cCI6IkpXVCJ9.eyJ1c2VyX2lkIjo0NCwiZXhwIjoxNzAwMjQ0MzY2fQ.9aFFWQ4epuO_EhLkfrb1Nbs2RShfMls6EAFi9UfXfao
ACCION: UN USUARIO SE HA AUTENTICADO.

TIPO DE LOG: INFO
METODO-HTTP: GET.
RUTA: /users.
MODULO: ROUTES.PY
APLICACION: USERS_API_REST
FECHA: 2023-11-17 17:36:49.858785
IP: 172.19.0.1
USUARIO AUTENTICADO: GUEST
TOKEN: NO TOKEN
ACCION: SE HA CONSULTADO LA LISTA DE USUARIOS.

TIPO DE LOG: INFO
METODO-HTTP: GET.
RUTA: /users.
MODULO: ROUTES.PY
APLICACION: USERS_API_REST
FECHA: 2023-11-17 17:36:49.937449
IP: 172.19.0.1
USUARIO AUTENTICADO: GUEST
TOKEN: NO TOKEN
ACCION: SE HA CONSULTADO LA LISTA DE USUARIOS.

TIPO DE LOG: INFO
METODO-HTTP: GET.
RUTA: /users.
MODULO: ROUTES.PY
APLICACION: USERS_API_REST
FECHA: 2023-11-17 17:36:50.014698
IP: 172.19.0.1
USUARIO AUTENTICADO: GUEST
TOKEN: NO TOKEN
ACCION: SE HA CONSULTADO LA LISTA DE USUARIOS.

TIPO DE LOG: AUTH
METODO-HTTP: POST.
RUTA: /auth.
MODULO: ROUTES.PY
APLICACION: USERS_API_REST
FECHA: 2023-11-17 17:36:50.091688
IP: 172.19.0.1
USUARIO AUTENTICADO: [ID: 44] Pedronel Suarez
TOKEN: eyJhbGciOiJIUzI1NiIsInR5cCI6IkpXVCJ9.eyJ1c2VyX2lkIjo0NCwiZXhwIjoxNzAwMjQ0NDEwfQ.KUp0yFDUaUTiFfEpVqzOFRaI3ad98ASTohLjbafQQac
ACCION: UN USUARIO SE HA AUTENTICADO.

TIPO DE LOG: INFO
METODO-HTTP: POST.
RUTA: /logs.
MODULO: ROUTES.PY
APLICACION: LOGS_API_REST
FECHA: 2023-10-03 15:39:14.861564
IP: 172.18.0.1
USUARIO AUTENTICADO: GUEST
TOKEN: NO TOKEN
ACCION: SE HA CREADO UN NUEVO LOG DESDE LA API DE LOGS

TIPO DE LOG: AUTH
METODO-HTTP: POST.
RUTA: /users/register.
MODULO: ROUTES.PY
APLICACION: USERS_API_REST
FECHA: 2023-11-17 17:36:51.786811
IP: 172.19.0.1
USUARIO AUTENTICADO: USUARIO REGISTRADO: Pedronel Suarez
TOKEN: NO TOKEN
ACCION: UN USUARIO SE HA REGISTRADO.

TIPO DE LOG: AUTH
METODO-HTTP: POST.
RUTA: /auth.
MODULO: ROUTES.PY
APLICACION: USERS_API_REST
FECHA: 2023-11-17 17:36:51.870242
IP: 172.19.0.1
USUARIO AUTENTICADO: [ID: 47] Pedronel Suarez
TOKEN: eyJhbGciOiJIUzI1NiIsInR5cCI6IkpXVCJ9.eyJ1c2VyX2lkIjo0NywiZXhwIjoxNzAwMjQ0NDExfQ.BhxOIA04aGoYqbHh8DGEr4VTTIXZEnnYjFW-yJVViK8
ACCION: UN USUARIO SE HA AUTENTICADO.

TIPO DE LOG: AUTH
METODO-HTTP: POST.
RUTA: /auth.
MODULO: ROUTES.PY
APLICACION: USERS_API_REST
FECHA: 2023-11-17 17:36:52.593497
IP: 172.19.0.6
USUARIO AUTENTICADO: [ID: 47] Pedronel Suarez
TOKEN: eyJhbGciOiJIUzI1NiIsInR5cCI6IkpXVCJ9.eyJ1c2VyX2lkIjo0NywiZXhwIjoxNzAwMjQ0NDEyfQ.aZGq_OyX5Rzx-BXZ4Uy0BOcb7sUYQyTukSVM3R07YyI
ACCION: UN USUARIO SE HA AUTENTICADO.

TIPO DE LOG: AUTH
METODO-HTTP: POST.
RUTA: /users/register.
MODULO: ROUTES.PY
APLICACION: USERS_API_REST
FECHA: 2023-11-17 17:37:23.217674
IP: 172.19.0.1
USUARIO AUTENTICADO: USUARIO REGISTRADO: Pedronel Suarez
TOKEN: NO TOKEN
ACCION: UN USUARIO SE HA REGISTRADO.

TIPO DE LOG: INFO
METODO-HTTP: GET.
RUTA: /users.
MODULO: ROUTES.PY
APLICACION: USERS_API_REST
FECHA: 2023-11-17 17:37:23.486604
IP: 172.19.0.1
USUARIO AUTENTICADO: GUEST
TOKEN: NO TOKEN
ACCION: SE HA CONSULTADO LA LISTA DE USUARIOS.

TIPO DE LOG: INFO
METODO-HTTP: GET.
RUTA: /users.
MODULO: ROUTES.PY
APLICACION: USERS_API_REST
FECHA: 2023-11-17 17:37:23.549143
IP: 172.19.0.1
USUARIO AUTENTICADO: GUEST
TOKEN: NO TOKEN
ACCION: SE HA CONSULTADO LA LISTA DE USUARIOS.

TIPO DE LOG: INFO
METODO-HTTP: GET.
RUTA: /users.
MODULO: ROUTES.PY
APLICACION: USERS_API_REST
FECHA: 2023-11-17 17:37:23.640507
IP: 172.19.0.1
USUARIO AUTENTICADO: GUEST
TOKEN: NO TOKEN
ACCION: SE HA CONSULTADO LA LISTA DE USUARIOS.

TIPO DE LOG: AUTH
METODO-HTTP: POST.
RUTA: /auth.
MODULO: ROUTES.PY
APLICACION: USERS_API_REST
FECHA: 2023-11-17 17:37:23.701577
IP: 172.19.0.1
USUARIO AUTENTICADO: [ID: 50] Pedronel Suarez
TOKEN: eyJhbGciOiJIUzI1NiIsInR5cCI6IkpXVCJ9.eyJ1c2VyX2lkIjo1MCwiZXhwIjoxNzAwMjQ0NDQzfQ.RZRu1-fu5d98DQFRZgKMaWR-iPTfAznOT5fPCbbYxrA
ACCION: UN USUARIO SE HA AUTENTICADO.

TIPO DE LOG: INFO
METODO-HTTP: POST.
RUTA: /logs.
MODULO: ROUTES.PY
APLICACION: LOGS_API_REST
FECHA: 2023-10-03 15:39:14.861564
IP: 172.18.0.1
USUARIO AUTENTICADO: GUEST
TOKEN: NO TOKEN
ACCION: SE HA CREADO UN NUEVO LOG DESDE LA API DE LOGS

TIPO DE LOG: AUTH
METODO-HTTP: POST.
RUTA: /users/register.
MODULO: ROUTES.PY
APLICACION: USERS_API_REST
FECHA: 2023-11-17 17:37:25.327182
IP: 172.19.0.1
USUARIO AUTENTICADO: USUARIO REGISTRADO: Pedronel Suarez
TOKEN: NO TOKEN
ACCION: UN USUARIO SE HA REGISTRADO.

TIPO DE LOG: AUTH
METODO-HTTP: POST.
RUTA: /auth.
MODULO: ROUTES.PY
APLICACION: USERS_API_REST
FECHA: 2023-11-17 17:37:25.415688
IP: 172.19.0.1
USUARIO AUTENTICADO: [ID: 51] Pedronel Suarez
TOKEN: eyJhbGciOiJIUzI1NiIsInR5cCI6IkpXVCJ9.eyJ1c2VyX2lkIjo1MSwiZXhwIjoxNzAwMjQ0NDQ1fQ.LxvrYSiQFvKr_qvDsb9DEiGzwVtd6FgR_xM_34_Okmg
ACCION: UN USUARIO SE HA AUTENTICADO.

TIPO DE LOG: AUTH
METODO-HTTP: POST.
RUTA: /auth.
MODULO: ROUTES.PY
APLICACION: USERS_API_REST
FECHA: 2023-11-17 17:37:26.078732
IP: 172.19.0.6
USUARIO AUTENTICADO: [ID: 51] Pedronel Suarez
TOKEN: eyJhbGciOiJIUzI1NiIsInR5cCI6IkpXVCJ9.eyJ1c2VyX2lkIjo1MSwiZXhwIjoxNzAwMjQ0NDQ2fQ.hWK_VBQnzqO6Bnk9M-6ui2r8misSuEs3LiHTy_b0aEA
ACCION: UN USUARIO SE HA AUTENTICADO.

TIPO DE LOG: AUTH
METODO-HTTP: POST.
RUTA: /users/register.
MODULO: ROUTES.PY
APLICACION: USERS_API_REST
FECHA: 2023-11-17 17:41:02.879519
IP: 172.19.0.1
USUARIO AUTENTICADO: USUARIO REGISTRADO: Pedronel Suarez
TOKEN: NO TOKEN
ACCION: UN USUARIO SE HA REGISTRADO.

TIPO DE LOG: INFO
METODO-HTTP: GET.
RUTA: /users.
MODULO: ROUTES.PY
APLICACION: USERS_API_REST
FECHA: 2023-11-17 17:41:03.081885
IP: 172.19.0.1
USUARIO AUTENTICADO: GUEST
TOKEN: NO TOKEN
ACCION: SE HA CONSULTADO LA LISTA DE USUARIOS.

TIPO DE LOG: INFO
METODO-HTTP: GET.
RUTA: /users.
MODULO: ROUTES.PY
APLICACION: USERS_API_REST
FECHA: 2023-11-17 17:41:03.131465
IP: 172.19.0.1
USUARIO AUTENTICADO: GUEST
TOKEN: NO TOKEN
ACCION: SE HA CONSULTADO LA LISTA DE USUARIOS.

TIPO DE LOG: INFO
METODO-HTTP: GET.
RUTA: /users.
MODULO: ROUTES.PY
APLICACION: USERS_API_REST
FECHA: 2023-11-17 17:41:03.211761
IP: 172.19.0.1
USUARIO AUTENTICADO: GUEST
TOKEN: NO TOKEN
ACCION: SE HA CONSULTADO LA LISTA DE USUARIOS.

TIPO DE LOG: AUTH
METODO-HTTP: POST.
RUTA: /auth.
MODULO: ROUTES.PY
APLICACION: USERS_API_REST
FECHA: 2023-11-17 17:41:03.274953
IP: 172.19.0.1
USUARIO AUTENTICADO: [ID: 54] Pedronel Suarez
TOKEN: eyJhbGciOiJIUzI1NiIsInR5cCI6IkpXVCJ9.eyJ1c2VyX2lkIjo1NCwiZXhwIjoxNzAwMjQ0NjYzfQ.5ZEaKbIXQyG1q0BWwxRtfUcCG2YCqapMl8jdyjmW4ig
ACCION: UN USUARIO SE HA AUTENTICADO.

TIPO DE LOG: INFO
METODO-HTTP: POST.
RUTA: /logs.
MODULO: ROUTES.PY
APLICACION: LOGS_API_REST
FECHA: 2023-10-03 15:39:14.861564
IP: 172.18.0.1
USUARIO AUTENTICADO: GUEST
TOKEN: NO TOKEN
ACCION: SE HA CREADO UN NUEVO LOG DESDE LA API DE LOGS

TIPO DE LOG: AUTH
METODO-HTTP: POST.
RUTA: /users/register.
MODULO: ROUTES.PY
APLICACION: USERS_API_REST
FECHA: 2023-11-17 17:41:05.039331
IP: 172.19.0.1
USUARIO AUTENTICADO: USUARIO REGISTRADO: Pedronel Suarez
TOKEN: NO TOKEN
ACCION: UN USUARIO SE HA REGISTRADO.

TIPO DE LOG: AUTH
METODO-HTTP: POST.
RUTA: /auth.
MODULO: ROUTES.PY
APLICACION: USERS_API_REST
FECHA: 2023-11-17 17:41:05.130018
IP: 172.19.0.1
USUARIO AUTENTICADO: [ID: 55] Pedronel Suarez
TOKEN: eyJhbGciOiJIUzI1NiIsInR5cCI6IkpXVCJ9.eyJ1c2VyX2lkIjo1NSwiZXhwIjoxNzAwMjQ0NjY1fQ.SquZPm9F0OMu9FP_xrjFFMEWr0tLZMcx51EsT2IXtUk
ACCION: UN USUARIO SE HA AUTENTICADO.

TIPO DE LOG: AUTH
METODO-HTTP: POST.
RUTA: /auth.
MODULO: ROUTES.PY
APLICACION: USERS_API_REST
FECHA: 2023-11-17 17:41:05.728972
IP: 172.19.0.6
USUARIO AUTENTICADO: [ID: 55] Pedronel Suarez
TOKEN: eyJhbGciOiJIUzI1NiIsInR5cCI6IkpXVCJ9.eyJ1c2VyX2lkIjo1NSwiZXhwIjoxNzAwMjQ0NjY1fQ.SquZPm9F0OMu9FP_xrjFFMEWr0tLZMcx51EsT2IXtUk
ACCION: UN USUARIO SE HA AUTENTICADO.

TIPO DE LOG: AUTH
METODO-HTTP: POST.
RUTA: /users/register.
MODULO: ROUTES.PY
APLICACION: USERS_API_REST
FECHA: 2023-11-17 17:43:46.630305
IP: 172.19.0.1
USUARIO AUTENTICADO: USUARIO REGISTRADO: Pedronel Suarez
TOKEN: NO TOKEN
ACCION: UN USUARIO SE HA REGISTRADO.

TIPO DE LOG: INFO
METODO-HTTP: GET.
RUTA: /users.
MODULO: ROUTES.PY
APLICACION: USERS_API_REST
FECHA: 2023-11-17 17:43:46.875647
IP: 172.19.0.1
USUARIO AUTENTICADO: GUEST
TOKEN: NO TOKEN
ACCION: SE HA CONSULTADO LA LISTA DE USUARIOS.

TIPO DE LOG: INFO
METODO-HTTP: GET.
RUTA: /users.
MODULO: ROUTES.PY
APLICACION: USERS_API_REST
FECHA: 2023-11-17 17:43:46.969132
IP: 172.19.0.1
USUARIO AUTENTICADO: GUEST
TOKEN: NO TOKEN
ACCION: SE HA CONSULTADO LA LISTA DE USUARIOS.

TIPO DE LOG: INFO
METODO-HTTP: GET.
RUTA: /users.
MODULO: ROUTES.PY
APLICACION: USERS_API_REST
FECHA: 2023-11-17 17:43:47.030227
IP: 172.19.0.1
USUARIO AUTENTICADO: GUEST
TOKEN: NO TOKEN
ACCION: SE HA CONSULTADO LA LISTA DE USUARIOS.

TIPO DE LOG: AUTH
METODO-HTTP: POST.
RUTA: /auth.
MODULO: ROUTES.PY
APLICACION: USERS_API_REST
FECHA: 2023-11-17 17:43:47.125653
IP: 172.19.0.1
USUARIO AUTENTICADO: [ID: 58] Pedronel Suarez
TOKEN: eyJhbGciOiJIUzI1NiIsInR5cCI6IkpXVCJ9.eyJ1c2VyX2lkIjo1OCwiZXhwIjoxNzAwMjQ0ODI3fQ.wNak_pWrSqW8Zv2yhmJGBw3Yl6UB-SZQ7e61FPOCOxU
ACCION: UN USUARIO SE HA AUTENTICADO.

TIPO DE LOG: INFO
METODO-HTTP: POST.
RUTA: /logs.
MODULO: ROUTES.PY
APLICACION: LOGS_API_REST
FECHA: 2023-10-03 15:39:14.861564
IP: 172.18.0.1
USUARIO AUTENTICADO: GUEST
TOKEN: NO TOKEN
ACCION: SE HA CREADO UN NUEVO LOG DESDE LA API DE LOGS

TIPO DE LOG: AUTH
METODO-HTTP: POST.
RUTA: /users/register.
MODULO: ROUTES.PY
APLICACION: USERS_API_REST
FECHA: 2023-11-17 17:43:48.917576
IP: 172.19.0.1
USUARIO AUTENTICADO: USUARIO REGISTRADO: Pedronel Suarez
TOKEN: NO TOKEN
ACCION: UN USUARIO SE HA REGISTRADO.

TIPO DE LOG: AUTH
METODO-HTTP: POST.
RUTA: /auth.
MODULO: ROUTES.PY
APLICACION: USERS_API_REST
FECHA: 2023-11-17 17:43:49.005012
IP: 172.19.0.1
USUARIO AUTENTICADO: [ID: 59] Pedronel Suarez
TOKEN: eyJhbGciOiJIUzI1NiIsInR5cCI6IkpXVCJ9.eyJ1c2VyX2lkIjo1OSwiZXhwIjoxNzAwMjQ0ODI5fQ.zz3oWqsNLwtb4FrjTTHIba5GMDWxJX9Sq8omjfODh1Q
ACCION: UN USUARIO SE HA AUTENTICADO.

TIPO DE LOG: AUTH
METODO-HTTP: POST.
RUTA: /auth.
MODULO: ROUTES.PY
APLICACION: USERS_API_REST
FECHA: 2023-11-17 17:43:49.683123
IP: 172.19.0.6
USUARIO AUTENTICADO: [ID: 59] Pedronel Suarez
TOKEN: eyJhbGciOiJIUzI1NiIsInR5cCI6IkpXVCJ9.eyJ1c2VyX2lkIjo1OSwiZXhwIjoxNzAwMjQ0ODI5fQ.zz3oWqsNLwtb4FrjTTHIba5GMDWxJX9Sq8omjfODh1Q
ACCION: UN USUARIO SE HA AUTENTICADO.

TIPO DE LOG: AUTH
METODO-HTTP: POST.
RUTA: /users/register.
MODULO: ROUTES.PY
APLICACION: USERS_API_REST
FECHA: 2023-11-17 17:46:16.743740
IP: 172.19.0.1
USUARIO AUTENTICADO: USUARIO REGISTRADO: Pedronel Suarez
TOKEN: NO TOKEN
ACCION: UN USUARIO SE HA REGISTRADO.

TIPO DE LOG: INFO
METODO-HTTP: GET.
RUTA: /users.
MODULO: ROUTES.PY
APLICACION: USERS_API_REST
FECHA: 2023-11-17 17:46:16.994793
IP: 172.19.0.1
USUARIO AUTENTICADO: GUEST
TOKEN: NO TOKEN
ACCION: SE HA CONSULTADO LA LISTA DE USUARIOS.

TIPO DE LOG: INFO
METODO-HTTP: GET.
RUTA: /users.
MODULO: ROUTES.PY
APLICACION: USERS_API_REST
FECHA: 2023-11-17 17:46:17.071377
IP: 172.19.0.1
USUARIO AUTENTICADO: GUEST
TOKEN: NO TOKEN
ACCION: SE HA CONSULTADO LA LISTA DE USUARIOS.

TIPO DE LOG: INFO
METODO-HTTP: GET.
RUTA: /users.
MODULO: ROUTES.PY
APLICACION: USERS_API_REST
FECHA: 2023-11-17 17:46:17.151308
IP: 172.19.0.1
USUARIO AUTENTICADO: GUEST
TOKEN: NO TOKEN
ACCION: SE HA CONSULTADO LA LISTA DE USUARIOS.

TIPO DE LOG: AUTH
METODO-HTTP: POST.
RUTA: /auth.
MODULO: ROUTES.PY
APLICACION: USERS_API_REST
FECHA: 2023-11-17 17:46:17.230569
IP: 172.19.0.1
USUARIO AUTENTICADO: [ID: 62] Pedronel Suarez
TOKEN: eyJhbGciOiJIUzI1NiIsInR5cCI6IkpXVCJ9.eyJ1c2VyX2lkIjo2MiwiZXhwIjoxNzAwMjQ0OTc3fQ.h0TV8JK85MJdPAWE1XRVffwOreiRkTZD4DKSaBIZkOo
ACCION: UN USUARIO SE HA AUTENTICADO.

TIPO DE LOG: INFO
METODO-HTTP: POST.
RUTA: /logs.
MODULO: ROUTES.PY
APLICACION: LOGS_API_REST
FECHA: 2023-10-03 15:39:14.861564
IP: 172.18.0.1
USUARIO AUTENTICADO: GUEST
TOKEN: NO TOKEN
ACCION: SE HA CREADO UN NUEVO LOG DESDE LA API DE LOGS

TIPO DE LOG: AUTH
METODO-HTTP: POST.
RUTA: /users/register.
MODULO: ROUTES.PY
APLICACION: USERS_API_REST
FECHA: 2023-11-17 17:46:18.853129
IP: 172.19.0.1
USUARIO AUTENTICADO: USUARIO REGISTRADO: Pedronel Suarez
TOKEN: NO TOKEN
ACCION: UN USUARIO SE HA REGISTRADO.

TIPO DE LOG: AUTH
METODO-HTTP: POST.
RUTA: /auth.
MODULO: ROUTES.PY
APLICACION: USERS_API_REST
FECHA: 2023-11-17 17:46:18.941041
IP: 172.19.0.1
USUARIO AUTENTICADO: [ID: 63] Pedronel Suarez
TOKEN: eyJhbGciOiJIUzI1NiIsInR5cCI6IkpXVCJ9.eyJ1c2VyX2lkIjo2MywiZXhwIjoxNzAwMjQ0OTc4fQ.dQX6KzPP7FG3G3UxghTVsO1PwJLHecJ9DN3dvrWMBVw
ACCION: UN USUARIO SE HA AUTENTICADO.

TIPO DE LOG: AUTH
METODO-HTTP: POST.
RUTA: /auth.
MODULO: ROUTES.PY
APLICACION: USERS_API_REST
FECHA: 2023-11-17 17:46:19.631043
IP: 172.19.0.6
USUARIO AUTENTICADO: [ID: 63] Pedronel Suarez
TOKEN: eyJhbGciOiJIUzI1NiIsInR5cCI6IkpXVCJ9.eyJ1c2VyX2lkIjo2MywiZXhwIjoxNzAwMjQ0OTc5fQ.oHRPo7b3H8vOdyJLKsj2q29PoIdxN9Hrksdjv9v0ktA
ACCION: UN USUARIO SE HA AUTENTICADO.

TIPO DE LOG: AUTH
METODO-HTTP: POST.
RUTA: /users/register.
MODULO: ROUTES.PY
APLICACION: USERS_API_REST
FECHA: 2023-11-17 17:46:31.941819
IP: 172.19.0.6
USUARIO AUTENTICADO: USUARIO REGISTRADO: Pedronel Suarez
TOKEN: NO TOKEN
ACCION: UN USUARIO SE HA REGISTRADO.

TIPO DE LOG: AUTH
METODO-HTTP: POST.
RUTA: /auth.
MODULO: ROUTES.PY
APLICACION: USERS_API_REST
FECHA: 2023-11-17 17:46:45.709274
IP: 172.19.0.6
USUARIO AUTENTICADO: [ID: 65] Pedronel Suarez
TOKEN: eyJhbGciOiJIUzI1NiIsInR5cCI6IkpXVCJ9.eyJ1c2VyX2lkIjo2NSwiZXhwIjoxNzAwMjQ1MDA1fQ.e-jF4OtKYFMyOsCISspcFODdxAluaIXfTXDuLbrVmCY
ACCION: UN USUARIO SE HA AUTENTICADO.

TIPO DE LOG: INFO
METODO-HTTP: GET.
RUTA: /users.
MODULO: ROUTES.PY
APLICACION: USERS_API_REST
FECHA: 2023-11-17 17:47:16.048118
IP: 172.19.0.1
USUARIO AUTENTICADO: GUEST
TOKEN: NO TOKEN
ACCION: SE HA CONSULTADO LA LISTA DE USUARIOS.

TIPO DE LOG: INFO
METODO-HTTP: GET.
RUTA: /users.
MODULO: ROUTES.PY
APLICACION: USERS_API_REST
FECHA: 2023-11-17 17:47:16.126648
IP: 172.19.0.1
USUARIO AUTENTICADO: GUEST
TOKEN: NO TOKEN
ACCION: SE HA CONSULTADO LA LISTA DE USUARIOS.

TIPO DE LOG: INFO
METODO-HTTP: GET.
RUTA: /users.
MODULO: ROUTES.PY
APLICACION: USERS_API_REST
FECHA: 2023-11-17 17:47:16.205482
IP: 172.19.0.1
USUARIO AUTENTICADO: GUEST
TOKEN: NO TOKEN
ACCION: SE HA CONSULTADO LA LISTA DE USUARIOS.

TIPO DE LOG: AUTH
METODO-HTTP: POST.
RUTA: /auth.
MODULO: ROUTES.PY
APLICACION: USERS_API_REST
FECHA: 2023-11-17 17:47:16.299722
IP: 172.19.0.1
USUARIO AUTENTICADO: [ID: 65] Pedronel Suarez
TOKEN: eyJhbGciOiJIUzI1NiIsInR5cCI6IkpXVCJ9.eyJ1c2VyX2lkIjo2NSwiZXhwIjoxNzAwMjQ1MDM2fQ.A5dYs0PwhCupqSV6DoKR8MmzMlOB-yg7MCgOeA1zFvM
ACCION: UN USUARIO SE HA AUTENTICADO.

TIPO DE LOG: INFO
METODO-HTTP: POST.
RUTA: /logs.
MODULO: ROUTES.PY
APLICACION: LOGS_API_REST
FECHA: 2023-10-03 15:39:14.861564
IP: 172.18.0.1
USUARIO AUTENTICADO: GUEST
TOKEN: NO TOKEN
ACCION: SE HA CREADO UN NUEVO LOG DESDE LA API DE LOGS

TIPO DE LOG: AUTH
METODO-HTTP: POST.
RUTA: /users/register.
MODULO: ROUTES.PY
APLICACION: USERS_API_REST
FECHA: 2023-11-17 17:47:18.026346
IP: 172.19.0.1
USUARIO AUTENTICADO: USUARIO REGISTRADO: Pedronel Suarez
TOKEN: NO TOKEN
ACCION: UN USUARIO SE HA REGISTRADO.

TIPO DE LOG: AUTH
METODO-HTTP: POST.
RUTA: /auth.
MODULO: ROUTES.PY
APLICACION: USERS_API_REST
FECHA: 2023-11-17 17:47:18.096300
IP: 172.19.0.1
USUARIO AUTENTICADO: [ID: 67] Pedronel Suarez
TOKEN: eyJhbGciOiJIUzI1NiIsInR5cCI6IkpXVCJ9.eyJ1c2VyX2lkIjo2NywiZXhwIjoxNzAwMjQ1MDM4fQ.ZFWlCZ6gTnH_xh7VheaPDhW0F_PFiYdBZ1_j5Ccvpzc
ACCION: UN USUARIO SE HA AUTENTICADO.

TIPO DE LOG: AUTH
METODO-HTTP: POST.
RUTA: /auth.
MODULO: ROUTES.PY
APLICACION: USERS_API_REST
FECHA: 2023-11-17 17:47:18.775876
IP: 172.19.0.6
USUARIO AUTENTICADO: [ID: 67] Pedronel Suarez
TOKEN: eyJhbGciOiJIUzI1NiIsInR5cCI6IkpXVCJ9.eyJ1c2VyX2lkIjo2NywiZXhwIjoxNzAwMjQ1MDM4fQ.ZFWlCZ6gTnH_xh7VheaPDhW0F_PFiYdBZ1_j5Ccvpzc
ACCION: UN USUARIO SE HA AUTENTICADO.

TIPO DE LOG: AUTH
METODO-HTTP: POST.
RUTA: /users/register.
MODULO: ROUTES.PY
APLICACION: USERS_API_REST
FECHA: 2023-11-17 17:48:09.222690
IP: 172.19.0.1
USUARIO AUTENTICADO: USUARIO REGISTRADO: Pedronel Suarez
TOKEN: NO TOKEN
ACCION: UN USUARIO SE HA REGISTRADO.

TIPO DE LOG: INFO
METODO-HTTP: GET.
RUTA: /users.
MODULO: ROUTES.PY
APLICACION: USERS_API_REST
FECHA: 2023-11-17 17:48:09.456775
IP: 172.19.0.1
USUARIO AUTENTICADO: GUEST
TOKEN: NO TOKEN
ACCION: SE HA CONSULTADO LA LISTA DE USUARIOS.

TIPO DE LOG: INFO
METODO-HTTP: GET.
RUTA: /users.
MODULO: ROUTES.PY
APLICACION: USERS_API_REST
FECHA: 2023-11-17 17:48:09.533343
IP: 172.19.0.1
USUARIO AUTENTICADO: GUEST
TOKEN: NO TOKEN
ACCION: SE HA CONSULTADO LA LISTA DE USUARIOS.

TIPO DE LOG: INFO
METODO-HTTP: GET.
RUTA: /users.
MODULO: ROUTES.PY
APLICACION: USERS_API_REST
FECHA: 2023-11-17 17:48:09.610358
IP: 172.19.0.1
USUARIO AUTENTICADO: GUEST
TOKEN: NO TOKEN
ACCION: SE HA CONSULTADO LA LISTA DE USUARIOS.

TIPO DE LOG: AUTH
METODO-HTTP: POST.
RUTA: /auth.
MODULO: ROUTES.PY
APLICACION: USERS_API_REST
FECHA: 2023-11-17 17:48:09.687673
IP: 172.19.0.1
USUARIO AUTENTICADO: [ID: 69] Pedronel Suarez
TOKEN: eyJhbGciOiJIUzI1NiIsInR5cCI6IkpXVCJ9.eyJ1c2VyX2lkIjo2OSwiZXhwIjoxNzAwMjQ1MDg5fQ.26f9SQt-gp7I4lRLPsWoWKeKnNLMMpDRCPxHMl4Ek_8
ACCION: UN USUARIO SE HA AUTENTICADO.

TIPO DE LOG: INFO
METODO-HTTP: POST.
RUTA: /logs.
MODULO: ROUTES.PY
APLICACION: LOGS_API_REST
FECHA: 2023-10-03 15:39:14.861564
IP: 172.18.0.1
USUARIO AUTENTICADO: GUEST
TOKEN: NO TOKEN
ACCION: SE HA CREADO UN NUEVO LOG DESDE LA API DE LOGS

TIPO DE LOG: AUTH
METODO-HTTP: POST.
RUTA: /users/register.
MODULO: ROUTES.PY
APLICACION: USERS_API_REST
FECHA: 2023-11-17 17:48:11.273468
IP: 172.19.0.1
USUARIO AUTENTICADO: USUARIO REGISTRADO: Pedronel Suarez
TOKEN: NO TOKEN
ACCION: UN USUARIO SE HA REGISTRADO.

TIPO DE LOG: AUTH
METODO-HTTP: POST.
RUTA: /auth.
MODULO: ROUTES.PY
APLICACION: USERS_API_REST
FECHA: 2023-11-17 17:48:11.363085
IP: 172.19.0.1
USUARIO AUTENTICADO: [ID: 70] Pedronel Suarez
TOKEN: eyJhbGciOiJIUzI1NiIsInR5cCI6IkpXVCJ9.eyJ1c2VyX2lkIjo3MCwiZXhwIjoxNzAwMjQ1MDkxfQ.EWC8fctsDu7UbLkbniv6trpSLmJ0qWuIrC7j85y0uEs
ACCION: UN USUARIO SE HA AUTENTICADO.

TIPO DE LOG: AUTH
METODO-HTTP: POST.
RUTA: /auth.
MODULO: ROUTES.PY
APLICACION: USERS_API_REST
FECHA: 2023-11-17 17:48:12.033236
IP: 172.19.0.6
USUARIO AUTENTICADO: [ID: 70] Pedronel Suarez
TOKEN: eyJhbGciOiJIUzI1NiIsInR5cCI6IkpXVCJ9.eyJ1c2VyX2lkIjo3MCwiZXhwIjoxNzAwMjQ1MDkyfQ.gRiQuQl38ii76UElOe333evMXO3lf5k6MMCi-_vpzFw
ACCION: UN USUARIO SE HA AUTENTICADO.

TIPO DE LOG: AUTH
METODO-HTTP: POST.
RUTA: /users/register.
MODULO: ROUTES.PY
APLICACION: USERS_API_REST
FECHA: 2023-11-17 17:49:31.172801
IP: 172.19.0.1
USUARIO AUTENTICADO: USUARIO REGISTRADO: Pedronel Suarez
TOKEN: NO TOKEN
ACCION: UN USUARIO SE HA REGISTRADO.

TIPO DE LOG: INFO
METODO-HTTP: GET.
RUTA: /users.
MODULO: ROUTES.PY
APLICACION: USERS_API_REST
FECHA: 2023-11-17 17:49:31.409729
IP: 172.19.0.1
USUARIO AUTENTICADO: GUEST
TOKEN: NO TOKEN
ACCION: SE HA CONSULTADO LA LISTA DE USUARIOS.

TIPO DE LOG: INFO
METODO-HTTP: GET.
RUTA: /users.
MODULO: ROUTES.PY
APLICACION: USERS_API_REST
FECHA: 2023-11-17 17:49:31.471630
IP: 172.19.0.1
USUARIO AUTENTICADO: GUEST
TOKEN: NO TOKEN
ACCION: SE HA CONSULTADO LA LISTA DE USUARIOS.

TIPO DE LOG: INFO
METODO-HTTP: GET.
RUTA: /users.
MODULO: ROUTES.PY
APLICACION: USERS_API_REST
FECHA: 2023-11-17 17:49:31.549260
IP: 172.19.0.1
USUARIO AUTENTICADO: GUEST
TOKEN: NO TOKEN
ACCION: SE HA CONSULTADO LA LISTA DE USUARIOS.

TIPO DE LOG: AUTH
METODO-HTTP: POST.
RUTA: /auth.
MODULO: ROUTES.PY
APLICACION: USERS_API_REST
FECHA: 2023-11-17 17:49:31.611342
IP: 172.19.0.1
USUARIO AUTENTICADO: [ID: 72] Pedronel Suarez
TOKEN: eyJhbGciOiJIUzI1NiIsInR5cCI6IkpXVCJ9.eyJ1c2VyX2lkIjo3MiwiZXhwIjoxNzAwMjQ1MTcxfQ.q4QyRMNn0SrLfRCaZ_G2nWvicsFhb83tvwCpf0DGe_s
ACCION: UN USUARIO SE HA AUTENTICADO.

TIPO DE LOG: INFO
METODO-HTTP: POST.
RUTA: /logs.
MODULO: ROUTES.PY
APLICACION: LOGS_API_REST
FECHA: 2023-10-03 15:39:14.861564
IP: 172.18.0.1
USUARIO AUTENTICADO: GUEST
TOKEN: NO TOKEN
ACCION: SE HA CREADO UN NUEVO LOG DESDE LA API DE LOGS

TIPO DE LOG: AUTH
METODO-HTTP: POST.
RUTA: /users/register.
MODULO: ROUTES.PY
APLICACION: USERS_API_REST
FECHA: 2023-11-17 17:49:33.362266
IP: 172.19.0.1
USUARIO AUTENTICADO: USUARIO REGISTRADO: Pedronel Suarez
TOKEN: NO TOKEN
ACCION: UN USUARIO SE HA REGISTRADO.

TIPO DE LOG: AUTH
METODO-HTTP: POST.
RUTA: /auth.
MODULO: ROUTES.PY
APLICACION: USERS_API_REST
FECHA: 2023-11-17 17:49:33.446770
IP: 172.19.0.1
USUARIO AUTENTICADO: [ID: 73] Pedronel Suarez
TOKEN: eyJhbGciOiJIUzI1NiIsInR5cCI6IkpXVCJ9.eyJ1c2VyX2lkIjo3MywiZXhwIjoxNzAwMjQ1MTczfQ.MyKfvIy6nj1GDL4_NJGaj0x0Oompig2ziTRn3_BJ57s
ACCION: UN USUARIO SE HA AUTENTICADO.

TIPO DE LOG: AUTH
METODO-HTTP: POST.
RUTA: /auth.
MODULO: ROUTES.PY
APLICACION: USERS_API_REST
FECHA: 2023-11-17 17:49:34.227829
IP: 172.19.0.6
USUARIO AUTENTICADO: [ID: 73] Pedronel Suarez
TOKEN: eyJhbGciOiJIUzI1NiIsInR5cCI6IkpXVCJ9.eyJ1c2VyX2lkIjo3MywiZXhwIjoxNzAwMjQ1MTc0fQ._tMkznLrEmGSj11XgINwrVEsJOAsfzNTZMiDlXOXK2s
ACCION: UN USUARIO SE HA AUTENTICADO.

TIPO DE LOG: AUTH
METODO-HTTP: POST.
RUTA: /users/register.
MODULO: ROUTES.PY
APLICACION: USERS_API_REST
FECHA: 2023-11-17 17:50:02.907063
IP: 172.19.0.1
USUARIO AUTENTICADO: USUARIO REGISTRADO: Pedronel Suarez
TOKEN: NO TOKEN
ACCION: UN USUARIO SE HA REGISTRADO.

TIPO DE LOG: AUTH
METODO-HTTP: POST.
RUTA: /auth.
MODULO: ROUTES.PY
APLICACION: USERS_API_REST
FECHA: 2023-11-17 17:50:04.905073
IP: 172.19.0.1
USUARIO AUTENTICADO: [ID: 75] Pedronel Suarez
TOKEN: eyJhbGciOiJIUzI1NiIsInR5cCI6IkpXVCJ9.eyJ1c2VyX2lkIjo3NSwiZXhwIjoxNzAwMjQ1MjA0fQ.iBhMQsvbpex7GVtjS7lfGKcQuSIl0n_9JtYGqDKf0IE
ACCION: UN USUARIO SE HA AUTENTICADO.

