TIPO DE LOG: AUTH
METODO-HTTP: POST.
RUTA: /users/register.
MODULO: ROUTES.PY
APLICACION: USERS_API_REST
FECHA: 2023-10-12 15:11:49.125679
IP: 172.18.0.1
USUARIO AUTENTICADO: USUARIO REGISTRADO: Chalome Manrique
TOKEN: NO TOKEN
ACCION: UN USUARIO SE HA REGISTRADO.

TIPO DE LOG: AUTH
METODO-HTTP: POST.
RUTA: /tokens.
MODULO: ROUTES.PY
APLICACION: USERS_API_REST
FECHA: 2023-10-12 15:12:17.257754
IP: 172.18.0.1
USUARIO AUTENTICADO: [ID: 116] Chalome Manrique
TOKEN: eyJhbGciOiJIUzI1NiIsInR5cCI6IkpXVCJ9.eyJ1c2VyX2lkIjoxMTYsImV4cCI6MTY5NzEyNTMzN30.XU-5FBCTOaJRpokBxB1rQ6A5RsyEcHxAQBkZVMre8oI
ACCION: UN USUARIO SE HA AUTENTICADO.

