TIPO DE LOG: AUTH
METODO-HTTP: POST.
RUTA: /users/register.
MODULO: ROUTES.PY
APLICACION: USERS_API_REST
FECHA: 2023-11-19 21:46:36.380699
IP: 172.18.0.1
USUARIO AUTENTICADO: USUARIO REGISTRADO: Pedronel Suarez
TOKEN: NO TOKEN
ACCION: UN USUARIO SE HA REGISTRADO.

TIPO DE LOG: INFO
METODO-HTTP: GET.
RUTA: /users.
MODULO: ROUTES.PY
APLICACION: USERS_API_REST
FECHA: 2023-11-19 21:46:36.671446
IP: 172.18.0.1
USUARIO AUTENTICADO: GUEST
TOKEN: NO TOKEN
ACCION: SE HA CONSULTADO LA LISTA DE USUARIOS.

TIPO DE LOG: INFO
METODO-HTTP: GET.
RUTA: /users.
MODULO: ROUTES.PY
APLICACION: USERS_API_REST
FECHA: 2023-11-19 21:46:36.815601
IP: 172.18.0.1
USUARIO AUTENTICADO: GUEST
TOKEN: NO TOKEN
ACCION: SE HA CONSULTADO LA LISTA DE USUARIOS.

TIPO DE LOG: INFO
METODO-HTTP: GET.
RUTA: /users.
MODULO: ROUTES.PY
APLICACION: USERS_API_REST
FECHA: 2023-11-19 21:46:36.920993
IP: 172.18.0.1
USUARIO AUTENTICADO: GUEST
TOKEN: NO TOKEN
ACCION: SE HA CONSULTADO LA LISTA DE USUARIOS.

TIPO DE LOG: AUTH
METODO-HTTP: POST.
RUTA: /auth.
MODULO: ROUTES.PY
APLICACION: USERS_API_REST
FECHA: 2023-11-19 21:46:37.006294
IP: 172.18.0.1
USUARIO AUTENTICADO: [ID: 16] Pedronel Suarez
TOKEN: eyJhbGciOiJIUzI1NiIsInR5cCI6IkpXVCJ9.eyJ1c2VyX2lkIjoxNiwiZXhwIjoxNzAwNDMyMTk3fQ.dWn8Fu-4M7i-nZ3gv5ewASuLqdx935N_pTUym78DAxs
ACCION: UN USUARIO SE HA AUTENTICADO.

TIPO DE LOG: INFO
METODO-HTTP: POST.
RUTA: /logs.
MODULO: ROUTES.PY
APLICACION: LOGS_API_REST
FECHA: 2023-10-03 15:39:14.861564
IP: 172.18.0.1
USUARIO AUTENTICADO: GUEST
TOKEN: NO TOKEN
ACCION: SE HA CREADO UN NUEVO LOG DESDE LA API DE LOGS

TIPO DE LOG: PROFILE
METODO-HTTP: DELETE
RUTA: /profiles/16
MODULO: PROFILECONTROLLER.JS
APLICACION: PROFILES_API_REST
FECHA: 2023-11-19 22:15:54.997
IP: 172.18.0.1
USUARIO AUTENTICADO: USUARIO CON ID: 16
TOKEN: NO TOKEN
ACCION: PERFIL ELIMINADO.

TIPO DE LOG: INFO
METODO-HTTP: GET.
RUTA: /users.
MODULO: ROUTES.PY
APLICACION: USERS_API_REST
FECHA: 2023-11-19 22:17:48.108852
IP: 172.18.0.1
USUARIO AUTENTICADO: GUEST
TOKEN: NO TOKEN
ACCION: SE HA CONSULTADO LA LISTA DE USUARIOS.

TIPO DE LOG: INFO
METODO-HTTP: GET.
RUTA: /users.
MODULO: ROUTES.PY
APLICACION: USERS_API_REST
FECHA: 2023-11-19 22:19:44.551967
IP: 172.18.0.1
USUARIO AUTENTICADO: GUEST
TOKEN: NO TOKEN
ACCION: SE HA CONSULTADO LA LISTA DE USUARIOS.

TIPO DE LOG: INFO
METODO-HTTP: GET.
RUTA: /users.
MODULO: ROUTES.PY
APLICACION: USERS_API_REST
FECHA: 2023-11-19 22:19:53.854238
IP: 172.18.0.1
USUARIO AUTENTICADO: GUEST
TOKEN: NO TOKEN
ACCION: SE HA CONSULTADO LA LISTA DE USUARIOS.

TIPO DE LOG: INFO
METODO-HTTP: GET.
RUTA: /users.
MODULO: ROUTES.PY
APLICACION: USERS_API_REST
FECHA: 2023-11-19 22:20:05.641415
IP: 172.18.0.1
USUARIO AUTENTICADO: GUEST
TOKEN: NO TOKEN
ACCION: SE HA CONSULTADO LA LISTA DE USUARIOS.

TIPO DE LOG: INFO
METODO-HTTP: GET.
RUTA: /users.
MODULO: ROUTES.PY
APLICACION: USERS_API_REST
FECHA: 2023-11-19 22:20:09.603920
IP: 172.18.0.1
USUARIO AUTENTICADO: GUEST
TOKEN: NO TOKEN
ACCION: SE HA CONSULTADO LA LISTA DE USUARIOS.

TIPO DE LOG: INFO
METODO-HTTP: GET.
RUTA: /users.
MODULO: ROUTES.PY
APLICACION: USERS_API_REST
FECHA: 2023-11-19 22:20:26.349928
IP: 172.18.0.1
USUARIO AUTENTICADO: GUEST
TOKEN: NO TOKEN
ACCION: SE HA CONSULTADO LA LISTA DE USUARIOS.

TIPO DE LOG: AUTH
METODO-HTTP: POST.
RUTA: /auth.
MODULO: ROUTES.PY
APLICACION: USERS_API_REST
FECHA: 2023-11-19 22:23:02.616335
IP: 172.18.0.1
USUARIO AUTENTICADO: [ID: 16]  Suarez
TOKEN: eyJhbGciOiJIUzI1NiIsInR5cCI6IkpXVCJ9.eyJ1c2VyX2lkIjoxNiwiZXhwIjoxNzAwNDM0MzgyfQ.ezScSX-ibwyvXk-KSAbvSIyk1vN-AeSApSu80eNmd74
ACCION: UN USUARIO SE HA AUTENTICADO.

TIPO DE LOG: INFO
METODO-HTTP: GET.
RUTA: /users.
MODULO: ROUTES.PY
APLICACION: USERS_API_REST
FECHA: 2023-11-19 22:28:43.010355
IP: 172.18.0.1
USUARIO AUTENTICADO: GUEST
TOKEN: NO TOKEN
ACCION: SE HA CONSULTADO LA LISTA DE USUARIOS.

TIPO DE LOG: AUTH
METODO-HTTP: POST.
RUTA: /auth.
MODULO: ROUTES.PY
APLICACION: USERS_API_REST
FECHA: 2023-11-19 22:29:10.637607
IP: 172.18.0.1
USUARIO AUTENTICADO: [ID: 16]  Suarez
TOKEN: eyJhbGciOiJIUzI1NiIsInR5cCI6IkpXVCJ9.eyJ1c2VyX2lkIjoxNiwiZXhwIjoxNzAwNDM0NzUwfQ.0f2pUWac1z-G_BmZEdMduy0Su4pEsRiDWL2xjcnkXGI
ACCION: UN USUARIO SE HA AUTENTICADO.

TIPO DE LOG: INFO
METODO-HTTP: GET.
RUTA: /users.
MODULO: ROUTES.PY
APLICACION: USERS_API_REST
FECHA: 2023-11-19 22:34:34.722891
IP: 172.18.0.1
USUARIO AUTENTICADO: GUEST
TOKEN: NO TOKEN
ACCION: SE HA CONSULTADO LA LISTA DE USUARIOS.

TIPO DE LOG: AUTH
METODO-HTTP: POST.
RUTA: /auth.
MODULO: ROUTES.PY
APLICACION: USERS_API_REST
FECHA: 2023-11-19 22:36:34.755942
IP: 172.18.0.1
USUARIO AUTENTICADO: [ID: 16]  Suarez
TOKEN: eyJhbGciOiJIUzI1NiIsInR5cCI6IkpXVCJ9.eyJ1c2VyX2lkIjoxNiwiZXhwIjoxNzAwNDM1MTk0fQ.KpWaaCOl2pfCL7ftlM_cxCK0r5db9Y0byf2qssD6sZg
ACCION: UN USUARIO SE HA AUTENTICADO.

TIPO DE LOG: INFO
METODO-HTTP: GET.
RUTA: /users.
MODULO: ROUTES.PY
APLICACION: USERS_API_REST
FECHA: 2023-11-19 22:39:13.669426
IP: 172.18.0.1
USUARIO AUTENTICADO: GUEST
TOKEN: NO TOKEN
ACCION: SE HA CONSULTADO LA LISTA DE USUARIOS.

TIPO DE LOG: INFO
METODO-HTTP: GET.
RUTA: /users.
MODULO: ROUTES.PY
APLICACION: USERS_API_REST
FECHA: 2023-11-19 22:46:27.472808
IP: 172.19.0.1
USUARIO AUTENTICADO: GUEST
TOKEN: NO TOKEN
ACCION: SE HA CONSULTADO LA LISTA DE USUARIOS.

TIPO DE LOG: INFO
METODO-HTTP: GET.
RUTA: /users.
MODULO: ROUTES.PY
APLICACION: USERS_API_REST
FECHA: 2023-11-19 22:46:33.428460
IP: 172.19.0.1
USUARIO AUTENTICADO: GUEST
TOKEN: NO TOKEN
ACCION: SE HA CONSULTADO LA LISTA DE USUARIOS.

TIPO DE LOG: INFO
METODO-HTTP: GET.
RUTA: /users.
MODULO: ROUTES.PY
APLICACION: USERS_API_REST
FECHA: 2023-11-19 22:46:44.334005
IP: 172.19.0.1
USUARIO AUTENTICADO: GUEST
TOKEN: NO TOKEN
ACCION: SE HA CONSULTADO LA LISTA DE USUARIOS.

TIPO DE LOG: INFO
METODO-HTTP: GET.
RUTA: /users.
MODULO: ROUTES.PY
APLICACION: USERS_API_REST
FECHA: 2023-11-19 22:47:01.269210
IP: 172.19.0.1
USUARIO AUTENTICADO: GUEST
TOKEN: NO TOKEN
ACCION: SE HA CONSULTADO LA LISTA DE USUARIOS.

TIPO DE LOG: AUTH
METODO-HTTP: POST.
RUTA: /users/register.
MODULO: ROUTES.PY
APLICACION: USERS_API_REST
FECHA: 2023-11-19 22:47:17.492245
IP: 172.19.0.1
USUARIO AUTENTICADO: USUARIO REGISTRADO: Pedronel Suarez
TOKEN: NO TOKEN
ACCION: UN USUARIO SE HA REGISTRADO.

TIPO DE LOG: INFO
METODO-HTTP: GET.
RUTA: /users.
MODULO: ROUTES.PY
APLICACION: USERS_API_REST
FECHA: 2023-11-19 22:47:20.942366
IP: 172.19.0.1
USUARIO AUTENTICADO: GUEST
TOKEN: NO TOKEN
ACCION: SE HA CONSULTADO LA LISTA DE USUARIOS.

TIPO DE LOG: INFO
METODO-HTTP: GET.
RUTA: /users.
MODULO: ROUTES.PY
APLICACION: USERS_API_REST
FECHA: 2023-11-19 22:47:29.893754
IP: 172.19.0.1
USUARIO AUTENTICADO: GUEST
TOKEN: NO TOKEN
ACCION: SE HA CONSULTADO LA LISTA DE USUARIOS.

TIPO DE LOG: AUTH
METODO-HTTP: POST.
RUTA: /auth.
MODULO: ROUTES.PY
APLICACION: USERS_API_REST
FECHA: 2023-11-19 22:47:56.282448
IP: 172.19.0.1
USUARIO AUTENTICADO: [ID: 16] Pedronel Suarez
TOKEN: eyJhbGciOiJIUzI1NiIsInR5cCI6IkpXVCJ9.eyJ1c2VyX2lkIjoxNiwiZXhwIjoxNzAwNDM1ODc2fQ.9UQrD25XIqx2QwrvY9Uk5Q8wIMJeawlRhYvQPhG8txs
ACCION: UN USUARIO SE HA AUTENTICADO.

TIPO DE LOG: INFO
METODO-HTTP: GET.
RUTA: /users.
MODULO: ROUTES.PY
APLICACION: USERS_API_REST
FECHA: 2023-11-19 22:50:05.040119
IP: 172.19.0.1
USUARIO AUTENTICADO: GUEST
TOKEN: NO TOKEN
ACCION: SE HA CONSULTADO LA LISTA DE USUARIOS.

TIPO DE LOG: INFO
METODO-HTTP: GET.
RUTA: /users.
MODULO: ROUTES.PY
APLICACION: USERS_API_REST
FECHA: 2023-11-19 22:54:28.805069
IP: 172.19.0.1
USUARIO AUTENTICADO: GUEST
TOKEN: NO TOKEN
ACCION: SE HA CONSULTADO LA LISTA DE USUARIOS.

TIPO DE LOG: AUTH
METODO-HTTP: POST.
RUTA: /auth.
MODULO: ROUTES.PY
APLICACION: USERS_API_REST
FECHA: 2023-11-19 22:55:37.109084
IP: 172.19.0.1
USUARIO AUTENTICADO: [ID: 16] Pedronel Suarez
TOKEN: eyJhbGciOiJIUzI1NiIsInR5cCI6IkpXVCJ9.eyJ1c2VyX2lkIjoxNiwiZXhwIjoxNzAwNDM2MzM3fQ.RmvvgRYplBhtM5aHqVUNMsLTf79BM3ysABlQ769wLio
ACCION: UN USUARIO SE HA AUTENTICADO.

TIPO DE LOG: AUTH
METODO-HTTP: POST.
RUTA: /users/register.
MODULO: ROUTES.PY
APLICACION: USERS_API_REST
FECHA: 2023-11-19 23:11:37.422056
IP: 172.19.0.1
USUARIO AUTENTICADO: USUARIO REGISTRADO: Pedronel Suarez
TOKEN: NO TOKEN
ACCION: UN USUARIO SE HA REGISTRADO.

TIPO DE LOG: AUTH
METODO-HTTP: POST.
RUTA: /auth.
MODULO: ROUTES.PY
APLICACION: USERS_API_REST
FECHA: 2023-11-19 23:11:49.668113
IP: 172.19.0.1
USUARIO AUTENTICADO: [ID: 27] Pedronel Suarez
TOKEN: eyJhbGciOiJIUzI1NiIsInR5cCI6IkpXVCJ9.eyJ1c2VyX2lkIjoyNywiZXhwIjoxNzAwNDM3MzA5fQ.jBlblRSGMDRE3KxjXfVrWNqLQGBA7Jx4kUR45MOy8Bo
ACCION: UN USUARIO SE HA AUTENTICADO.

TIPO DE LOG: PROFILE
METODO-HTTP: PUT
RUTA: /profiles/:id
MODULO: PROFILECONTROLLER.JS
APLICACION: PROFILES_API_REST
FECHA: 2023-11-19 23:12:51.44
IP: 172.19.0.1
USUARIO AUTENTICADO: USUARIO CON ID: 27
TOKEN: eyJhbGciOiJIUzI1NiIsInR5cCI6IkpXVCJ9.eyJ1c2VyX2lkIjoyNywiZXhwIjoxNzAwNDM3MzA5fQ.jBlblRSGMDRE3KxjXfVrWNqLQGBA7Jx4kUR45MOy8Bo
ACCION: PERFIL ACTUALIZADO.

TIPO DE LOG: PROFILE
METODO-HTTP: DELETE
RUTA: /profiles/27
MODULO: PROFILECONTROLLER.JS
APLICACION: PROFILES_API_REST
FECHA: 2023-11-19 23:13:17.38
IP: 172.19.0.1
USUARIO AUTENTICADO: USUARIO CON ID: 27
TOKEN: NO TOKEN
ACCION: PERFIL ELIMINADO.

TIPO DE LOG: PROFILE
METODO-HTTP: DELETE
RUTA: /profiles/16
MODULO: PROFILECONTROLLER.JS
APLICACION: PROFILES_API_REST
FECHA: 2023-11-19 23:14:55.776
IP: 172.19.0.1
USUARIO AUTENTICADO: USUARIO CON ID: 16
TOKEN: NO TOKEN
ACCION: PERFIL ELIMINADO.

TIPO DE LOG: AUTH
METODO-HTTP: POST.
RUTA: /users/register.
MODULO: ROUTES.PY
APLICACION: USERS_API_REST
FECHA: 2023-11-19 23:16:02.661554
IP: 172.19.0.8
USUARIO AUTENTICADO: USUARIO REGISTRADO: Pedronel Suarez
TOKEN: NO TOKEN
ACCION: UN USUARIO SE HA REGISTRADO.

TIPO DE LOG: AUTH
METODO-HTTP: POST.
RUTA: /users/register.
MODULO: ROUTES.PY
APLICACION: USERS_API_REST
FECHA: 2023-11-19 23:20:25.185397
IP: 172.20.0.8
USUARIO AUTENTICADO: USUARIO REGISTRADO: Pedronel Suarez
TOKEN: NO TOKEN
ACCION: UN USUARIO SE HA REGISTRADO.

TIPO DE LOG: AUTH
METODO-HTTP: POST.
RUTA: /auth.
MODULO: ROUTES.PY
APLICACION: USERS_API_REST
FECHA: 2023-11-19 23:20:47.010606
IP: 172.20.0.8
USUARIO AUTENTICADO: [ID: 6] Pedronel Suarez
TOKEN: eyJhbGciOiJIUzI1NiIsInR5cCI6IkpXVCJ9.eyJ1c2VyX2lkIjo2LCJleHAiOjE3MDA0Mzc4NDd9.JM2tmVP3SMtSSxlvNj9-cspwovbbUsOW7xwIJieTEk4
ACCION: UN USUARIO SE HA AUTENTICADO.

TIPO DE LOG: INFO
METODO-HTTP: GET.
RUTA: /users.
MODULO: ROUTES.PY
APLICACION: USERS_API_REST
FECHA: 2023-11-19 23:21:47.510739
IP: 172.20.0.1
USUARIO AUTENTICADO: GUEST
TOKEN: NO TOKEN
ACCION: SE HA CONSULTADO LA LISTA DE USUARIOS.

TIPO DE LOG: AUTH
METODO-HTTP: POST.
RUTA: /users/register.
MODULO: ROUTES.PY
APLICACION: USERS_API_REST
FECHA: 2023-11-19 23:22:06.604508
IP: 172.20.0.1
USUARIO AUTENTICADO: USUARIO REGISTRADO: Pedronel Suarez
TOKEN: NO TOKEN
ACCION: UN USUARIO SE HA REGISTRADO.

TIPO DE LOG: INFO
METODO-HTTP: GET.
RUTA: /users.
MODULO: ROUTES.PY
APLICACION: USERS_API_REST
FECHA: 2023-11-19 23:22:06.865170
IP: 172.20.0.1
USUARIO AUTENTICADO: GUEST
TOKEN: NO TOKEN
ACCION: SE HA CONSULTADO LA LISTA DE USUARIOS.

TIPO DE LOG: INFO
METODO-HTTP: GET.
RUTA: /users.
MODULO: ROUTES.PY
APLICACION: USERS_API_REST
FECHA: 2023-11-19 23:22:06.956761
IP: 172.20.0.1
USUARIO AUTENTICADO: GUEST
TOKEN: NO TOKEN
ACCION: SE HA CONSULTADO LA LISTA DE USUARIOS.

TIPO DE LOG: INFO
METODO-HTTP: GET.
RUTA: /users.
MODULO: ROUTES.PY
APLICACION: USERS_API_REST
FECHA: 2023-11-19 23:22:07.018482
IP: 172.20.0.1
USUARIO AUTENTICADO: GUEST
TOKEN: NO TOKEN
ACCION: SE HA CONSULTADO LA LISTA DE USUARIOS.

TIPO DE LOG: AUTH
METODO-HTTP: POST.
RUTA: /auth.
MODULO: ROUTES.PY
APLICACION: USERS_API_REST
FECHA: 2023-11-19 23:22:07.098968
IP: 172.20.0.1
USUARIO AUTENTICADO: [ID: 7] Pedronel Suarez
TOKEN: eyJhbGciOiJIUzI1NiIsInR5cCI6IkpXVCJ9.eyJ1c2VyX2lkIjo3LCJleHAiOjE3MDA0Mzc5Mjd9.R6xnicWVoq1eNIHl12exOYEEA1pOlRjVRXIEnWgvf0g
ACCION: UN USUARIO SE HA AUTENTICADO.

TIPO DE LOG: INFO
METODO-HTTP: POST.
RUTA: /logs.
MODULO: ROUTES.PY
APLICACION: LOGS_API_REST
FECHA: 2023-10-03 15:39:14.861564
IP: 172.18.0.1
USUARIO AUTENTICADO: GUEST
TOKEN: NO TOKEN
ACCION: SE HA CREADO UN NUEVO LOG DESDE LA API DE LOGS

TIPO DE LOG: PROFILE
METODO-HTTP: DELETE
RUTA: /profiles/7
MODULO: PROFILECONTROLLER.JS
APLICACION: PROFILES_API_REST
FECHA: 2023-11-19 23:22:08.703
IP: 172.20.0.1
USUARIO AUTENTICADO: USUARIO CON ID: 7
TOKEN: NO TOKEN
ACCION: PERFIL ELIMINADO.

TIPO DE LOG: AUTH
METODO-HTTP: POST.
RUTA: /users/register.
MODULO: ROUTES.PY
APLICACION: USERS_API_REST
FECHA: 2023-11-19 23:22:08.776224
IP: 172.20.0.1
USUARIO AUTENTICADO: USUARIO REGISTRADO: Pedronel Suarez
TOKEN: NO TOKEN
ACCION: UN USUARIO SE HA REGISTRADO.

TIPO DE LOG: AUTH
METODO-HTTP: POST.
RUTA: /auth.
MODULO: ROUTES.PY
APLICACION: USERS_API_REST
FECHA: 2023-11-19 23:22:08.883242
IP: 172.20.0.1
USUARIO AUTENTICADO: [ID: 8] Pedronel Suarez
TOKEN: eyJhbGciOiJIUzI1NiIsInR5cCI6IkpXVCJ9.eyJ1c2VyX2lkIjo4LCJleHAiOjE3MDA0Mzc5Mjh9.ZCzzff9NVEJ9ZaFZkzeW8pG3naOmhPjYcQ8mTMIyzZ0
ACCION: UN USUARIO SE HA AUTENTICADO.

TIPO DE LOG: PROFILE
METODO-HTTP: PUT
RUTA: /profiles/:id
MODULO: PROFILECONTROLLER.JS
APLICACION: PROFILES_API_REST
FECHA: 2023-11-19 23:22:09.461
IP: 172.20.0.1
USUARIO AUTENTICADO: USUARIO CON ID: 8
TOKEN: eyJhbGciOiJIUzI1NiIsInR5cCI6IkpXVCJ9.eyJ1c2VyX2lkIjo4LCJleHAiOjE3MDA0Mzc5Mjh9.ZCzzff9NVEJ9ZaFZkzeW8pG3naOmhPjYcQ8mTMIyzZ0
ACCION: PERFIL ACTUALIZADO.

TIPO DE LOG: PROFILE
METODO-HTTP: DELETE
RUTA: /profiles/8
MODULO: PROFILECONTROLLER.JS
APLICACION: PROFILES_API_REST
FECHA: 2023-11-19 23:22:09.693
IP: 172.20.0.1
USUARIO AUTENTICADO: USUARIO CON ID: 8
TOKEN: NO TOKEN
ACCION: PERFIL ELIMINADO.

TIPO DE LOG: AUTH
METODO-HTTP: POST.
RUTA: /users/register.
MODULO: ROUTES.PY
APLICACION: USERS_API_REST
FECHA: 2023-11-19 23:22:09.866928
IP: 172.20.0.8
USUARIO AUTENTICADO: USUARIO REGISTRADO: Pedronel Suarez
TOKEN: NO TOKEN
ACCION: UN USUARIO SE HA REGISTRADO.

TIPO DE LOG: AUTH
METODO-HTTP: POST.
RUTA: /auth.
MODULO: ROUTES.PY
APLICACION: USERS_API_REST
FECHA: 2023-11-19 23:22:10.039410
IP: 172.20.0.8
USUARIO AUTENTICADO: [ID: 9] Pedronel Suarez
TOKEN: eyJhbGciOiJIUzI1NiIsInR5cCI6IkpXVCJ9.eyJ1c2VyX2lkIjo5LCJleHAiOjE3MDA0Mzc5MzB9.-ypT2jPrvzeYV3L1yg9jFvObfuJ3_qQpDk_o3NjTC3s
ACCION: UN USUARIO SE HA AUTENTICADO.

TIPO DE LOG: AUTH
METODO-HTTP: POST.
RUTA: /users/register.
MODULO: ROUTES.PY
APLICACION: USERS_API_REST
FECHA: 2023-11-19 23:23:37.983611
IP: 172.20.0.1
USUARIO AUTENTICADO: USUARIO REGISTRADO: Pedronel Suarez
TOKEN: NO TOKEN
ACCION: UN USUARIO SE HA REGISTRADO.

TIPO DE LOG: INFO
METODO-HTTP: GET.
RUTA: /users.
MODULO: ROUTES.PY
APLICACION: USERS_API_REST
FECHA: 2023-11-19 23:23:38.209434
IP: 172.20.0.1
USUARIO AUTENTICADO: GUEST
TOKEN: NO TOKEN
ACCION: SE HA CONSULTADO LA LISTA DE USUARIOS.

TIPO DE LOG: INFO
METODO-HTTP: GET.
RUTA: /users.
MODULO: ROUTES.PY
APLICACION: USERS_API_REST
FECHA: 2023-11-19 23:23:38.276553
IP: 172.20.0.1
USUARIO AUTENTICADO: GUEST
TOKEN: NO TOKEN
ACCION: SE HA CONSULTADO LA LISTA DE USUARIOS.

TIPO DE LOG: INFO
METODO-HTTP: GET.
RUTA: /users.
MODULO: ROUTES.PY
APLICACION: USERS_API_REST
FECHA: 2023-11-19 23:23:38.350129
IP: 172.20.0.1
USUARIO AUTENTICADO: GUEST
TOKEN: NO TOKEN
ACCION: SE HA CONSULTADO LA LISTA DE USUARIOS.

TIPO DE LOG: AUTH
METODO-HTTP: POST.
RUTA: /auth.
MODULO: ROUTES.PY
APLICACION: USERS_API_REST
FECHA: 2023-11-19 23:23:38.428843
IP: 172.20.0.1
USUARIO AUTENTICADO: [ID: 10] Pedronel Suarez
TOKEN: eyJhbGciOiJIUzI1NiIsInR5cCI6IkpXVCJ9.eyJ1c2VyX2lkIjoxMCwiZXhwIjoxNzAwNDM4MDE4fQ.Do5NuukOS7uNf0_DiCq-T2mlpyV3aP2Jow30otBMjIY
ACCION: UN USUARIO SE HA AUTENTICADO.

TIPO DE LOG: INFO
METODO-HTTP: POST.
RUTA: /logs.
MODULO: ROUTES.PY
APLICACION: LOGS_API_REST
FECHA: 2023-10-03 15:39:14.861564
IP: 172.18.0.1
USUARIO AUTENTICADO: GUEST
TOKEN: NO TOKEN
ACCION: SE HA CREADO UN NUEVO LOG DESDE LA API DE LOGS

TIPO DE LOG: PROFILE
METODO-HTTP: DELETE
RUTA: /profiles/10
MODULO: PROFILECONTROLLER.JS
APLICACION: PROFILES_API_REST
FECHA: 2023-11-19 23:23:40.136
IP: 172.20.0.1
USUARIO AUTENTICADO: USUARIO CON ID: 10
TOKEN: NO TOKEN
ACCION: PERFIL ELIMINADO.

TIPO DE LOG: AUTH
METODO-HTTP: POST.
RUTA: /users/register.
MODULO: ROUTES.PY
APLICACION: USERS_API_REST
FECHA: 2023-11-19 23:23:40.216318
IP: 172.20.0.1
USUARIO AUTENTICADO: USUARIO REGISTRADO: Pedronel Suarez
TOKEN: NO TOKEN
ACCION: UN USUARIO SE HA REGISTRADO.

TIPO DE LOG: AUTH
METODO-HTTP: POST.
RUTA: /auth.
MODULO: ROUTES.PY
APLICACION: USERS_API_REST
FECHA: 2023-11-19 23:23:40.308602
IP: 172.20.0.1
USUARIO AUTENTICADO: [ID: 11] Pedronel Suarez
TOKEN: eyJhbGciOiJIUzI1NiIsInR5cCI6IkpXVCJ9.eyJ1c2VyX2lkIjoxMSwiZXhwIjoxNzAwNDM4MDIwfQ.UWHXDmkTBKiq8TKuftkwxOF6SgjL22KLwGCXGMe6jec
ACCION: UN USUARIO SE HA AUTENTICADO.

TIPO DE LOG: PROFILE
METODO-HTTP: PUT
RUTA: /profiles/:id
MODULO: PROFILECONTROLLER.JS
APLICACION: PROFILES_API_REST
FECHA: 2023-11-19 23:23:40.535
IP: 172.20.0.1
USUARIO AUTENTICADO: USUARIO CON ID: 11
TOKEN: eyJhbGciOiJIUzI1NiIsInR5cCI6IkpXVCJ9.eyJ1c2VyX2lkIjoxMSwiZXhwIjoxNzAwNDM4MDIwfQ.UWHXDmkTBKiq8TKuftkwxOF6SgjL22KLwGCXGMe6jec
ACCION: PERFIL ACTUALIZADO.

TIPO DE LOG: PROFILE
METODO-HTTP: DELETE
RUTA: /profiles/11
MODULO: PROFILECONTROLLER.JS
APLICACION: PROFILES_API_REST
FECHA: 2023-11-19 23:23:40.793
IP: 172.20.0.1
USUARIO AUTENTICADO: USUARIO CON ID: 11
TOKEN: NO TOKEN
ACCION: PERFIL ELIMINADO.

TIPO DE LOG: AUTH
METODO-HTTP: POST.
RUTA: /users/register.
MODULO: ROUTES.PY
APLICACION: USERS_API_REST
FECHA: 2023-11-19 23:23:40.981817
IP: 172.20.0.8
USUARIO AUTENTICADO: USUARIO REGISTRADO: Pedronel Suarez
TOKEN: NO TOKEN
ACCION: UN USUARIO SE HA REGISTRADO.

TIPO DE LOG: AUTH
METODO-HTTP: POST.
RUTA: /auth.
MODULO: ROUTES.PY
APLICACION: USERS_API_REST
FECHA: 2023-11-19 23:23:41.140540
IP: 172.20.0.8
USUARIO AUTENTICADO: [ID: 12] Pedronel Suarez
TOKEN: eyJhbGciOiJIUzI1NiIsInR5cCI6IkpXVCJ9.eyJ1c2VyX2lkIjoxMiwiZXhwIjoxNzAwNDM4MDIxfQ.0XBcC4g4pU4gnvOmCpCftKwGvdnFkfNTOIvODiM67vU
ACCION: UN USUARIO SE HA AUTENTICADO.

TIPO DE LOG: INFO
METODO-HTTP: GET.
RUTA: /users.
MODULO: ROUTES.PY
APLICACION: USERS_API_REST
FECHA: 2023-11-19 23:30:25.366965
IP: 172.20.0.1
USUARIO AUTENTICADO: GUEST
TOKEN: NO TOKEN
ACCION: SE HA CONSULTADO LA LISTA DE USUARIOS.

TIPO DE LOG: INFO
METODO-HTTP: GET.
RUTA: /users.
MODULO: ROUTES.PY
APLICACION: USERS_API_REST
FECHA: 2023-11-19 23:30:25.380168
IP: 172.20.0.1
USUARIO AUTENTICADO: GUEST
TOKEN: NO TOKEN
ACCION: SE HA CONSULTADO LA LISTA DE USUARIOS.

TIPO DE LOG: INFO
METODO-HTTP: GET.
RUTA: /users.
MODULO: ROUTES.PY
APLICACION: USERS_API_REST
FECHA: 2023-11-19 23:30:25.408993
IP: 172.20.0.1
USUARIO AUTENTICADO: GUEST
TOKEN: NO TOKEN
ACCION: SE HA CONSULTADO LA LISTA DE USUARIOS.

TIPO DE LOG: AUTH
METODO-HTTP: POST.
RUTA: /users/register.
MODULO: ROUTES.PY
APLICACION: USERS_API_REST
FECHA: 2023-11-19 23:30:25.452467
IP: 172.20.0.1
USUARIO AUTENTICADO: USUARIO REGISTRADO: Juan Zambrano
TOKEN: NO TOKEN
ACCION: UN USUARIO SE HA REGISTRADO.

TIPO DE LOG: AUTH
METODO-HTTP: POST.
RUTA: /auth.
MODULO: ROUTES.PY
APLICACION: USERS_API_REST
FECHA: 2023-11-19 23:30:25.607479
IP: 172.20.0.1
USUARIO AUTENTICADO: [ID: 13] Juan Zambrano
TOKEN: eyJhbGciOiJIUzI1NiIsInR5cCI6IkpXVCJ9.eyJ1c2VyX2lkIjoxMywiZXhwIjoxNzAwNDM4NDI1fQ.nylEZ1zd-Uw0MF-fx_QWscukzhnpFP_QDjzTH1L_f34
ACCION: UN USUARIO SE HA AUTENTICADO.

TIPO DE LOG: AUTH
METODO-HTTP: POST.
RUTA: /auth.
MODULO: ROUTES.PY
APLICACION: USERS_API_REST
FECHA: 2023-11-19 23:30:25.633330
IP: 172.20.0.1
USUARIO AUTENTICADO: [ID: 13] Juan Zambrano
TOKEN: eyJhbGciOiJIUzI1NiIsInR5cCI6IkpXVCJ9.eyJ1c2VyX2lkIjoxMywiZXhwIjoxNzAwNDM4NDI1fQ.nylEZ1zd-Uw0MF-fx_QWscukzhnpFP_QDjzTH1L_f34
ACCION: UN USUARIO SE HA AUTENTICADO.

TIPO DE LOG: INFO
METODO-HTTP: GET.
RUTA: /users.
MODULO: ROUTES.PY
APLICACION: USERS_API_REST
FECHA: 2023-11-19 23:33:19.871835
IP: 172.20.0.1
USUARIO AUTENTICADO: GUEST
TOKEN: NO TOKEN
ACCION: SE HA CONSULTADO LA LISTA DE USUARIOS.

TIPO DE LOG: INFO
METODO-HTTP: GET.
RUTA: /users.
MODULO: ROUTES.PY
APLICACION: USERS_API_REST
FECHA: 2023-11-19 23:33:19.883682
IP: 172.20.0.1
USUARIO AUTENTICADO: GUEST
TOKEN: NO TOKEN
ACCION: SE HA CONSULTADO LA LISTA DE USUARIOS.

TIPO DE LOG: INFO
METODO-HTTP: GET.
RUTA: /users.
MODULO: ROUTES.PY
APLICACION: USERS_API_REST
FECHA: 2023-11-19 23:33:19.896318
IP: 172.20.0.1
USUARIO AUTENTICADO: GUEST
TOKEN: NO TOKEN
ACCION: SE HA CONSULTADO LA LISTA DE USUARIOS.

TIPO DE LOG: AUTH
METODO-HTTP: POST.
RUTA: /auth.
MODULO: ROUTES.PY
APLICACION: USERS_API_REST
FECHA: 2023-11-19 23:33:20.034981
IP: 172.20.0.1
USUARIO AUTENTICADO: [ID: 13] Juan Zambrano
TOKEN: eyJhbGciOiJIUzI1NiIsInR5cCI6IkpXVCJ9.eyJ1c2VyX2lkIjoxMywiZXhwIjoxNzAwNDM4NjAwfQ.6m_9TYlOphDjAQQ-GsvwpwMfMLf9njsX8VRv1lS5sjs
ACCION: UN USUARIO SE HA AUTENTICADO.

TIPO DE LOG: AUTH
METODO-HTTP: POST.
RUTA: /auth.
MODULO: ROUTES.PY
APLICACION: USERS_API_REST
FECHA: 2023-11-19 23:33:20.070958
IP: 172.20.0.1
USUARIO AUTENTICADO: [ID: 13] Juan Zambrano
TOKEN: eyJhbGciOiJIUzI1NiIsInR5cCI6IkpXVCJ9.eyJ1c2VyX2lkIjoxMywiZXhwIjoxNzAwNDM4NjAwfQ.6m_9TYlOphDjAQQ-GsvwpwMfMLf9njsX8VRv1lS5sjs
ACCION: UN USUARIO SE HA AUTENTICADO.

TIPO DE LOG: AUTH
METODO-HTTP: POST.
RUTA: /auth.
MODULO: ROUTES.PY
APLICACION: USERS_API_REST
FECHA: 2023-11-19 23:33:20.098216
IP: 172.20.0.1
USUARIO AUTENTICADO: [ID: 13] Juan Zambrano
TOKEN: eyJhbGciOiJIUzI1NiIsInR5cCI6IkpXVCJ9.eyJ1c2VyX2lkIjoxMywiZXhwIjoxNzAwNDM4NjAwfQ.6m_9TYlOphDjAQQ-GsvwpwMfMLf9njsX8VRv1lS5sjs
ACCION: UN USUARIO SE HA AUTENTICADO.

TIPO DE LOG: INFO
METODO-HTTP: GET.
RUTA: /users.
MODULO: ROUTES.PY
APLICACION: USERS_API_REST
FECHA: 2023-11-19 23:36:10.523103
IP: 172.20.0.1
USUARIO AUTENTICADO: GUEST
TOKEN: NO TOKEN
ACCION: SE HA CONSULTADO LA LISTA DE USUARIOS.

TIPO DE LOG: INFO
METODO-HTTP: GET.
RUTA: /users.
MODULO: ROUTES.PY
APLICACION: USERS_API_REST
FECHA: 2023-11-19 23:36:44.895300
IP: 172.20.0.1
USUARIO AUTENTICADO: GUEST
TOKEN: NO TOKEN
ACCION: SE HA CONSULTADO LA LISTA DE USUARIOS.

TIPO DE LOG: INFO
METODO-HTTP: GET.
RUTA: /users.
MODULO: ROUTES.PY
APLICACION: USERS_API_REST
FECHA: 2023-11-19 23:36:44.906377
IP: 172.20.0.1
USUARIO AUTENTICADO: GUEST
TOKEN: NO TOKEN
ACCION: SE HA CONSULTADO LA LISTA DE USUARIOS.

TIPO DE LOG: INFO
METODO-HTTP: GET.
RUTA: /users.
MODULO: ROUTES.PY
APLICACION: USERS_API_REST
FECHA: 2023-11-19 23:36:44.918484
IP: 172.20.0.1
USUARIO AUTENTICADO: GUEST
TOKEN: NO TOKEN
ACCION: SE HA CONSULTADO LA LISTA DE USUARIOS.

TIPO DE LOG: AUTH
METODO-HTTP: POST.
RUTA: /users/register.
MODULO: ROUTES.PY
APLICACION: USERS_API_REST
FECHA: 2023-11-19 23:36:44.967246
IP: 172.20.0.1
USUARIO AUTENTICADO: USUARIO REGISTRADO: Juan Zambrano
TOKEN: NO TOKEN
ACCION: UN USUARIO SE HA REGISTRADO.

TIPO DE LOG: AUTH
METODO-HTTP: POST.
RUTA: /auth.
MODULO: ROUTES.PY
APLICACION: USERS_API_REST
FECHA: 2023-11-19 23:36:45.058125
IP: 172.20.0.1
USUARIO AUTENTICADO: [ID: 15] Juan Zambrano
TOKEN: eyJhbGciOiJIUzI1NiIsInR5cCI6IkpXVCJ9.eyJ1c2VyX2lkIjoxNSwiZXhwIjoxNzAwNDM4ODA1fQ.wsriVRJTvRDjsjGr2L_VEXFBVffUeSJmFJAscyv9nC4
ACCION: UN USUARIO SE HA AUTENTICADO.

TIPO DE LOG: AUTH
METODO-HTTP: POST.
RUTA: /auth.
MODULO: ROUTES.PY
APLICACION: USERS_API_REST
FECHA: 2023-11-19 23:36:45.090267
IP: 172.20.0.1
USUARIO AUTENTICADO: [ID: 15] Juan Zambrano
TOKEN: eyJhbGciOiJIUzI1NiIsInR5cCI6IkpXVCJ9.eyJ1c2VyX2lkIjoxNSwiZXhwIjoxNzAwNDM4ODA1fQ.wsriVRJTvRDjsjGr2L_VEXFBVffUeSJmFJAscyv9nC4
ACCION: UN USUARIO SE HA AUTENTICADO.

TIPO DE LOG: AUTH
METODO-HTTP: POST.
RUTA: /auth.
MODULO: ROUTES.PY
APLICACION: USERS_API_REST
FECHA: 2023-11-19 23:36:45.115072
IP: 172.20.0.1
USUARIO AUTENTICADO: [ID: 15] Juan Zambrano
TOKEN: eyJhbGciOiJIUzI1NiIsInR5cCI6IkpXVCJ9.eyJ1c2VyX2lkIjoxNSwiZXhwIjoxNzAwNDM4ODA1fQ.wsriVRJTvRDjsjGr2L_VEXFBVffUeSJmFJAscyv9nC4
ACCION: UN USUARIO SE HA AUTENTICADO.

TIPO DE LOG: INFO
METODO-HTTP: GET.
RUTA: /users.
MODULO: ROUTES.PY
APLICACION: USERS_API_REST
FECHA: 2023-11-19 23:37:16.294542
IP: 172.20.0.1
USUARIO AUTENTICADO: GUEST
TOKEN: NO TOKEN
ACCION: SE HA CONSULTADO LA LISTA DE USUARIOS.

TIPO DE LOG: AUTH
METODO-HTTP: POST.
RUTA: /users/register.
MODULO: ROUTES.PY
APLICACION: USERS_API_REST
FECHA: 2023-11-19 23:39:19.466261
IP: 172.20.0.1
USUARIO AUTENTICADO: USUARIO REGISTRADO: Pedronel Suarez
TOKEN: NO TOKEN
ACCION: UN USUARIO SE HA REGISTRADO.

TIPO DE LOG: AUTH
METODO-HTTP: POST.
RUTA: /auth.
MODULO: ROUTES.PY
APLICACION: USERS_API_REST
FECHA: 2023-11-19 23:39:21.253331
IP: 172.20.0.1
USUARIO AUTENTICADO: [ID: 16] Pedronel Suarez
TOKEN: eyJhbGciOiJIUzI1NiIsInR5cCI6IkpXVCJ9.eyJ1c2VyX2lkIjoxNiwiZXhwIjoxNzAwNDM4OTYxfQ.249Gbe9RUlCxeLPUpX5C9syNQNuCNx6jUPa2OgtTv7E
ACCION: UN USUARIO SE HA AUTENTICADO.

TIPO DE LOG: INFO
METODO-HTTP: GET.
RUTA: /users.
MODULO: ROUTES.PY
APLICACION: USERS_API_REST
FECHA: 2023-11-19 23:45:00.770280
IP: 172.20.0.1
USUARIO AUTENTICADO: GUEST
TOKEN: NO TOKEN
ACCION: SE HA CONSULTADO LA LISTA DE USUARIOS.

TIPO DE LOG: INFO
METODO-HTTP: GET.
RUTA: /users.
MODULO: ROUTES.PY
APLICACION: USERS_API_REST
FECHA: 2023-11-19 23:47:42.870468
IP: 172.20.0.1
USUARIO AUTENTICADO: GUEST
TOKEN: NO TOKEN
ACCION: SE HA CONSULTADO LA LISTA DE USUARIOS.

TIPO DE LOG: INFO
METODO-HTTP: GET.
RUTA: /users.
MODULO: ROUTES.PY
APLICACION: USERS_API_REST
FECHA: 2023-11-19 23:47:42.882295
IP: 172.20.0.1
USUARIO AUTENTICADO: GUEST
TOKEN: NO TOKEN
ACCION: SE HA CONSULTADO LA LISTA DE USUARIOS.

TIPO DE LOG: INFO
METODO-HTTP: GET.
RUTA: /users.
MODULO: ROUTES.PY
APLICACION: USERS_API_REST
FECHA: 2023-11-19 23:47:42.894608
IP: 172.20.0.1
USUARIO AUTENTICADO: GUEST
TOKEN: NO TOKEN
ACCION: SE HA CONSULTADO LA LISTA DE USUARIOS.

TIPO DE LOG: AUTH
METODO-HTTP: POST.
RUTA: /users/register.
MODULO: ROUTES.PY
APLICACION: USERS_API_REST
FECHA: 2023-11-19 23:47:42.947722
IP: 172.20.0.1
USUARIO AUTENTICADO: USUARIO REGISTRADO: Juan Zambrano
TOKEN: NO TOKEN
ACCION: UN USUARIO SE HA REGISTRADO.

TIPO DE LOG: AUTH
METODO-HTTP: POST.
RUTA: /auth.
MODULO: ROUTES.PY
APLICACION: USERS_API_REST
FECHA: 2023-11-19 23:47:43.034153
IP: 172.20.0.1
USUARIO AUTENTICADO: [ID: 17] Juan Zambrano
TOKEN: eyJhbGciOiJIUzI1NiIsInR5cCI6IkpXVCJ9.eyJ1c2VyX2lkIjoxNywiZXhwIjoxNzAwNDM5NDYzfQ.MQoMv9VM3JmROI8RJmRW_Ap0bibxwUk8Lx9LhUEoj6o
ACCION: UN USUARIO SE HA AUTENTICADO.

TIPO DE LOG: AUTH
METODO-HTTP: POST.
RUTA: /auth.
MODULO: ROUTES.PY
APLICACION: USERS_API_REST
FECHA: 2023-11-19 23:47:43.073955
IP: 172.20.0.1
USUARIO AUTENTICADO: [ID: 17] Juan Zambrano
TOKEN: eyJhbGciOiJIUzI1NiIsInR5cCI6IkpXVCJ9.eyJ1c2VyX2lkIjoxNywiZXhwIjoxNzAwNDM5NDYzfQ.MQoMv9VM3JmROI8RJmRW_Ap0bibxwUk8Lx9LhUEoj6o
ACCION: UN USUARIO SE HA AUTENTICADO.

TIPO DE LOG: AUTH
METODO-HTTP: POST.
RUTA: /auth.
MODULO: ROUTES.PY
APLICACION: USERS_API_REST
FECHA: 2023-11-19 23:47:43.097397
IP: 172.20.0.1
USUARIO AUTENTICADO: [ID: 17] Juan Zambrano
TOKEN: eyJhbGciOiJIUzI1NiIsInR5cCI6IkpXVCJ9.eyJ1c2VyX2lkIjoxNywiZXhwIjoxNzAwNDM5NDYzfQ.MQoMv9VM3JmROI8RJmRW_Ap0bibxwUk8Lx9LhUEoj6o
ACCION: UN USUARIO SE HA AUTENTICADO.

TIPO DE LOG: AUTH
METODO-HTTP: POST.
RUTA: /auth.
MODULO: ROUTES.PY
APLICACION: USERS_API_REST
FECHA: 2023-11-19 23:47:43.139525
IP: 172.20.0.1
USUARIO AUTENTICADO: [ID: 17] Juan Zambrano
TOKEN: eyJhbGciOiJIUzI1NiIsInR5cCI6IkpXVCJ9.eyJ1c2VyX2lkIjoxNywiZXhwIjoxNzAwNDM5NDYzfQ.MQoMv9VM3JmROI8RJmRW_Ap0bibxwUk8Lx9LhUEoj6o
ACCION: UN USUARIO SE HA AUTENTICADO.

TIPO DE LOG: cupidatat in eu laboris dolor
METODO-HTTP: ea eu eiusmod minim
RUTA: enim nostrud ullamco labore minim
MODULO: qui ex
APLICACION: officia do in proident
FECHA: 2023-10-03T00:00:00.0Z
IP: 172.18.0.1
USUARIO AUTENTICADO: anim exercitation et
TOKEN: incididunt nulla consectetur aute Duis
ACCION: dolor amet Lorem

