TIPO DE LOG: AUTH
METODO-HTTP: POST.
RUTA: /users/register.
MODULO: ROUTES.PY
APLICACION: USERS_API_REST
FECHA: 2023-11-20 00:23:10.893200
IP: 172.20.0.7
USUARIO AUTENTICADO: USUARIO REGISTRADO: Pedronel Suarez
TOKEN: NO TOKEN
ACCION: UN USUARIO SE HA REGISTRADO.

TIPO DE LOG: PROFILE
METODO-HTTP: DELETE
RUTA: /profiles/16
MODULO: PROFILECONTROLLER.JS
APLICACION: PROFILES_API_REST
FECHA: 2023-11-20 00:23:30.741
IP: 172.20.0.1
USUARIO AUTENTICADO: USUARIO CON ID: 16
TOKEN: NO TOKEN
ACCION: PERFIL ELIMINADO.

TIPO DE LOG: AUTH
METODO-HTTP: POST.
RUTA: /auth.
MODULO: ROUTES.PY
APLICACION: USERS_API_REST
FECHA: 2023-11-20 00:23:40.159823
IP: 172.20.0.7
USUARIO AUTENTICADO: [ID: 6] Pedronel Suarez
TOKEN: eyJhbGciOiJIUzI1NiIsInR5cCI6IkpXVCJ9.eyJ1c2VyX2lkIjo2LCJleHAiOjE3MDA0NDE2MjB9.WU9kKdeUGQhenUiElpv6E5qJEbNB5QSpgvyE_TpwkTs
ACCION: UN USUARIO SE HA AUTENTICADO.

TIPO DE LOG: AUTH
METODO-HTTP: POST.
RUTA: /users/register.
MODULO: ROUTES.PY
APLICACION: USERS_API_REST
FECHA: 2023-11-20 00:23:47.692553
IP: 172.20.0.7
USUARIO AUTENTICADO: USUARIO REGISTRADO: Pedronel Suarez
TOKEN: NO TOKEN
ACCION: UN USUARIO SE HA REGISTRADO.

TIPO DE LOG: AUTH
METODO-HTTP: POST.
RUTA: /users/register.
MODULO: ROUTES.PY
APLICACION: USERS_API_REST
FECHA: 2023-11-20 00:36:11.893783
IP: 172.21.0.8
USUARIO AUTENTICADO: USUARIO REGISTRADO: Pedronel Suarez
TOKEN: NO TOKEN
ACCION: UN USUARIO SE HA REGISTRADO.

TIPO DE LOG: PROFILE
METODO-HTTP: DELETE
RUTA: /profiles/6
MODULO: PROFILECONTROLLER.JS
APLICACION: PROFILES_API_REST
FECHA: 2023-11-20 00:41:47.474
IP: 172.21.0.1
USUARIO AUTENTICADO: USUARIO CON ID: 6
TOKEN: NO TOKEN
ACCION: PERFIL ELIMINADO.

TIPO DE LOG: AUTH
METODO-HTTP: POST.
RUTA: /users/register.
MODULO: ROUTES.PY
APLICACION: USERS_API_REST
FECHA: 2023-11-20 00:42:01.712057
IP: 172.21.0.7
USUARIO AUTENTICADO: USUARIO REGISTRADO: Pedronel Suarez
TOKEN: NO TOKEN
ACCION: UN USUARIO SE HA REGISTRADO.

TIPO DE LOG: GATEWAY
METODO-HTTP: POST
RUTA: /register
MODULO: API.PY
APLICACION: GATEWAY_API_REST
FECHA: 2023-11-20 00:42:01
IP: 172.21.0.1
USUARIO AUTENTICADO: USUARIO REGISTRADO: Pedronel Suarez
TOKEN: NO TOKEN
ACCION: UN USUARIO SE HA REGISTRADO POR MEDIO DE LA API GATEWAY.

TIPO DE LOG: AUTH
METODO-HTTP: POST.
RUTA: /auth.
MODULO: ROUTES.PY
APLICACION: USERS_API_REST
FECHA: 2023-11-20 00:43:18.367954
IP: 172.21.0.7
USUARIO AUTENTICADO: [ID: 6] Pedronel Suarez
TOKEN: eyJhbGciOiJIUzI1NiIsInR5cCI6IkpXVCJ9.eyJ1c2VyX2lkIjo2LCJleHAiOjE3MDA0NDI3OTh9.JkuDn3JDU6HVxtD5yhRp4L83HFkOg99osP9UZ40tftE
ACCION: UN USUARIO SE HA AUTENTICADO.

TIPO DE LOG: AUTH
METODO-HTTP: POST.
RUTA: /auth.
MODULO: ROUTES.PY
APLICACION: USERS_API_REST
FECHA: 2023-11-20 00:57:17.605397
IP: 172.21.0.8
USUARIO AUTENTICADO: [ID: 6] Pedronel Suarez
TOKEN: eyJhbGciOiJIUzI1NiIsInR5cCI6IkpXVCJ9.eyJ1c2VyX2lkIjo2LCJleHAiOjE3MDA0NDM2Mzd9.kGxLMVktetDHOcA6OCbtZm9EUICPYELy_SIEJrbBKPY
ACCION: UN USUARIO SE HA AUTENTICADO.

TIPO DE LOG: AUTH
METODO-HTTP: POST.
RUTA: /users/register.
MODULO: ROUTES.PY
APLICACION: USERS_API_REST
FECHA: 2023-11-20 01:02:35.488119
IP: 172.22.0.7
USUARIO AUTENTICADO: USUARIO REGISTRADO: Pedronel Suarez
TOKEN: NO TOKEN
ACCION: UN USUARIO SE HA REGISTRADO.

TIPO DE LOG: GATEWAY
METODO-HTTP: POST
RUTA: /register
MODULO: API.PY
APLICACION: GATEWAY_API_REST
FECHA: 2023-11-20 01:02:35
IP: 172.22.0.1
USUARIO AUTENTICADO: USUARIO REGISTRADO: Pedronel Suarez
TOKEN: NO TOKEN
ACCION: UN USUARIO SE HA REGISTRADO POR MEDIO DE LA API GATEWAY.

TIPO DE LOG: AUTH
METODO-HTTP: POST.
RUTA: /auth.
MODULO: ROUTES.PY
APLICACION: USERS_API_REST
FECHA: 2023-11-20 01:02:41.660538
IP: 172.22.0.7
USUARIO AUTENTICADO: [ID: 6] Pedronel Suarez
TOKEN: eyJhbGciOiJIUzI1NiIsInR5cCI6IkpXVCJ9.eyJ1c2VyX2lkIjo2LCJleHAiOjE3MDA0NDM5NjF9.zd3PDGJG1BViYLwQjw00veUg0xaKQIL0AcRV8zF5nWU
ACCION: UN USUARIO SE HA AUTENTICADO.

TIPO DE LOG: GATEWAY
METODO-HTTP: POST
RUTA: /auth
MODULO: API.PY
APLICACION: GATEWAY_API_REST
FECHA: 2023-11-20 01:02:41
IP: 172.22.0.1
USUARIO AUTENTICADO: USUARIO AUTENTICADO: pedrito@gmail.com
TOKEN: eyJhbGciOiJIUzI1NiIsInR5cCI6IkpXVCJ9.eyJ1c2VyX2lkIjo2LCJleHAiOjE3MDA0NDM5NjF9.zd3PDGJG1BViYLwQjw00veUg0xaKQIL0AcRV8zF5nWU
ACCION: UN USUARIO SE HA AUTENTICADO POR MEDIO DE LA API GATEWAY.

TIPO DE LOG: PROFILE
METODO-HTTP: DELETE
RUTA: /profiles/6
MODULO: PROFILECONTROLLER.JS
APLICACION: PROFILES_API_REST
FECHA: 2023-11-20 01:04:52.271
IP: 172.22.0.1
USUARIO AUTENTICADO: USUARIO CON ID: 6
TOKEN: NO TOKEN
ACCION: PERFIL ELIMINADO.

TIPO DE LOG: PROFILE
METODO-HTTP: POST
RUTA: /profiles
MODULO: PROFILECONTROLLER.JS
APLICACION: PROFILES_API_REST
FECHA: 2023-11-20 03:17:07.48
IP: 172.22.0.1
USUARIO AUTENTICADO: USUARIO CON ID: 92207625
TOKEN: NO TOKEN
ACCION: NUEVO PERFIL CREADO.

TIPO DE LOG: INFO
METODO-HTTP: GET.
RUTA: /users.
MODULO: ROUTES.PY
APLICACION: USERS_API_REST
FECHA: 2023-11-20 03:35:39.580245
IP: 172.22.0.1
USUARIO AUTENTICADO: GUEST
TOKEN: NO TOKEN
ACCION: SE HA CONSULTADO LA LISTA DE USUARIOS.

TIPO DE LOG: INFO
METODO-HTTP: GET.
RUTA: /users.
MODULO: ROUTES.PY
APLICACION: USERS_API_REST
FECHA: 2023-11-20 04:39:27.984497
IP: 172.20.0.1
USUARIO AUTENTICADO: GUEST
TOKEN: NO TOKEN
ACCION: SE HA CONSULTADO LA LISTA DE USUARIOS.

TIPO DE LOG: AUTH
METODO-HTTP: POST.
RUTA: /users/register.
MODULO: ROUTES.PY
APLICACION: USERS_API_REST
FECHA: 2023-11-20 04:43:52.416120
IP: 172.20.0.7
USUARIO AUTENTICADO: USUARIO REGISTRADO: Pedronel Suarez
TOKEN: NO TOKEN
ACCION: UN USUARIO SE HA REGISTRADO.

TIPO DE LOG: GATEWAY
METODO-HTTP: POST
RUTA: /register
MODULO: API.PY
APLICACION: GATEWAY_API_REST
FECHA: 2023-11-20 04:43:52
IP: 172.20.0.1
USUARIO AUTENTICADO: USUARIO REGISTRADO: Pedronel Suarez
TOKEN: NO TOKEN
ACCION: UN USUARIO SE HA REGISTRADO POR MEDIO DE LA API GATEWAY.

TIPO DE LOG: AUTH
METODO-HTTP: POST.
RUTA: /auth.
MODULO: ROUTES.PY
APLICACION: USERS_API_REST
FECHA: 2023-11-20 04:43:59.635747
IP: 172.20.0.7
USUARIO AUTENTICADO: [ID: 6] Pedronel Suarez
TOKEN: eyJhbGciOiJIUzI1NiIsInR5cCI6IkpXVCJ9.eyJ1c2VyX2lkIjo2LCJleHAiOjE3MDA0NTcyMzl9.E36hZ75vMJtA1EWXalWnSNwba8vLy_G4rgHIobGGlvE
ACCION: UN USUARIO SE HA AUTENTICADO.

TIPO DE LOG: AUTH
METODO-HTTP: POST.
RUTA: /auth.
MODULO: ROUTES.PY
APLICACION: USERS_API_REST
FECHA: 2023-11-20 04:45:02.555188
IP: 172.20.0.7
USUARIO AUTENTICADO: [ID: 6] Pedronel Suarez
TOKEN: eyJhbGciOiJIUzI1NiIsInR5cCI6IkpXVCJ9.eyJ1c2VyX2lkIjo2LCJleHAiOjE3MDA0NTczMDJ9.vma-kwo3KOnvDun6U3BQCs-cf33LqTKYLt4Bg7V7lng
ACCION: UN USUARIO SE HA AUTENTICADO.

TIPO DE LOG: GATEWAY
METODO-HTTP: POST
RUTA: /auth
MODULO: API.PY
APLICACION: GATEWAY_API_REST
FECHA: 2023-11-20 04:45:02
IP: 172.20.0.1
USUARIO AUTENTICADO: USUARIO AUTENTICADO: pedrito@gmail.com
TOKEN: eyJhbGciOiJIUzI1NiIsInR5cCI6IkpXVCJ9.eyJ1c2VyX2lkIjo2LCJleHAiOjE3MDA0NTczMDJ9.vma-kwo3KOnvDun6U3BQCs-cf33LqTKYLt4Bg7V7lng
ACCION: UN USUARIO SE HA AUTENTICADO POR MEDIO DE LA API GATEWAY.

TIPO DE LOG: GATEWAY
METODO-HTTP: POST
RUTA: /register
MODULO: API.PY
APLICACION: GATEWAY_API_REST
FECHA: 2023-11-20 04:48:41
IP: 172.20.0.1
USUARIO AUTENTICADO: USUARIO REGISTRADO: Pedronel Suarez
TOKEN: NO TOKEN
ACCION: UN USUARIO SE HA REGISTRADO POR MEDIO DE LA API GATEWAY.

TIPO DE LOG: AUTH
METODO-HTTP: POST.
RUTA: /users/register.
MODULO: ROUTES.PY
APLICACION: USERS_API_REST
FECHA: 2023-11-20 04:48:51.026439
IP: 172.20.0.7
USUARIO AUTENTICADO: USUARIO REGISTRADO: Pedronel Suarez
TOKEN: NO TOKEN
ACCION: UN USUARIO SE HA REGISTRADO.

TIPO DE LOG: GATEWAY
METODO-HTTP: POST
RUTA: /register
MODULO: API.PY
APLICACION: GATEWAY_API_REST
FECHA: 2023-11-20 04:48:51
IP: 172.20.0.1
USUARIO AUTENTICADO: USUARIO REGISTRADO: Pedronel Suarez
TOKEN: NO TOKEN
ACCION: UN USUARIO SE HA REGISTRADO POR MEDIO DE LA API GATEWAY.

TIPO DE LOG: AUTH
METODO-HTTP: POST.
RUTA: /auth.
MODULO: ROUTES.PY
APLICACION: USERS_API_REST
FECHA: 2023-11-20 04:49:00.367402
IP: 172.20.0.7
USUARIO AUTENTICADO: [ID: 8] Pedronel Suarez
TOKEN: eyJhbGciOiJIUzI1NiIsInR5cCI6IkpXVCJ9.eyJ1c2VyX2lkIjo4LCJleHAiOjE3MDA0NTc1NDB9.Mp0zHXF9oPN9SrSRver0MSQWrJLtocLuiqCvQoMpt40
ACCION: UN USUARIO SE HA AUTENTICADO.

TIPO DE LOG: AUTH
METODO-HTTP: POST.
RUTA: /users/register.
MODULO: ROUTES.PY
APLICACION: USERS_API_REST
FECHA: 2023-11-20 04:51:30.668259
IP: 172.21.0.8
USUARIO AUTENTICADO: USUARIO REGISTRADO: Pedronel Suarez
TOKEN: NO TOKEN
ACCION: UN USUARIO SE HA REGISTRADO.

TIPO DE LOG: GATEWAY
METODO-HTTP: POST
RUTA: /register
MODULO: API.PY
APLICACION: GATEWAY_API_REST
FECHA: 2023-11-20 04:51:30
IP: 172.21.0.1
USUARIO AUTENTICADO: USUARIO REGISTRADO: Pedronel Suarez
TOKEN: NO TOKEN
ACCION: UN USUARIO SE HA REGISTRADO POR MEDIO DE LA API GATEWAY.

TIPO DE LOG: AUTH
METODO-HTTP: POST.
RUTA: /auth.
MODULO: ROUTES.PY
APLICACION: USERS_API_REST
FECHA: 2023-11-20 04:51:34.504343
IP: 172.21.0.8
USUARIO AUTENTICADO: [ID: 6] Pedronel Suarez
TOKEN: eyJhbGciOiJIUzI1NiIsInR5cCI6IkpXVCJ9.eyJ1c2VyX2lkIjo2LCJleHAiOjE3MDA0NTc2OTR9.8MCe8Z18A2gwPa4nzBtf9PGWcQNpFOV6kQJ9TKK3ZhI
ACCION: UN USUARIO SE HA AUTENTICADO.

TIPO DE LOG: AUTH
METODO-HTTP: POST.
RUTA: /users/register.
MODULO: ROUTES.PY
APLICACION: USERS_API_REST
FECHA: 2023-11-20 05:03:17.545997
IP: 172.22.0.8
USUARIO AUTENTICADO: USUARIO REGISTRADO: Pedronel Suarez
TOKEN: NO TOKEN
ACCION: UN USUARIO SE HA REGISTRADO.

TIPO DE LOG: GATEWAY
METODO-HTTP: POST
RUTA: /register
MODULO: API.PY
APLICACION: GATEWAY_API_REST
FECHA: 2023-11-20 05:03:17
IP: 172.22.0.1
USUARIO AUTENTICADO: USUARIO REGISTRADO: Pedronel Suarez
TOKEN: NO TOKEN
ACCION: UN USUARIO SE HA REGISTRADO POR MEDIO DE LA API GATEWAY.

TIPO DE LOG: AUTH
METODO-HTTP: POST.
RUTA: /auth.
MODULO: ROUTES.PY
APLICACION: USERS_API_REST
FECHA: 2023-11-20 05:03:42.535075
IP: 172.22.0.8
USUARIO AUTENTICADO: [ID: 6] Pedronel Suarez
TOKEN: eyJhbGciOiJIUzI1NiIsInR5cCI6IkpXVCJ9.eyJ1c2VyX2lkIjo2LCJleHAiOjE3MDA0NTg0MjJ9.tKXmAQpQcNXP9FdH7s0OxGBBqwEBOp9nqR-7xK1hXJY
ACCION: UN USUARIO SE HA AUTENTICADO.

TIPO DE LOG: GATEWAY
METODO-HTTP: POST
RUTA: /auth
MODULO: API.PY
APLICACION: GATEWAY_API_REST
FECHA: 2023-11-20 05:03:42
IP: 172.22.0.1
USUARIO AUTENTICADO: USUARIO AUTENTICADO: pedrito@gmail.com
TOKEN: eyJhbGciOiJIUzI1NiIsInR5cCI6IkpXVCJ9.eyJ1c2VyX2lkIjo2LCJleHAiOjE3MDA0NTg0MjJ9.tKXmAQpQcNXP9FdH7s0OxGBBqwEBOp9nqR-7xK1hXJY
ACCION: UN USUARIO SE HA AUTENTICADO POR MEDIO DE LA API GATEWAY.

TIPO DE LOG: AUTH
METODO-HTTP: POST.
RUTA: /users/register.
MODULO: ROUTES.PY
APLICACION: USERS_API_REST
FECHA: 2023-11-20 05:03:53.481690
IP: 172.22.0.8
USUARIO AUTENTICADO: USUARIO REGISTRADO: Pedronel Suarez
TOKEN: NO TOKEN
ACCION: UN USUARIO SE HA REGISTRADO.

TIPO DE LOG: GATEWAY
METODO-HTTP: POST
RUTA: /register
MODULO: API.PY
APLICACION: GATEWAY_API_REST
FECHA: 2023-11-20 05:03:53
IP: 172.22.0.1
USUARIO AUTENTICADO: USUARIO REGISTRADO: Pedronel Suarez
TOKEN: NO TOKEN
ACCION: UN USUARIO SE HA REGISTRADO POR MEDIO DE LA API GATEWAY.

TIPO DE LOG: AUTH
METODO-HTTP: POST.
RUTA: /auth.
MODULO: ROUTES.PY
APLICACION: USERS_API_REST
FECHA: 2023-11-20 05:04:02.066554
IP: 172.22.0.8
USUARIO AUTENTICADO: [ID: 7] Pedronel Suarez
TOKEN: eyJhbGciOiJIUzI1NiIsInR5cCI6IkpXVCJ9.eyJ1c2VyX2lkIjo3LCJleHAiOjE3MDA0NTg0NDJ9.eaFLVc32kXAFctNsWGkq2lL-CB0PBqYkg6NCK3wYDRI
ACCION: UN USUARIO SE HA AUTENTICADO.

TIPO DE LOG: PROFILE
METODO-HTTP: PUT
RUTA: /profiles/:id
MODULO: PROFILECONTROLLER.JS
APLICACION: PROFILES_API_REST
FECHA: 2023-11-20 05:11:29.785
IP: 172.22.0.1
USUARIO AUTENTICADO: USUARIO CON ID: 6
TOKEN: eyJhbGciOiJIUzI1NiIsInR5cCI6IkpXVCJ9.eyJ1c2VyX2lkIjo2LCJleHAiOjE3MDA0NTg0MjJ9.tKXmAQpQcNXP9FdH7s0OxGBBqwEBOp9nqR-7xK1hXJY
ACCION: PERFIL ACTUALIZADO.

TIPO DE LOG: GATEWAY
METODO-HTTP: POST
RUTA: /register
MODULO: API.PY
APLICACION: GATEWAY_API_REST
FECHA: 2023-11-20 19:09:22
IP: 172.22.0.1
USUARIO AUTENTICADO: USUARIO REGISTRADO: Pedronel Suarez
TOKEN: NO TOKEN
ACCION: UN USUARIO SE HA REGISTRADO POR MEDIO DE LA API GATEWAY.

TIPO DE LOG: PROFILE
METODO-HTTP: DELETE
RUTA: /profiles/6
MODULO: PROFILECONTROLLER.JS
APLICACION: PROFILES_API_REST
FECHA: 2023-11-20 19:09:32.348
IP: 172.22.0.1
USUARIO AUTENTICADO: USUARIO CON ID: 6
TOKEN: NO TOKEN
ACCION: PERFIL ELIMINADO.

TIPO DE LOG: AUTH
METODO-HTTP: POST.
RUTA: /auth.
MODULO: ROUTES.PY
APLICACION: USERS_API_REST
FECHA: 2023-11-20 19:09:37.969047
IP: 172.22.0.3
USUARIO AUTENTICADO: [ID: 7] Pedronel Suarez
TOKEN: eyJhbGciOiJIUzI1NiIsInR5cCI6IkpXVCJ9.eyJ1c2VyX2lkIjo3LCJleHAiOjE3MDA1MDkxNzd9.n86R8_uC5M8nDVg-fwxeqolefPNqViGkL0zi4o_FdMk
ACCION: UN USUARIO SE HA AUTENTICADO.

TIPO DE LOG: GATEWAY
METODO-HTTP: POST
RUTA: /auth
MODULO: API.PY
APLICACION: GATEWAY_API_REST
FECHA: 2023-11-20 19:09:37
IP: 172.22.0.1
USUARIO AUTENTICADO: USUARIO AUTENTICADO: pedrito@gmail.com
TOKEN: eyJhbGciOiJIUzI1NiIsInR5cCI6IkpXVCJ9.eyJ1c2VyX2lkIjo3LCJleHAiOjE3MDA1MDkxNzd9.n86R8_uC5M8nDVg-fwxeqolefPNqViGkL0zi4o_FdMk
ACCION: UN USUARIO SE HA AUTENTICADO POR MEDIO DE LA API GATEWAY.

TIPO DE LOG: AUTH
METODO-HTTP: POST.
RUTA: /users/register.
MODULO: ROUTES.PY
APLICACION: USERS_API_REST
FECHA: 2023-11-20 20:25:43.518457
IP: 172.18.0.7
USUARIO AUTENTICADO: USUARIO REGISTRADO: Pedronel Suarez
TOKEN: NO TOKEN
ACCION: UN USUARIO SE HA REGISTRADO.

TIPO DE LOG: GATEWAY
METODO-HTTP: POST
RUTA: /register
MODULO: API.PY
APLICACION: GATEWAY_API_REST
FECHA: 2023-11-20 20:25:43
IP: 172.18.0.1
USUARIO AUTENTICADO: USUARIO REGISTRADO: Pedronel Suarez
TOKEN: NO TOKEN
ACCION: UN USUARIO SE HA REGISTRADO POR MEDIO DE LA API GATEWAY.

TIPO DE LOG: AUTH
METODO-HTTP: POST.
RUTA: /auth.
MODULO: ROUTES.PY
APLICACION: USERS_API_REST
FECHA: 2023-11-20 20:25:46.903331
IP: 172.18.0.7
USUARIO AUTENTICADO: [ID: 6] Pedronel Suarez
TOKEN: eyJhbGciOiJIUzI1NiIsInR5cCI6IkpXVCJ9.eyJ1c2VyX2lkIjo2LCJleHAiOjE3MDA1MTM3NDZ9.21JV1-UqOtRTD3SNbvMVN23dSY0-ANu4aBKA3ZZ7msU
ACCION: UN USUARIO SE HA AUTENTICADO.

TIPO DE LOG: GATEWAY
METODO-HTTP: POST
RUTA: /auth
MODULO: API.PY
APLICACION: GATEWAY_API_REST
FECHA: 2023-11-20 20:25:46
IP: 172.18.0.1
USUARIO AUTENTICADO: USUARIO AUTENTICADO: pedrito@gmail.com
TOKEN: eyJhbGciOiJIUzI1NiIsInR5cCI6IkpXVCJ9.eyJ1c2VyX2lkIjo2LCJleHAiOjE3MDA1MTM3NDZ9.21JV1-UqOtRTD3SNbvMVN23dSY0-ANu4aBKA3ZZ7msU
ACCION: UN USUARIO SE HA AUTENTICADO POR MEDIO DE LA API GATEWAY.

TIPO DE LOG: AUTH
METODO-HTTP: POST.
RUTA: /auth.
MODULO: ROUTES.PY
APLICACION: USERS_API_REST
FECHA: 2023-11-20 20:26:01.035565
IP: 172.18.0.7
USUARIO AUTENTICADO: [ID: 6] Pedronel Suarez
TOKEN: eyJhbGciOiJIUzI1NiIsInR5cCI6IkpXVCJ9.eyJ1c2VyX2lkIjo2LCJleHAiOjE3MDA1MTM3NjF9.ZCk9i3FwPnmhj-WNBjxkfSz65pgPwM46LKmqa-txXMI
ACCION: UN USUARIO SE HA AUTENTICADO.

TIPO DE LOG: PROFILE
METODO-HTTP: DELETE
RUTA: /profiles/6
MODULO: PROFILECONTROLLER.JS
APLICACION: PROFILES_API_REST
FECHA: 2023-11-20 20:28:39.46
IP: 172.18.0.1
USUARIO AUTENTICADO: USUARIO CON ID: 6
TOKEN: NO TOKEN
ACCION: PERFIL ELIMINADO.

TIPO DE LOG: AUTH
METODO-HTTP: POST.
RUTA: /users/register.
MODULO: ROUTES.PY
APLICACION: USERS_API_REST
FECHA: 2023-11-20 20:28:45.778608
IP: 172.18.0.8
USUARIO AUTENTICADO: USUARIO REGISTRADO: Pedronel Suarez
TOKEN: NO TOKEN
ACCION: UN USUARIO SE HA REGISTRADO.

TIPO DE LOG: GATEWAY
METODO-HTTP: POST
RUTA: /register
MODULO: API.PY
APLICACION: GATEWAY_API_REST
FECHA: 2023-11-20 20:28:45
IP: 172.18.0.1
USUARIO AUTENTICADO: USUARIO REGISTRADO: Pedronel Suarez
TOKEN: NO TOKEN
ACCION: UN USUARIO SE HA REGISTRADO POR MEDIO DE LA API GATEWAY.

TIPO DE LOG: AUTH
METODO-HTTP: POST.
RUTA: /users/register.
MODULO: ROUTES.PY
APLICACION: USERS_API_REST
FECHA: 2023-11-20 20:30:50.517422
IP: 172.19.0.8
USUARIO AUTENTICADO: USUARIO REGISTRADO: Pedronel Suarez
TOKEN: NO TOKEN
ACCION: UN USUARIO SE HA REGISTRADO.

TIPO DE LOG: GATEWAY
METODO-HTTP: POST
RUTA: /register
MODULO: API.PY
APLICACION: GATEWAY_API_REST
FECHA: 2023-11-20 20:30:50
IP: 172.19.0.1
USUARIO AUTENTICADO: USUARIO REGISTRADO: Pedronel Suarez
TOKEN: NO TOKEN
ACCION: UN USUARIO SE HA REGISTRADO POR MEDIO DE LA API GATEWAY.

TIPO DE LOG: PROFILE
METODO-HTTP: DELETE
RUTA: /profiles/6
MODULO: PROFILECONTROLLER.JS
APLICACION: PROFILES_API_REST
FECHA: 2023-11-20 20:36:51.346
IP: 172.19.0.1
USUARIO AUTENTICADO: USUARIO CON ID: 6
TOKEN: NO TOKEN
ACCION: PERFIL ELIMINADO.

TIPO DE LOG: AUTH
METODO-HTTP: POST.
RUTA: /users/register.
MODULO: ROUTES.PY
APLICACION: USERS_API_REST
FECHA: 2023-11-20 20:36:54.683749
IP: 172.19.0.7
USUARIO AUTENTICADO: USUARIO REGISTRADO: Pedronel Suarez
TOKEN: NO TOKEN
ACCION: UN USUARIO SE HA REGISTRADO.

TIPO DE LOG: GATEWAY
METODO-HTTP: POST
RUTA: /register
MODULO: API.PY
APLICACION: GATEWAY_API_REST
FECHA: 2023-11-20 20:36:54
IP: 172.19.0.1
USUARIO AUTENTICADO: USUARIO REGISTRADO: Pedronel Suarez
TOKEN: NO TOKEN
ACCION: UN USUARIO SE HA REGISTRADO POR MEDIO DE LA API GATEWAY.

TIPO DE LOG: AUTH
METODO-HTTP: POST.
RUTA: /users/register.
MODULO: ROUTES.PY
APLICACION: USERS_API_REST
FECHA: 2023-11-20 20:41:35.412316
IP: 172.20.0.7
USUARIO AUTENTICADO: USUARIO REGISTRADO: Pedronel Suarez
TOKEN: NO TOKEN
ACCION: UN USUARIO SE HA REGISTRADO.

TIPO DE LOG: GATEWAY
METODO-HTTP: POST
RUTA: /register
MODULO: API.PY
APLICACION: GATEWAY_API_REST
FECHA: 2023-11-20 20:41:35
IP: 172.20.0.1
USUARIO AUTENTICADO: USUARIO REGISTRADO: Pedronel Suarez
TOKEN: NO TOKEN
ACCION: UN USUARIO SE HA REGISTRADO POR MEDIO DE LA API GATEWAY.

TIPO DE LOG: AUTH
METODO-HTTP: POST.
RUTA: /users/register.
MODULO: ROUTES.PY
APLICACION: USERS_API_REST
FECHA: 2023-11-20 20:43:55.475227
IP: 172.21.0.8
USUARIO AUTENTICADO: USUARIO REGISTRADO: Pedronel Suarez
TOKEN: NO TOKEN
ACCION: UN USUARIO SE HA REGISTRADO.

TIPO DE LOG: GATEWAY
METODO-HTTP: POST
RUTA: /register
MODULO: API.PY
APLICACION: GATEWAY_API_REST
FECHA: 2023-11-20 20:43:55
IP: 172.21.0.1
USUARIO AUTENTICADO: USUARIO REGISTRADO: Pedronel Suarez
TOKEN: NO TOKEN
ACCION: UN USUARIO SE HA REGISTRADO POR MEDIO DE LA API GATEWAY.

TIPO DE LOG: PROFILE
METODO-HTTP: DELETE
RUTA: /profiles/6
MODULO: PROFILECONTROLLER.JS
APLICACION: PROFILES_API_REST
FECHA: 2023-11-20 20:44:00.530
IP: 172.21.0.1
USUARIO AUTENTICADO: USUARIO CON ID: 6
TOKEN: NO TOKEN
ACCION: PERFIL ELIMINADO.

TIPO DE LOG: AUTH
METODO-HTTP: POST.
RUTA: /users/register.
MODULO: ROUTES.PY
APLICACION: USERS_API_REST
FECHA: 2023-11-20 20:44:05.167675
IP: 172.21.0.8
USUARIO AUTENTICADO: USUARIO REGISTRADO: Pedronel Suarez
TOKEN: NO TOKEN
ACCION: UN USUARIO SE HA REGISTRADO.

TIPO DE LOG: GATEWAY
METODO-HTTP: POST
RUTA: /register
MODULO: API.PY
APLICACION: GATEWAY_API_REST
FECHA: 2023-11-20 20:44:05
IP: 172.21.0.1
USUARIO AUTENTICADO: USUARIO REGISTRADO: Pedronel Suarez
TOKEN: NO TOKEN
ACCION: UN USUARIO SE HA REGISTRADO POR MEDIO DE LA API GATEWAY.

TIPO DE LOG: GATEWAY
METODO-HTTP: POST
RUTA: /register
MODULO: API.PY
APLICACION: GATEWAY_API_REST
FECHA: 2023-11-20 20:46:38
IP: 172.21.0.1
USUARIO AUTENTICADO: USUARIO REGISTRADO: Pedronel Suarez
TOKEN: NO TOKEN
ACCION: UN USUARIO SE HA REGISTRADO POR MEDIO DE LA API GATEWAY.

TIPO DE LOG: AUTH
METODO-HTTP: POST.
RUTA: /auth.
MODULO: ROUTES.PY
APLICACION: USERS_API_REST
FECHA: 2023-11-20 20:46:53.823830
IP: 172.21.0.7
USUARIO AUTENTICADO: [ID: 7] Pedronel Suarez
TOKEN: eyJhbGciOiJIUzI1NiIsInR5cCI6IkpXVCJ9.eyJ1c2VyX2lkIjo3LCJleHAiOjE3MDA1MTUwMTN9.ygtdJO7d_pwSoXXw_lbIJLWQn1V1Qj8Iv1oNRhvOIkw
ACCION: UN USUARIO SE HA AUTENTICADO.

TIPO DE LOG: PROFILE
METODO-HTTP: PUT
RUTA: /profiles/:id
MODULO: PROFILECONTROLLER.JS
APLICACION: PROFILES_API_REST
FECHA: 2023-11-20 20:46:54.480
IP: 172.21.0.7
USUARIO AUTENTICADO: USUARIO CON ID: 7
TOKEN: undefined
ACCION: PERFIL ACTUALIZADO.

TIPO DE LOG: GATEWAY
METODO-HTTP: POST
RUTA: /register
MODULO: API.PY
APLICACION: GATEWAY_API_REST
FECHA: 2023-11-20 20:50:48
IP: 172.21.0.1
USUARIO AUTENTICADO: USUARIO REGISTRADO: Pedronel Suarez
TOKEN: NO TOKEN
ACCION: UN USUARIO SE HA REGISTRADO POR MEDIO DE LA API GATEWAY.

TIPO DE LOG: GATEWAY
METODO-HTTP: POST
RUTA: /register
MODULO: API.PY
APLICACION: GATEWAY_API_REST
FECHA: 2023-11-20 20:50:56
IP: 172.21.0.1
USUARIO AUTENTICADO: USUARIO REGISTRADO: Pedronel Suarez
TOKEN: NO TOKEN
ACCION: UN USUARIO SE HA REGISTRADO POR MEDIO DE LA API GATEWAY.

TIPO DE LOG: AUTH
METODO-HTTP: POST.
RUTA: /auth.
MODULO: ROUTES.PY
APLICACION: USERS_API_REST
FECHA: 2023-11-20 20:51:02.613182
IP: 172.21.0.8
USUARIO AUTENTICADO: [ID: 7] Pedronel Suarez
TOKEN: eyJhbGciOiJIUzI1NiIsInR5cCI6IkpXVCJ9.eyJ1c2VyX2lkIjo3LCJleHAiOjE3MDA1MTUyNjJ9.0UazEECNpX0FsaOzzavsKKm0u4Ec7IyV2Rcpxz_Jswk
ACCION: UN USUARIO SE HA AUTENTICADO.

TIPO DE LOG: GATEWAY
METODO-HTTP: POST
RUTA: /auth
MODULO: API.PY
APLICACION: GATEWAY_API_REST
FECHA: 2023-11-20 20:51:02
IP: 172.21.0.1
USUARIO AUTENTICADO: USUARIO AUTENTICADO: pedrito@gmail.com
TOKEN: eyJhbGciOiJIUzI1NiIsInR5cCI6IkpXVCJ9.eyJ1c2VyX2lkIjo3LCJleHAiOjE3MDA1MTUyNjJ9.0UazEECNpX0FsaOzzavsKKm0u4Ec7IyV2Rcpxz_Jswk
ACCION: UN USUARIO SE HA AUTENTICADO POR MEDIO DE LA API GATEWAY.

TIPO DE LOG: PROFILE
METODO-HTTP: DELETE
RUTA: /profiles/7
MODULO: PROFILECONTROLLER.JS
APLICACION: PROFILES_API_REST
FECHA: 2023-11-20 20:51:07.594
IP: 172.21.0.1
USUARIO AUTENTICADO: USUARIO CON ID: 7
TOKEN: NO TOKEN
ACCION: PERFIL ELIMINADO.

TIPO DE LOG: AUTH
METODO-HTTP: POST.
RUTA: /users/register.
MODULO: ROUTES.PY
APLICACION: USERS_API_REST
FECHA: 2023-11-20 20:51:10.259977
IP: 172.21.0.8
USUARIO AUTENTICADO: USUARIO REGISTRADO: Pedronel Suarez
TOKEN: NO TOKEN
ACCION: UN USUARIO SE HA REGISTRADO.

TIPO DE LOG: GATEWAY
METODO-HTTP: POST
RUTA: /register
MODULO: API.PY
APLICACION: GATEWAY_API_REST
FECHA: 2023-11-20 20:51:10
IP: 172.21.0.1
USUARIO AUTENTICADO: USUARIO REGISTRADO: Pedronel Suarez
TOKEN: NO TOKEN
ACCION: UN USUARIO SE HA REGISTRADO POR MEDIO DE LA API GATEWAY.

TIPO DE LOG: AUTH
METODO-HTTP: POST.
RUTA: /auth.
MODULO: ROUTES.PY
APLICACION: USERS_API_REST
FECHA: 2023-11-20 20:51:50.735541
IP: 172.21.0.8
USUARIO AUTENTICADO: [ID: 10] Pedronel Suarez
TOKEN: eyJhbGciOiJIUzI1NiIsInR5cCI6IkpXVCJ9.eyJ1c2VyX2lkIjoxMCwiZXhwIjoxNzAwNTE1MzEwfQ.C9Fyptq7J8RaiW8SBg-Oyngl_ogllkub-Brpy0fS0_E
ACCION: UN USUARIO SE HA AUTENTICADO.

TIPO DE LOG: PROFILE
METODO-HTTP: PUT
RUTA: /profiles/:id
MODULO: PROFILECONTROLLER.JS
APLICACION: PROFILES_API_REST
FECHA: 2023-11-20 20:51:51.49
IP: 172.21.0.8
USUARIO AUTENTICADO: USUARIO CON ID: 10
TOKEN: undefined
ACCION: PERFIL ACTUALIZADO.

TIPO DE LOG: INFO
METODO-HTTP: GET.
RUTA: /users.
MODULO: ROUTES.PY
APLICACION: USERS_API_REST
FECHA: 2023-11-20 20:52:42.918111
IP: 172.21.0.1
USUARIO AUTENTICADO: GUEST
TOKEN: NO TOKEN
ACCION: SE HA CONSULTADO LA LISTA DE USUARIOS.

TIPO DE LOG: INFO
METODO-HTTP: GET.
RUTA: /users.
MODULO: ROUTES.PY
APLICACION: USERS_API_REST
FECHA: 2023-11-20 20:52:43.018486
IP: 172.21.0.1
USUARIO AUTENTICADO: GUEST
TOKEN: NO TOKEN
ACCION: SE HA CONSULTADO LA LISTA DE USUARIOS.

TIPO DE LOG: INFO
METODO-HTTP: GET.
RUTA: /users.
MODULO: ROUTES.PY
APLICACION: USERS_API_REST
FECHA: 2023-11-20 20:52:43.079100
IP: 172.21.0.1
USUARIO AUTENTICADO: GUEST
TOKEN: NO TOKEN
ACCION: SE HA CONSULTADO LA LISTA DE USUARIOS.

TIPO DE LOG: AUTH
METODO-HTTP: POST.
RUTA: /auth.
MODULO: ROUTES.PY
APLICACION: USERS_API_REST
FECHA: 2023-11-20 20:52:43.164352
IP: 172.21.0.1
USUARIO AUTENTICADO: [ID: 10] Pedronel Suarez
TOKEN: eyJhbGciOiJIUzI1NiIsInR5cCI6IkpXVCJ9.eyJ1c2VyX2lkIjoxMCwiZXhwIjoxNzAwNTE1MzYzfQ.amTPfR5_wUnD_NhCFtLzO7GyVoWFBUvXsMZd-thzNYY
ACCION: UN USUARIO SE HA AUTENTICADO.

TIPO DE LOG: INFO
METODO-HTTP: POST.
RUTA: /logs.
MODULO: ROUTES.PY
APLICACION: LOGS_API_REST
FECHA: 2023-10-03 15:39:14.861564
IP: 172.18.0.1
USUARIO AUTENTICADO: GUEST
TOKEN: NO TOKEN
ACCION: SE HA CREADO UN NUEVO LOG DESDE LA API DE LOGS

TIPO DE LOG: PROFILE
METODO-HTTP: DELETE
RUTA: /profiles/10
MODULO: PROFILECONTROLLER.JS
APLICACION: PROFILES_API_REST
FECHA: 2023-11-20 20:52:45.91
IP: 172.21.0.1
USUARIO AUTENTICADO: USUARIO CON ID: 10
TOKEN: NO TOKEN
ACCION: PERFIL ELIMINADO.

TIPO DE LOG: AUTH
METODO-HTTP: POST.
RUTA: /users/register.
MODULO: ROUTES.PY
APLICACION: USERS_API_REST
FECHA: 2023-11-20 20:52:45.156909
IP: 172.21.0.1
USUARIO AUTENTICADO: USUARIO REGISTRADO: Pedronel Suarez
TOKEN: NO TOKEN
ACCION: UN USUARIO SE HA REGISTRADO.

TIPO DE LOG: AUTH
METODO-HTTP: POST.
RUTA: /auth.
MODULO: ROUTES.PY
APLICACION: USERS_API_REST
FECHA: 2023-11-20 20:52:45.245239
IP: 172.21.0.1
USUARIO AUTENTICADO: [ID: 12] Pedronel Suarez
TOKEN: eyJhbGciOiJIUzI1NiIsInR5cCI6IkpXVCJ9.eyJ1c2VyX2lkIjoxMiwiZXhwIjoxNzAwNTE1MzY1fQ.XCTtmcFILp76LnLcnQ2RJmicrXMrXfEzKcbvr7o9yVA
ACCION: UN USUARIO SE HA AUTENTICADO.

TIPO DE LOG: PROFILE
METODO-HTTP: PUT
RUTA: /profiles/:id
MODULO: PROFILECONTROLLER.JS
APLICACION: PROFILES_API_REST
FECHA: 2023-11-20 20:52:45.520
IP: 172.21.0.1
USUARIO AUTENTICADO: USUARIO CON ID: 12
TOKEN: eyJhbGciOiJIUzI1NiIsInR5cCI6IkpXVCJ9.eyJ1c2VyX2lkIjoxMiwiZXhwIjoxNzAwNTE1MzY1fQ.XCTtmcFILp76LnLcnQ2RJmicrXMrXfEzKcbvr7o9yVA
ACCION: PERFIL ACTUALIZADO.

TIPO DE LOG: PROFILE
METODO-HTTP: DELETE
RUTA: /profiles/12
MODULO: PROFILECONTROLLER.JS
APLICACION: PROFILES_API_REST
FECHA: 2023-11-20 20:52:45.735
IP: 172.21.0.1
USUARIO AUTENTICADO: USUARIO CON ID: 12
TOKEN: NO TOKEN
ACCION: PERFIL ELIMINADO.

TIPO DE LOG: AUTH
METODO-HTTP: POST.
RUTA: /users/register.
MODULO: ROUTES.PY
APLICACION: USERS_API_REST
FECHA: 2023-11-20 20:52:45.909188
IP: 172.21.0.8
USUARIO AUTENTICADO: USUARIO REGISTRADO: Pedronel Suarez
TOKEN: NO TOKEN
ACCION: UN USUARIO SE HA REGISTRADO.

TIPO DE LOG: GATEWAY
METODO-HTTP: POST
RUTA: /register
MODULO: API.PY
APLICACION: GATEWAY_API_REST
FECHA: 2023-11-20 20:52:45
IP: 172.21.0.1
USUARIO AUTENTICADO: USUARIO REGISTRADO: Pedronel Suarez
TOKEN: NO TOKEN
ACCION: UN USUARIO SE HA REGISTRADO POR MEDIO DE LA API GATEWAY.

TIPO DE LOG: GATEWAY
METODO-HTTP: POST
RUTA: /register
MODULO: API.PY
APLICACION: GATEWAY_API_REST
FECHA: 2023-11-20 20:52:45
IP: 172.21.0.1
USUARIO AUTENTICADO: USUARIO REGISTRADO: Pedronel Suarez
TOKEN: NO TOKEN
ACCION: UN USUARIO SE HA REGISTRADO POR MEDIO DE LA API GATEWAY.

TIPO DE LOG: AUTH
METODO-HTTP: POST.
RUTA: /auth.
MODULO: ROUTES.PY
APLICACION: USERS_API_REST
FECHA: 2023-11-20 20:52:46.077330
IP: 172.21.0.8
USUARIO AUTENTICADO: [ID: 13] Pedronel Suarez
TOKEN: eyJhbGciOiJIUzI1NiIsInR5cCI6IkpXVCJ9.eyJ1c2VyX2lkIjoxMywiZXhwIjoxNzAwNTE1MzY2fQ.C-ln97paVL0w7_I4ZNy0HHQNrhrpBEfBBku6FaZqNhI
ACCION: UN USUARIO SE HA AUTENTICADO.

TIPO DE LOG: GATEWAY
METODO-HTTP: POST
RUTA: /auth
MODULO: API.PY
APLICACION: GATEWAY_API_REST
FECHA: 2023-11-20 20:52:46
IP: 172.21.0.1
USUARIO AUTENTICADO: USUARIO AUTENTICADO: pedrito@gmail.com
TOKEN: eyJhbGciOiJIUzI1NiIsInR5cCI6IkpXVCJ9.eyJ1c2VyX2lkIjoxMywiZXhwIjoxNzAwNTE1MzY2fQ.C-ln97paVL0w7_I4ZNy0HHQNrhrpBEfBBku6FaZqNhI
ACCION: UN USUARIO SE HA AUTENTICADO POR MEDIO DE LA API GATEWAY.

TIPO DE LOG: AUTH
METODO-HTTP: POST.
RUTA: /auth.
MODULO: ROUTES.PY
APLICACION: USERS_API_REST
FECHA: 2023-11-20 20:52:46.263213
IP: 172.21.0.8
USUARIO AUTENTICADO: [ID: 13] Pedronel Suarez
TOKEN: eyJhbGciOiJIUzI1NiIsInR5cCI6IkpXVCJ9.eyJ1c2VyX2lkIjoxMywiZXhwIjoxNzAwNTE1MzY2fQ.C-ln97paVL0w7_I4ZNy0HHQNrhrpBEfBBku6FaZqNhI
ACCION: UN USUARIO SE HA AUTENTICADO.

TIPO DE LOG: AUTH
METODO-HTTP: POST.
RUTA: /auth.
MODULO: ROUTES.PY
APLICACION: USERS_API_REST
FECHA: 2023-11-20 20:52:46.343079
IP: 172.21.0.8
USUARIO AUTENTICADO: [ID: 13] Pedronel Suarez
TOKEN: eyJhbGciOiJIUzI1NiIsInR5cCI6IkpXVCJ9.eyJ1c2VyX2lkIjoxMywiZXhwIjoxNzAwNTE1MzY2fQ.C-ln97paVL0w7_I4ZNy0HHQNrhrpBEfBBku6FaZqNhI
ACCION: UN USUARIO SE HA AUTENTICADO.

TIPO DE LOG: PROFILE
METODO-HTTP: PUT
RUTA: /profiles/:id
MODULO: PROFILECONTROLLER.JS
APLICACION: PROFILES_API_REST
FECHA: 2023-11-20 20:52:46.379
IP: 172.21.0.8
USUARIO AUTENTICADO: USUARIO CON ID: 13
TOKEN: undefined
ACCION: PERFIL ACTUALIZADO.

TIPO DE LOG: PROFILE
METODO-HTTP: DELETE
RUTA: /profiles/13
MODULO: PROFILECONTROLLER.JS
APLICACION: PROFILES_API_REST
FECHA: 2023-11-20 20:52:46.581
IP: 172.21.0.1
USUARIO AUTENTICADO: USUARIO CON ID: 13
TOKEN: NO TOKEN
ACCION: PERFIL ELIMINADO.

TIPO DE LOG: INFO
METODO-HTTP: GET.
RUTA: /users.
MODULO: ROUTES.PY
APLICACION: USERS_API_REST
FECHA: 2023-11-20 23:21:07.797813
IP: 172.18.0.1
USUARIO AUTENTICADO: GUEST
TOKEN: NO TOKEN
ACCION: SE HA CONSULTADO LA LISTA DE USUARIOS.

TIPO DE LOG: INFO
METODO-HTTP: GET.
RUTA: /users.
MODULO: ROUTES.PY
APLICACION: USERS_API_REST
FECHA: 2023-11-20 23:21:07.818173
IP: 172.18.0.1
USUARIO AUTENTICADO: GUEST
TOKEN: NO TOKEN
ACCION: SE HA CONSULTADO LA LISTA DE USUARIOS.

TIPO DE LOG: INFO
METODO-HTTP: GET.
RUTA: /users.
MODULO: ROUTES.PY
APLICACION: USERS_API_REST
FECHA: 2023-11-20 23:21:07.835456
IP: 172.18.0.1
USUARIO AUTENTICADO: GUEST
TOKEN: NO TOKEN
ACCION: SE HA CONSULTADO LA LISTA DE USUARIOS.

TIPO DE LOG: AUTH
METODO-HTTP: POST.
RUTA: /users/register.
MODULO: ROUTES.PY
APLICACION: USERS_API_REST
FECHA: 2023-11-20 23:21:07.881861
IP: 172.18.0.1
USUARIO AUTENTICADO: USUARIO REGISTRADO: Juan Zambrano
TOKEN: NO TOKEN
ACCION: UN USUARIO SE HA REGISTRADO.

TIPO DE LOG: AUTH
METODO-HTTP: POST.
RUTA: /auth.
MODULO: ROUTES.PY
APLICACION: USERS_API_REST
FECHA: 2023-11-20 23:21:07.963784
IP: 172.18.0.1
USUARIO AUTENTICADO: [ID: 6] Juan Zambrano
TOKEN: eyJhbGciOiJIUzI1NiIsInR5cCI6IkpXVCJ9.eyJ1c2VyX2lkIjo2LCJleHAiOjE3MDA1MjQyNjd9.lfhVIAXIhAM5boRYbBFiYHI-XANFv5jQL4RecwmmP8c
ACCION: UN USUARIO SE HA AUTENTICADO.

TIPO DE LOG: AUTH
METODO-HTTP: POST.
RUTA: /auth.
MODULO: ROUTES.PY
APLICACION: USERS_API_REST
FECHA: 2023-11-20 23:21:08.012164
IP: 172.18.0.1
USUARIO AUTENTICADO: [ID: 6] Alejandro Armanda
TOKEN: eyJhbGciOiJIUzI1NiIsInR5cCI6IkpXVCJ9.eyJ1c2VyX2lkIjo2LCJleHAiOjE3MDA1MjQyNjh9.lSwv0EuttqULZRycXBu6ITfdB7bkvuWEmcV6gLajTIM
ACCION: UN USUARIO SE HA AUTENTICADO.

TIPO DE LOG: AUTH
METODO-HTTP: POST.
RUTA: /auth.
MODULO: ROUTES.PY
APLICACION: USERS_API_REST
FECHA: 2023-11-20 23:21:08.049300
IP: 172.18.0.1
USUARIO AUTENTICADO: [ID: 6] Alejandro Armanda
TOKEN: eyJhbGciOiJIUzI1NiIsInR5cCI6IkpXVCJ9.eyJ1c2VyX2lkIjo2LCJleHAiOjE3MDA1MjQyNjh9.lSwv0EuttqULZRycXBu6ITfdB7bkvuWEmcV6gLajTIM
ACCION: UN USUARIO SE HA AUTENTICADO.

TIPO DE LOG: AUTH
METODO-HTTP: POST.
RUTA: /auth.
MODULO: ROUTES.PY
APLICACION: USERS_API_REST
FECHA: 2023-11-20 23:21:08.110003
IP: 172.18.0.1
USUARIO AUTENTICADO: [ID: 6] Alejandro Armanda
TOKEN: eyJhbGciOiJIUzI1NiIsInR5cCI6IkpXVCJ9.eyJ1c2VyX2lkIjo2LCJleHAiOjE3MDA1MjQyNjh9.lSwv0EuttqULZRycXBu6ITfdB7bkvuWEmcV6gLajTIM
ACCION: UN USUARIO SE HA AUTENTICADO.

TIPO DE LOG: cupidatat in eu laboris dolor
METODO-HTTP: ea eu eiusmod minim
RUTA: enim nostrud ullamco labore minim
MODULO: qui ex
APLICACION: officia do in proident
FECHA: 2023-10-03T00:00:00.0Z
IP: 172.18.0.1
USUARIO AUTENTICADO: anim exercitation et
TOKEN: incididunt nulla consectetur aute Duis
ACCION: dolor amet Lorem

TIPO DE LOG: AUTH
METODO-HTTP: POST.
RUTA: /auth.
MODULO: ROUTES.PY
APLICACION: USERS_API_REST
FECHA: 2023-11-20 23:21:40.025515
IP: 172.18.0.1
USUARIO AUTENTICADO: [ID: 1] Juan Pérez
TOKEN: eyJhbGciOiJIUzI1NiIsInR5cCI6IkpXVCJ9.eyJ1c2VyX2lkIjoxLCJleHAiOjE3MDA1MjQzMDB9.6X59EQIhwnSgY7vzMzOp0MhSLsqsIJ0BlkPd5AoVrnM
ACCION: UN USUARIO SE HA AUTENTICADO.

TIPO DE LOG: INFO
METODO-HTTP: GET.
RUTA: /users.
MODULO: ROUTES.PY
APLICACION: USERS_API_REST
FECHA: 2023-11-20 23:22:51.319425
IP: 172.18.0.1
USUARIO AUTENTICADO: GUEST
TOKEN: NO TOKEN
ACCION: SE HA CONSULTADO LA LISTA DE USUARIOS.

TIPO DE LOG: INFO
METODO-HTTP: GET.
RUTA: /users.
MODULO: ROUTES.PY
APLICACION: USERS_API_REST
FECHA: 2023-11-20 23:23:12.439461
IP: 172.18.0.1
USUARIO AUTENTICADO: GUEST
TOKEN: NO TOKEN
ACCION: SE HA CONSULTADO LA LISTA DE USUARIOS.

TIPO DE LOG: PROFILE
METODO-HTTP: PUT
RUTA: /profiles/:id
MODULO: PROFILECONTROLLER.JS
APLICACION: PROFILES_API_REST
FECHA: 2023-11-20 23:28:00.954
IP: 172.18.0.1
USUARIO AUTENTICADO: USUARIO CON ID: 1
TOKEN: eyJhbGciOiJIUzI1NiIsInR5cCI6IkpXVCJ9.eyJ1c2VyX2lkIjoxMywiZXhwIjoxNzAwNTE1MzY2fQ.C-ln97paVL0w7_I4ZNy0HHQNrhrpBEfBBku6FaZqNhI
ACCION: PERFIL ACTUALIZADO.

TIPO DE LOG: AUTH
METODO-HTTP: POST.
RUTA: /auth.
MODULO: ROUTES.PY
APLICACION: USERS_API_REST
FECHA: 2023-11-20 23:28:56.979531
IP: 172.18.0.1
USUARIO AUTENTICADO: [ID: 1] Juan Pérez
TOKEN: eyJhbGciOiJIUzI1NiIsInR5cCI6IkpXVCJ9.eyJ1c2VyX2lkIjoxLCJleHAiOjE3MDA1MjQ3MzZ9.8KlgHPJdoInEHg2-iXW1DrM4ScsNLfVLefKSnLzCr9w
ACCION: UN USUARIO SE HA AUTENTICADO.

TIPO DE LOG: PROFILE
METODO-HTTP: PUT
RUTA: /profiles/:id
MODULO: PROFILECONTROLLER.JS
APLICACION: PROFILES_API_REST
FECHA: 2023-11-20 23:28:57.35
IP: 172.18.0.1
USUARIO AUTENTICADO: USUARIO CON ID: 1
TOKEN: eyJhbGciOiJIUzI1NiIsInR5cCI6IkpXVCJ9.eyJ1c2VyX2lkIjoxLCJleHAiOjE3MDA1MjQ3MzZ9.8KlgHPJdoInEHg2-iXW1DrM4ScsNLfVLefKSnLzCr9w
ACCION: PERFIL ACTUALIZADO.

