TIPO DE LOG: INFO
METODO-HTTP: POST.
RUTA: /logs.
MODULO: ROUTES.PY
APLICACION: LOGS_API_REST
FECHA: 2023-10-03 15:39:14.861564
IP: 172.18.0.1
USUARIO AUTENTICADO: GUEST
TOKEN: NO TOKEN
ACCION: SE HA CREADO UN NUEVO LOG DESDE LA API DE LOGS

TIPO DE LOG: INFO
METODO-HTTP: POST.
RUTA: /logs.
MODULO: ROUTES.PY
APLICACION: LOGS_API_REST
FECHA: 2023-10-03 15:39:14.861564
IP: 172.18.0.1
USUARIO AUTENTICADO: GUEST
TOKEN: NO TOKEN
ACCION: SE HA CREADO UN NUEVO LOG DESDE LA API DE LOGS

TIPO DE LOG: INFO
METODO-HTTP: POST.
RUTA: /logs.
MODULO: ROUTES.PY
APLICACION: LOGS_API_REST
FECHA: 2023-10-03 15:39:14.861564
IP: 172.18.0.1
USUARIO AUTENTICADO: GUEST
TOKEN: NO TOKEN
ACCION: SE HA CREADO UN NUEVO LOG DESDE LA API DE LOGS

TIPO DE LOG: INFO
METODO-HTTP: POST.
RUTA: /logs.
MODULO: ROUTES.PY
APLICACION: LOGS_API_REST
FECHA: 2023-10-03 15:39:14.861564
IP: 172.18.0.1
USUARIO AUTENTICADO: GUEST
TOKEN: NO TOKEN
ACCION: SE HA CREADO UN NUEVO LOG DESDE LA API DE LOGS

TIPO DE LOG: INFO
METODO-HTTP: POST.
RUTA: /logs.
MODULO: ROUTES.PY
APLICACION: LOGS_API_REST
FECHA: 2023-10-03 15:39:14.861564
IP: 172.18.0.1
USUARIO AUTENTICADO: GUEST
TOKEN: NO TOKEN
ACCION: SE HA CREADO UN NUEVO LOG DESDE LA API DE LOGS

TIPO DE LOG: INFO
METODO-HTTP: POST.
RUTA: /logs.
MODULO: ROUTES.PY
APLICACION: LOGS_API_REST
FECHA: 2023-10-03 15:39:14.861564
IP: 172.18.0.1
USUARIO AUTENTICADO: GUEST
TOKEN: NO TOKEN
ACCION: SE HA CREADO UN NUEVO LOG DESDE LA API DE LOGS

TIPO DE LOG: INFO
METODO-HTTP: POST.
RUTA: /logs.
MODULO: ROUTES.PY
APLICACION: LOGS_API_REST
FECHA: 2023-10-03 15:39:14.861564
IP: 172.18.0.1
USUARIO AUTENTICADO: GUEST
TOKEN: NO TOKEN
ACCION: SE HA CREADO UN NUEVO LOG DESDE LA API DE LOGS

TIPO DE LOG: INFO
METODO-HTTP: GET.
RUTA: /users.
MODULO: ROUTES.PY
APLICACION: USERS_API_REST
FECHA: 2023-10-26 19:43:18.988256
IP: 172.18.0.1
USUARIO AUTENTICADO: GUEST
TOKEN: NO TOKEN
ACCION: SE HA CONSULTADO LA LISTA DE USUARIOS.

TIPO DE LOG: INFO
METODO-HTTP: GET.
RUTA: /users.
MODULO: ROUTES.PY
APLICACION: USERS_API_REST
FECHA: 2023-10-26 19:43:36.251944
IP: 172.18.0.1
USUARIO AUTENTICADO: GUEST
TOKEN: NO TOKEN
ACCION: SE HA CONSULTADO LA LISTA DE USUARIOS.

TIPO DE LOG: INFO
METODO-HTTP: GET.
RUTA: /users.
MODULO: ROUTES.PY
APLICACION: USERS_API_REST
FECHA: 2023-10-26 19:43:44.987801
IP: 172.18.0.1
USUARIO AUTENTICADO: GUEST
TOKEN: NO TOKEN
ACCION: SE HA CONSULTADO LA LISTA DE USUARIOS.

TIPO DE LOG: INFO
METODO-HTTP: GET.
RUTA: /users.
MODULO: ROUTES.PY
APLICACION: USERS_API_REST
FECHA: 2023-10-26 19:43:49.841684
IP: 172.18.0.1
USUARIO AUTENTICADO: GUEST
TOKEN: NO TOKEN
ACCION: SE HA CONSULTADO LA LISTA DE USUARIOS.

