TIPO DE LOG: INFO
METODO-HTTP: GET.
RUTA: /users.
MODULO: ROUTES.PY
APLICACION: USERS_API_REST
FECHA: 2023-11-10 17:32:13.243786
IP: 172.18.0.1
USUARIO AUTENTICADO: GUEST
TOKEN: NO TOKEN
ACCION: SE HA CONSULTADO LA LISTA DE USUARIOS.

TIPO DE LOG: INFO
METODO-HTTP: GET.
RUTA: /users.
MODULO: ROUTES.PY
APLICACION: USERS_API_REST
FECHA: 2023-11-10 17:34:02.127155
IP: 172.18.0.1
USUARIO AUTENTICADO: GUEST
TOKEN: NO TOKEN
ACCION: SE HA CONSULTADO LA LISTA DE USUARIOS.

TIPO DE LOG: INFO
METODO-HTTP: GET.
RUTA: /users.
MODULO: ROUTES.PY
APLICACION: USERS_API_REST
FECHA: 2023-11-10 17:36:36.706214
IP: 172.19.0.1
USUARIO AUTENTICADO: GUEST
TOKEN: NO TOKEN
ACCION: SE HA CONSULTADO LA LISTA DE USUARIOS.

TIPO DE LOG: AUTH
METODO-HTTP: POST.
RUTA: /users/register.
MODULO: ROUTES.PY
APLICACION: USERS_API_REST
FECHA: 2023-11-10 17:36:42.723034
IP: 172.19.0.1
USUARIO AUTENTICADO: USUARIO REGISTRADO: Pedronel Suarez
TOKEN: NO TOKEN
ACCION: UN USUARIO SE HA REGISTRADO.

TIPO DE LOG: INFO
METODO-HTTP: GET.
RUTA: /users.
MODULO: ROUTES.PY
APLICACION: USERS_API_REST
FECHA: 2023-11-10 17:37:44.545822
IP: 172.19.0.1
USUARIO AUTENTICADO: GUEST
TOKEN: NO TOKEN
ACCION: SE HA CONSULTADO LA LISTA DE USUARIOS.

TIPO DE LOG: INFO
METODO-HTTP: GET.
RUTA: /users.
MODULO: ROUTES.PY
APLICACION: USERS_API_REST
FECHA: 2023-11-10 17:37:49.262839
IP: 172.19.0.1
USUARIO AUTENTICADO: GUEST
TOKEN: NO TOKEN
ACCION: SE HA CONSULTADO LA LISTA DE USUARIOS.

TIPO DE LOG: AUTH
METODO-HTTP: POST.
RUTA: /users/register.
MODULO: ROUTES.PY
APLICACION: USERS_API_REST
FECHA: 2023-11-10 17:45:09.790484
IP: 172.21.0.1
USUARIO AUTENTICADO: USUARIO REGISTRADO: Pedronel Suarez
TOKEN: NO TOKEN
ACCION: UN USUARIO SE HA REGISTRADO.

TIPO DE LOG: PROFILE
METODO-HTTP: POST
RUTA: /profiles/:id
MODULO: PROFILECONTROLLER.JS
APLICACION: PROFILES_API_REST
FECHA: 2023-11-10 17:49:19.530
IP: 172.22.0.1
USUARIO AUTENTICADO: USUARIO CON ID: 7
TOKEN: NO TOKEN
ACCION: NUEVO PERFIL CREADO.

TIPO DE LOG: AUTH
METODO-HTTP: POST.
RUTA: /users/register.
MODULO: ROUTES.PY
APLICACION: USERS_API_REST
FECHA: 2023-11-10 17:50:58.115438
IP: 172.22.0.1
USUARIO AUTENTICADO: USUARIO REGISTRADO: Pedronel Suarez
TOKEN: NO TOKEN
ACCION: UN USUARIO SE HA REGISTRADO.

TIPO DE LOG: AUTH
METODO-HTTP: POST.
RUTA: /users/register.
MODULO: ROUTES.PY
APLICACION: USERS_API_REST
FECHA: 2023-11-10 18:03:09.352887
IP: 172.23.0.1
USUARIO AUTENTICADO: USUARIO REGISTRADO: Pedronel Suarez
TOKEN: NO TOKEN
ACCION: UN USUARIO SE HA REGISTRADO.

TIPO DE LOG: PROFILE
METODO-HTTP: POST
RUTA: /profiles
MODULO: PROFILECONTROLLER.JS
APLICACION: PROFILES_API_REST
FECHA: 2023-11-10 18:03:09.782
IP: 172.23.0.6
USUARIO AUTENTICADO: USUARIO CON ID: 16
TOKEN: NO TOKEN
ACCION: NUEVO PERFIL CREADO.

