TIPO DE LOG: INFO
METODO-HTTP: POST.
RUTA: /logs.
MODULO: ROUTES.PY
APLICACION: LOGS_API_REST
FECHA: 2023-10-03 15:39:14.861564
IP: 172.18.0.1
USUARIO AUTENTICADO: GUEST
TOKEN: NO TOKEN
ACCION: SE HA CREADO UN NUEVO LOG DESDE LA API DE LOGS

TIPO DE LOG: INFO
METODO-HTTP: POST.
RUTA: /logs.
MODULO: ROUTES.PY
APLICACION: LOGS_API_REST
FECHA: 2023-10-03 15:39:14.861564
IP: 172.18.0.1
USUARIO AUTENTICADO: GUEST
TOKEN: NO TOKEN
ACCION: SE HA CREADO UN NUEVO LOG DESDE LA API DE LOGS

TIPO DE LOG: INFO
METODO-HTTP: POST.
RUTA: /logs.
MODULO: ROUTES.PY
APLICACION: LOGS_API_REST
FECHA: 2023-10-03 15:39:14.861564
IP: 172.18.0.1
USUARIO AUTENTICADO: GUEST
TOKEN: NO TOKEN
ACCION: SE HA CREADO UN NUEVO LOG DESDE LA API DE LOGS

TIPO DE LOG: INFO
METODO-HTTP: POST.
RUTA: /logs.
MODULO: ROUTES.PY
APLICACION: LOGS_API_REST
FECHA: 2023-10-03 15:39:14.861564
IP: 172.18.0.1
USUARIO AUTENTICADO: GUEST
TOKEN: NO TOKEN
ACCION: SE HA CREADO UN NUEVO LOG DESDE LA API DE LOGS

TIPO DE LOG: INFO
METODO-HTTP: POST.
RUTA: /logs.
MODULO: ROUTES.PY
APLICACION: LOGS_API_REST
FECHA: 2023-10-03 15:39:14.861564
IP: 172.18.0.1
USUARIO AUTENTICADO: GUEST
TOKEN: NO TOKEN
ACCION: SE HA CREADO UN NUEVO LOG DESDE LA API DE LOGS

TIPO DE LOG: INFO
METODO-HTTP: POST.
RUTA: /logs.
MODULO: ROUTES.PY
APLICACION: LOGS_API_REST
FECHA: 2023-10-03 15:39:14.861564
IP: 172.18.0.1
USUARIO AUTENTICADO: GUEST
TOKEN: NO TOKEN
ACCION: SE HA CREADO UN NUEVO LOG DESDE LA API DE LOGS

