TIPO DE LOG: INFO
METODO-HTTP: GET.
RUTA: /users.
MODULO: ROUTES.PY
FECHA: 2023-10-03 15:39:14.861564
IP: 172.18.0.1
USUARIO AUTENTICADO: GUEST
TOKEN: NO TOKEN
ACCION: SE HA CONSULTADO LA LISTA DE USUARIOS.

TIPO DE LOG: INFO
METODO-HTTP: GET.
RUTA: /users.
MODULO: ROUTES.PY
FECHA: 2023-10-03 15:41:24.169109
IP: 172.18.0.1
USUARIO AUTENTICADO: GUEST
TOKEN: NO TOKEN
ACCION: SE HA CONSULTADO LA LISTA DE USUARIOS.

TIPO DE LOG: INFO
METODO-HTTP: GET.
RUTA: /users.
MODULO: ROUTES.PY
FECHA: 2023-10-03 15:41:26.660364
IP: 172.18.0.1
USUARIO AUTENTICADO: GUEST
TOKEN: NO TOKEN
ACCION: SE HA CONSULTADO LA LISTA DE USUARIOS.

